Replace Part C131 20SVPF56MX in D:\PROJETFINDEC\Darkyden_project\SCHEMATIC\DARKYDEN\12V_FROM_BATTERY.SchDoc with 20SVPF56MX from SamacSys.SchLib
Replace Part C132 C0805C105K3RACTU in D:\PROJETFINDEC\Darkyden_project\SCHEMATIC\DARKYDEN\12V_FROM_BATTERY.SchDoc with C0805C105K3RACTU from SamacSys.SchLib
Replace Part C133 GRM32ER61E226KE15L in D:\PROJETFINDEC\Darkyden_project\SCHEMATIC\DARKYDEN\12V_FROM_BATTERY.SchDoc with GRM32ER61E226KE15L from SamacSys.SchLib
Replace Part C134 35SVPF120M in D:\PROJETFINDEC\Darkyden_project\SCHEMATIC\DARKYDEN\12V_FROM_BATTERY.SchDoc with 35SVPF120M from SamacSys.SchLib
Replace Part C135 C3225X7R1H106M250AC in D:\PROJETFINDEC\Darkyden_project\SCHEMATIC\DARKYDEN\12V_FROM_BATTERY.SchDoc with C3225X7R1H106M250AC from SamacSys.SchLib
Replace Part C136 C1608X5R1H105K080AB in D:\PROJETFINDEC\Darkyden_project\SCHEMATIC\DARKYDEN\12V_FROM_BATTERY.SchDoc with C1608X5R1H105K080AB from SamacSys.SchLib
Replace Part C137 C0805C104K4RACAUTO in D:\PROJETFINDEC\Darkyden_project\SCHEMATIC\DARKYDEN\12V_FROM_BATTERY.SchDoc with C0805C104K4RACAUTO from C0805C104K4RACAUTO.SchLib
Replace Part C138 C0805C104K4RACAUTO in D:\PROJETFINDEC\Darkyden_project\SCHEMATIC\DARKYDEN\12V_FROM_BATTERY.SchDoc with C0805C104K4RACAUTO from C0805C104K4RACAUTO.SchLib
Replace Part C139 C0805C472K4RACTU in D:\PROJETFINDEC\Darkyden_project\SCHEMATIC\DARKYDEN\12V_FROM_BATTERY.SchDoc with C0805C472K4RACTU from C0805C472K4RACTU.SchLib
Replace Part C140 C0805C150K4GACTU in D:\PROJETFINDEC\Darkyden_project\SCHEMATIC\DARKYDEN\12V_FROM_BATTERY.SchDoc with C0805C150K4GACTU from C0805C150K4GACTU.SchLib
Replace Part C141 C0805C475K4RACTU in D:\PROJETFINDEC\Darkyden_project\SCHEMATIC\DARKYDEN\12V_FROM_BATTERY.SchDoc with C0805C475K4RACTU from SamacSys.SchLib
Replace Part IC14 TPS552882RPMR in D:\PROJETFINDEC\Darkyden_project\SCHEMATIC\DARKYDEN\12V_FROM_BATTERY.SchDoc with TPS552882RPMR from SamacSys.SchLib
Replace Part L17 PA4343.822ANLT in D:\PROJETFINDEC\Darkyden_project\SCHEMATIC\DARKYDEN\12V_FROM_BATTERY.SchDoc with PA4343.822ANLT from SamacSys.SchLib
Replace Part Q8 CSD18514Q5A in D:\PROJETFINDEC\Darkyden_project\SCHEMATIC\DARKYDEN\12V_FROM_BATTERY.SchDoc with CSD18514Q5A from SamacSys.SchLib
Replace Part Q9 CSD18514Q5A in D:\PROJETFINDEC\Darkyden_project\SCHEMATIC\DARKYDEN\12V_FROM_BATTERY.SchDoc with CSD18514Q5A from SamacSys.SchLib
Replace Part R144 ERJ-3EKF5493V in D:\PROJETFINDEC\Darkyden_project\SCHEMATIC\DARKYDEN\12V_FROM_BATTERY.SchDoc with ERJ-3EKF5493V from ERJ-3EKF5493V.SchLib
Replace Part R145 ERJ-3GEYJ1R0V in D:\PROJETFINDEC\Darkyden_project\SCHEMATIC\DARKYDEN\12V_FROM_BATTERY.SchDoc with ERJ-3GEYJ1R0V from SamacSys.SchLib
Replace Part R146 ERJ-3GEYJ1R0V in D:\PROJETFINDEC\Darkyden_project\SCHEMATIC\DARKYDEN\12V_FROM_BATTERY.SchDoc with ERJ-3GEYJ1R0V from SamacSys.SchLib
Replace Part R147 ERJ-3GEYJ104V in D:\PROJETFINDEC\Darkyden_project\SCHEMATIC\DARKYDEN\12V_FROM_BATTERY.SchDoc with ERJ-3GEYJ104V from SamacSys.SchLib
Replace Part R148 ERJ-3GEYJ104V in D:\PROJETFINDEC\Darkyden_project\SCHEMATIC\DARKYDEN\12V_FROM_BATTERY.SchDoc with ERJ-3GEYJ104V from SamacSys.SchLib
Replace Part R149 RT0603BRD0710K4L in D:\PROJETFINDEC\Darkyden_project\SCHEMATIC\DARKYDEN\12V_FROM_BATTERY.SchDoc with RT0603BRD0710K4L from RT0603BRD0710K4L.SchLib
Replace Part R150 CRCW040250K0FKED in D:\PROJETFINDEC\Darkyden_project\SCHEMATIC\DARKYDEN\12V_FROM_BATTERY.SchDoc with CRCW040250K0FKED from SamacSys.SchLib
Replace Part R151 CRCW040231K6FKED in D:\PROJETFINDEC\Darkyden_project\SCHEMATIC\DARKYDEN\12V_FROM_BATTERY.SchDoc with CRCW040231K6FKED from SamacSys.SchLib
Replace Part R152 CRCW040254K9FKED in D:\PROJETFINDEC\Darkyden_project\SCHEMATIC\DARKYDEN\12V_FROM_BATTERY.SchDoc with CRCW040254K9FKED from SamacSys.SchLib
Replace Part TP? 5006 in D:\PROJETFINDEC\Darkyden_project\SCHEMATIC\DARKYDEN\12V_FROM_BATTERY.SchDoc with 5006 from test_point.SchLib
