Replace Part C131 20SVPF56MX in D:\gitdoc\Darkyden_project\SCHEMATIC\DARKYDEN\12V_FROM_BATTERY.SchDoc with 20SVPF56MX from SamacSys.SchLib
Replace Part C132 Capacitor_0805 in D:\gitdoc\Darkyden_project\SCHEMATIC\DARKYDEN\12V_FROM_BATTERY.SchDoc with Capacitor_0805 from Capacitor_0805.SchLib
Replace Part C133 GRM32ER61E226KE15L in D:\gitdoc\Darkyden_project\SCHEMATIC\DARKYDEN\12V_FROM_BATTERY.SchDoc with GRM32ER61E226KE15L from SamacSys.SchLib
Replace Part C134 35SVPF120M in D:\gitdoc\Darkyden_project\SCHEMATIC\DARKYDEN\12V_FROM_BATTERY.SchDoc with 35SVPF120M from SamacSys.SchLib
Replace Part C135 C3225X7R1H106M250AC in D:\gitdoc\Darkyden_project\SCHEMATIC\DARKYDEN\12V_FROM_BATTERY.SchDoc with C3225X7R1H106M250AC from SamacSys.SchLib
Replace Part C136 C1608X5R1H105K080AB in D:\gitdoc\Darkyden_project\SCHEMATIC\DARKYDEN\12V_FROM_BATTERY.SchDoc with C1608X5R1H105K080AB from SamacSys.SchLib
Replace Part C137 Capacitor_0805 in D:\gitdoc\Darkyden_project\SCHEMATIC\DARKYDEN\12V_FROM_BATTERY.SchDoc with Capacitor_0805 from Capacitor_0805.SchLib
Replace Part C138 Capacitor_0805 in D:\gitdoc\Darkyden_project\SCHEMATIC\DARKYDEN\12V_FROM_BATTERY.SchDoc with Capacitor_0805 from Capacitor_0805.SchLib
Replace Part C139 Capacitor_0805 in D:\gitdoc\Darkyden_project\SCHEMATIC\DARKYDEN\12V_FROM_BATTERY.SchDoc with Capacitor_0805 from Capacitor_0805.SchLib
Replace Part C140 Capacitor_0805 in D:\gitdoc\Darkyden_project\SCHEMATIC\DARKYDEN\12V_FROM_BATTERY.SchDoc with Capacitor_0805 from Capacitor_0805.SchLib
Replace Part C141 Capacitor_0805 in D:\gitdoc\Darkyden_project\SCHEMATIC\DARKYDEN\12V_FROM_BATTERY.SchDoc with Capacitor_0805 from Capacitor_0805.SchLib
Replace Part IC14 TPS552882RPMR in D:\gitdoc\Darkyden_project\SCHEMATIC\DARKYDEN\12V_FROM_BATTERY.SchDoc with TPS552882RPMR from SamacSys.SchLib
Replace Part L17 PA4343.822ANLT in D:\gitdoc\Darkyden_project\SCHEMATIC\DARKYDEN\12V_FROM_BATTERY.SchDoc with PA4343.822ANLT from SamacSys.SchLib
Replace Part Q8 CSD18514Q5A in D:\gitdoc\Darkyden_project\SCHEMATIC\DARKYDEN\12V_FROM_BATTERY.SchDoc with CSD18514Q5A from SamacSys.SchLib
Replace Part Q9 CSD18514Q5A in D:\gitdoc\Darkyden_project\SCHEMATIC\DARKYDEN\12V_FROM_BATTERY.SchDoc with CSD18514Q5A from SamacSys.SchLib
Replace Part R144 RG1608P-104-B-T5 in D:\gitdoc\Darkyden_project\SCHEMATIC\DARKYDEN\12V_FROM_BATTERY.SchDoc with RG1608P-104-B-T5 from RES_SMD_0603.SchLib
Replace Part R145 RG1608P-104-B-T5 in D:\gitdoc\Darkyden_project\SCHEMATIC\DARKYDEN\12V_FROM_BATTERY.SchDoc with RG1608P-104-B-T5 from RES_SMD_0603.SchLib
Replace Part R146 RG1608P-104-B-T5 in D:\gitdoc\Darkyden_project\SCHEMATIC\DARKYDEN\12V_FROM_BATTERY.SchDoc with RG1608P-104-B-T5 from RES_SMD_0603.SchLib
Replace Part R147 RG1608P-104-B-T5 in D:\gitdoc\Darkyden_project\SCHEMATIC\DARKYDEN\12V_FROM_BATTERY.SchDoc with RG1608P-104-B-T5 from RES_SMD_0603.SchLib
Replace Part R148 RG1608P-104-B-T5 in D:\gitdoc\Darkyden_project\SCHEMATIC\DARKYDEN\12V_FROM_BATTERY.SchDoc with RG1608P-104-B-T5 from RES_SMD_0603.SchLib
Replace Part R149 RG1608P-104-B-T5 in D:\gitdoc\Darkyden_project\SCHEMATIC\DARKYDEN\12V_FROM_BATTERY.SchDoc with RG1608P-104-B-T5 from RES_SMD_0603.SchLib
Replace Part R150 CRCW040250K0FKED in D:\gitdoc\Darkyden_project\SCHEMATIC\DARKYDEN\12V_FROM_BATTERY.SchDoc with CRCW040250K0FKED from SamacSys.SchLib
Replace Part R151 CRCW040231K6FKED in D:\gitdoc\Darkyden_project\SCHEMATIC\DARKYDEN\12V_FROM_BATTERY.SchDoc with CRCW040231K6FKED from SamacSys.SchLib
Replace Part R152 CRCW040254K9FKED in D:\gitdoc\Darkyden_project\SCHEMATIC\DARKYDEN\12V_FROM_BATTERY.SchDoc with CRCW040254K9FKED from SamacSys.SchLib
