Replace Part BT1 Header 1.25MM in D:\PROJETFINDEC\Darkyden_project\SCHEMATIC\DARKYDEN\BATTERY_GESTION.SchDoc with Header 1.25MM from SamacSys.SchLib
Replace Part BT2 Header 1.25MM in D:\PROJETFINDEC\Darkyden_project\SCHEMATIC\DARKYDEN\BATTERY_GESTION.SchDoc with Header 1.25MM from SamacSys.SchLib
Replace Part BT3 Header 1.25MM in D:\PROJETFINDEC\Darkyden_project\SCHEMATIC\DARKYDEN\BATTERY_GESTION.SchDoc with Header 1.25MM from SamacSys.SchLib
Replace Part BT4 Header 1.25MM in D:\PROJETFINDEC\Darkyden_project\SCHEMATIC\DARKYDEN\BATTERY_GESTION.SchDoc with Header 1.25MM from SamacSys.SchLib
Replace Part C25 C0805C106K3PACTU in D:\PROJETFINDEC\Darkyden_project\SCHEMATIC\DARKYDEN\BATTERY_GESTION.SchDoc with C0805C106K3PACTU from C0805C106K3PACTU.SchLib
Replace Part C116 C0805C105K3RACTU in D:\PROJETFINDEC\Darkyden_project\SCHEMATIC\DARKYDEN\BATTERY_GESTION.SchDoc with C0805C105K3RACTU from SamacSys.SchLib
Replace Part C117 C0805C105K3RACTU in D:\PROJETFINDEC\Darkyden_project\SCHEMATIC\DARKYDEN\BATTERY_GESTION.SchDoc with C0805C105K3RACTU from SamacSys.SchLib
Replace Part C118 C0805C106K3PACTU in D:\PROJETFINDEC\Darkyden_project\SCHEMATIC\DARKYDEN\BATTERY_GESTION.SchDoc with C0805C106K3PACTU from C0805C106K3PACTU.SchLib
Replace Part C119 C0805C104K5RACTU in D:\PROJETFINDEC\Darkyden_project\SCHEMATIC\DARKYDEN\BATTERY_GESTION.SchDoc with C0805C104K5RACTU from SamacSys.SchLib
Replace Part C120 C0805C105K3RACTU in D:\PROJETFINDEC\Darkyden_project\SCHEMATIC\DARKYDEN\BATTERY_GESTION.SchDoc with C0805C105K3RACTU from SamacSys.SchLib
Replace Part C121 C0805C105K3RACTU in D:\PROJETFINDEC\Darkyden_project\SCHEMATIC\DARKYDEN\BATTERY_GESTION.SchDoc with C0805C105K3RACTU from SamacSys.SchLib
Replace Part C122 C0805C104K3RACTU in D:\PROJETFINDEC\Darkyden_project\SCHEMATIC\DARKYDEN\BATTERY_GESTION.SchDoc with C0805C104K3RACTU from C0805C104K3RACTU.SchLib
Replace Part C123 C0805C104K3RACTU in D:\PROJETFINDEC\Darkyden_project\SCHEMATIC\DARKYDEN\BATTERY_GESTION.SchDoc with C0805C104K3RACTU from C0805C104K3RACTU.SchLib
Replace Part C124 C0805C104K3RACTU in D:\PROJETFINDEC\Darkyden_project\SCHEMATIC\DARKYDEN\BATTERY_GESTION.SchDoc with C0805C104K3RACTU from C0805C104K3RACTU.SchLib
Replace Part C125 C0805C105K3RACTU in D:\PROJETFINDEC\Darkyden_project\SCHEMATIC\DARKYDEN\BATTERY_GESTION.SchDoc with C0805C105K3RACTU from SamacSys.SchLib
Replace Part C126 C0805C104K3RACTU in D:\PROJETFINDEC\Darkyden_project\SCHEMATIC\DARKYDEN\BATTERY_GESTION.SchDoc with C0805C104K3RACTU from C0805C104K3RACTU.SchLib
Replace Part C127 C0805C104K3RACTU in D:\PROJETFINDEC\Darkyden_project\SCHEMATIC\DARKYDEN\BATTERY_GESTION.SchDoc with C0805C104K3RACTU from C0805C104K3RACTU.SchLib
Replace Part C128 C0805C105K3RACTU in D:\PROJETFINDEC\Darkyden_project\SCHEMATIC\DARKYDEN\BATTERY_GESTION.SchDoc with C0805C105K3RACTU from SamacSys.SchLib
Replace Part C129 C0805C105K3RACTU in D:\PROJETFINDEC\Darkyden_project\SCHEMATIC\DARKYDEN\BATTERY_GESTION.SchDoc with C0805C105K3RACTU from SamacSys.SchLib
Replace Part C130 C0805C105K3RACTU in D:\PROJETFINDEC\Darkyden_project\SCHEMATIC\DARKYDEN\BATTERY_GESTION.SchDoc with C0805C105K3RACTU from SamacSys.SchLib
Replace Part D4 BAS316_RRG in D:\PROJETFINDEC\Darkyden_project\SCHEMATIC\DARKYDEN\BATTERY_GESTION.SchDoc with BAS316_RRG from SamacSys.SchLib
Replace Part D5 SMBJ26A-13-F in D:\PROJETFINDEC\Darkyden_project\SCHEMATIC\DARKYDEN\BATTERY_GESTION.SchDoc with SMBJ26A-13-F from SamacSys.SchLib
Replace Part D6 MMSZ5248B-7-F in D:\PROJETFINDEC\Darkyden_project\SCHEMATIC\DARKYDEN\BATTERY_GESTION.SchDoc with MMSZ5248B-7-F from SamacSys.SchLib
Replace Part IC12 BQ7791501PWR in D:\PROJETFINDEC\Darkyden_project\SCHEMATIC\DARKYDEN\BATTERY_GESTION.SchDoc with BQ7791501PWR from SamacSys.SchLib
Replace Part LED4 LED_Gr_SMD in D:\PROJETFINDEC\Darkyden_project\SCHEMATIC\DARKYDEN\BATTERY_GESTION.SchDoc with LED_Gr_SMD from PD_BQ_Ref_Design.SCHLIB
Replace Part LED5 LED_Gr_SMD in D:\PROJETFINDEC\Darkyden_project\SCHEMATIC\DARKYDEN\BATTERY_GESTION.SchDoc with LED_Gr_SMD from PD_BQ_Ref_Design.SCHLIB
Replace Part LED6 LED_Gr_SMD in D:\PROJETFINDEC\Darkyden_project\SCHEMATIC\DARKYDEN\BATTERY_GESTION.SchDoc with LED_Gr_SMD from PD_BQ_Ref_Design.SCHLIB
Replace Part LED7 LED_Gr_SMD in D:\PROJETFINDEC\Darkyden_project\SCHEMATIC\DARKYDEN\BATTERY_GESTION.SchDoc with LED_Gr_SMD from PD_BQ_Ref_Design.SCHLIB
Replace Part Q6 CSD18534Q5A in D:\PROJETFINDEC\Darkyden_project\SCHEMATIC\DARKYDEN\BATTERY_GESTION.SchDoc with CSD18534Q5A from SamacSys.SchLib
Replace Part Q7 CSD18534Q5A in D:\PROJETFINDEC\Darkyden_project\SCHEMATIC\DARKYDEN\BATTERY_GESTION.SchDoc with CSD18534Q5A from SamacSys.SchLib
Replace Part R120 ERJ-3GEYJ103V in D:\PROJETFINDEC\Darkyden_project\SCHEMATIC\DARKYDEN\BATTERY_GESTION.SchDoc with ERJ-3GEYJ103V from SamacSys.SchLib
Replace Part R122 ERA-3ARW512V in D:\PROJETFINDEC\Darkyden_project\SCHEMATIC\DARKYDEN\BATTERY_GESTION.SchDoc with ERA-3ARW512V from SamacSys.SchLib
Replace Part R123 ERJ-3EKF1001V in D:\PROJETFINDEC\Darkyden_project\SCHEMATIC\DARKYDEN\BATTERY_GESTION.SchDoc with ERJ-3EKF1001V from SamacSys.SchLib
Replace Part R124 ERA-3ARW512V in D:\PROJETFINDEC\Darkyden_project\SCHEMATIC\DARKYDEN\BATTERY_GESTION.SchDoc with ERA-3ARW512V from SamacSys.SchLib
Replace Part R125 ERJ-3GEYJ105V in D:\PROJETFINDEC\Darkyden_project\SCHEMATIC\DARKYDEN\BATTERY_GESTION.SchDoc with ERJ-3GEYJ105V from SamacSys.SchLib
Replace Part R126 ERJ-3EKF33R0V in D:\PROJETFINDEC\Darkyden_project\SCHEMATIC\DARKYDEN\BATTERY_GESTION.SchDoc with ERJ-3EKF33R0V from ERJ-3EKF33R0V.SchLib
Replace Part R127 ERJ-3GEYJ103V in D:\PROJETFINDEC\Darkyden_project\SCHEMATIC\DARKYDEN\BATTERY_GESTION.SchDoc with ERJ-3GEYJ103V from SamacSys.SchLib
Replace Part R128 ERJ-3GEYJ104V in D:\PROJETFINDEC\Darkyden_project\SCHEMATIC\DARKYDEN\BATTERY_GESTION.SchDoc with ERJ-3GEYJ104V from SamacSys.SchLib
Replace Part R129 ERJ-3GEYJ103V in D:\PROJETFINDEC\Darkyden_project\SCHEMATIC\DARKYDEN\BATTERY_GESTION.SchDoc with ERJ-3GEYJ103V from SamacSys.SchLib
Replace Part R130 ERJ-3EKF1001V in D:\PROJETFINDEC\Darkyden_project\SCHEMATIC\DARKYDEN\BATTERY_GESTION.SchDoc with ERJ-3EKF1001V from SamacSys.SchLib
Replace Part R131 ERJ-3EKF33R0V in D:\PROJETFINDEC\Darkyden_project\SCHEMATIC\DARKYDEN\BATTERY_GESTION.SchDoc with ERJ-3EKF33R0V from ERJ-3EKF33R0V.SchLib
Replace Part R132 ERJ-3EKF1001V in D:\PROJETFINDEC\Darkyden_project\SCHEMATIC\DARKYDEN\BATTERY_GESTION.SchDoc with ERJ-3EKF1001V from SamacSys.SchLib
Replace Part R133 ERJ-3EKF33R0V in D:\PROJETFINDEC\Darkyden_project\SCHEMATIC\DARKYDEN\BATTERY_GESTION.SchDoc with ERJ-3EKF33R0V from ERJ-3EKF33R0V.SchLib
Replace Part R134 ERJ-3EKF1001V in D:\PROJETFINDEC\Darkyden_project\SCHEMATIC\DARKYDEN\BATTERY_GESTION.SchDoc with ERJ-3EKF1001V from SamacSys.SchLib
Replace Part R135 ERJ-3EKF1000V in D:\PROJETFINDEC\Darkyden_project\SCHEMATIC\DARKYDEN\BATTERY_GESTION.SchDoc with ERJ-3EKF1000V from SamacSys.SchLib
Replace Part R136 ERJ-3EKF1000V in D:\PROJETFINDEC\Darkyden_project\SCHEMATIC\DARKYDEN\BATTERY_GESTION.SchDoc with ERJ-3EKF1000V from SamacSys.SchLib
Replace Part R137 ERJ-3EKF33R0V in D:\PROJETFINDEC\Darkyden_project\SCHEMATIC\DARKYDEN\BATTERY_GESTION.SchDoc with ERJ-3EKF33R0V from ERJ-3EKF33R0V.SchLib
Replace Part R138 Resistor 2010 in D:\PROJETFINDEC\Darkyden_project\SCHEMATIC\DARKYDEN\BATTERY_GESTION.SchDoc with Resistor 2010 from SamacSys.SchLib
Replace Part R139 ERJ-3EKF33R0V in D:\PROJETFINDEC\Darkyden_project\SCHEMATIC\DARKYDEN\BATTERY_GESTION.SchDoc with ERJ-3EKF33R0V from ERJ-3EKF33R0V.SchLib
Replace Part R140 ERJ-U03J106V in D:\PROJETFINDEC\Darkyden_project\SCHEMATIC\DARKYDEN\BATTERY_GESTION.SchDoc with ERJ-U03J106V from SamacSys.SchLib
Replace Part R141 ERJ-3GEYJ305V in D:\PROJETFINDEC\Darkyden_project\SCHEMATIC\DARKYDEN\BATTERY_GESTION.SchDoc with ERJ-3GEYJ305V from SamacSys.SchLib
Replace Part R142 ERJ-3EKF4703V in D:\PROJETFINDEC\Darkyden_project\SCHEMATIC\DARKYDEN\BATTERY_GESTION.SchDoc with ERJ-3EKF4703V from SamacSys.SchLib
Replace Part R143 ERJ-3EKF1001V in D:\PROJETFINDEC\Darkyden_project\SCHEMATIC\DARKYDEN\BATTERY_GESTION.SchDoc with ERJ-3EKF1001V from SamacSys.SchLib
Replace Part RT1 103AT-2 in D:\PROJETFINDEC\Darkyden_project\SCHEMATIC\DARKYDEN\BATTERY_GESTION.SchDoc with 103AT-2 from SamacSys.SchLib
Replace Part TP3 5006 in D:\PROJETFINDEC\Darkyden_project\SCHEMATIC\DARKYDEN\BATTERY_GESTION.SchDoc with 5006 from test_point.SchLib
