Replace Part C37 C0805C105K8RACTU in D:\gitdoc\Darkyden_project\SCHEMATIC\DARKYDEN\HDMI.SchDoc with C0805C105K8RACTU from C0805C105K8RACTU.SchLib
Replace Part C38 C0805C104J8RACTU in D:\gitdoc\Darkyden_project\SCHEMATIC\DARKYDEN\HDMI.SchDoc with C0805C104J8RACTU from C0805C104J8RACTU.SchLib
Replace Part C39 C0805C104J8RACTU in D:\gitdoc\Darkyden_project\SCHEMATIC\DARKYDEN\HDMI.SchDoc with C0805C104J8RACTU from C0805C104J8RACTU.SchLib
Replace Part C40 C0805C104J8RACTU in D:\gitdoc\Darkyden_project\SCHEMATIC\DARKYDEN\HDMI.SchDoc with C0805C104J8RACTU from C0805C104J8RACTU.SchLib
Replace Part D1 Schottky in D:\gitdoc\Darkyden_project\SCHEMATIC\DARKYDEN\HDMI.SchDoc with Schottky from SamacSys.SchLib
Replace Part D2 Schottky in D:\gitdoc\Darkyden_project\SCHEMATIC\DARKYDEN\HDMI.SchDoc with Schottky from SamacSys.SchLib
Replace Part IC1 TMUX1511PWR in D:\gitdoc\Darkyden_project\SCHEMATIC\DARKYDEN\HDMI.SchDoc with TMUX1511PWR from SamacSys.SchLib
Replace Part IC2 TMUX1511PWR in D:\gitdoc\Darkyden_project\SCHEMATIC\DARKYDEN\HDMI.SchDoc with TMUX1511PWR from SamacSys.SchLib
Replace Part IC3 AP2331TDSA-7 in D:\gitdoc\Darkyden_project\SCHEMATIC\DARKYDEN\HDMI.SchDoc with AP2331TDSA-7 from SamacSys.SchLib
Replace Part L7 ACM2012-900-2P-T002 in D:\gitdoc\Darkyden_project\SCHEMATIC\DARKYDEN\HDMI.SchDoc with ACM2012-900-2P-T002 from SamacSys.SchLib
Replace Part L8 ACM2012-900-2P-T002 in D:\gitdoc\Darkyden_project\SCHEMATIC\DARKYDEN\HDMI.SchDoc with ACM2012-900-2P-T002 from SamacSys.SchLib
Replace Part L9 ACM2012-900-2P-T002 in D:\gitdoc\Darkyden_project\SCHEMATIC\DARKYDEN\HDMI.SchDoc with ACM2012-900-2P-T002 from SamacSys.SchLib
Replace Part L10 ACM2012-900-2P-T002 in D:\gitdoc\Darkyden_project\SCHEMATIC\DARKYDEN\HDMI.SchDoc with ACM2012-900-2P-T002 from SamacSys.SchLib
Replace Part Q1 2SK3018-TP in D:\gitdoc\Darkyden_project\SCHEMATIC\DARKYDEN\HDMI.SchDoc with 2SK3018-TP from SamacSys.SchLib
Replace Part Q3 2SK3018-TP in D:\gitdoc\Darkyden_project\SCHEMATIC\DARKYDEN\HDMI.SchDoc with 2SK3018-TP from SamacSys.SchLib
Replace Part Q4 2SK3018-TP in D:\gitdoc\Darkyden_project\SCHEMATIC\DARKYDEN\HDMI.SchDoc with 2SK3018-TP from SamacSys.SchLib
Replace Part Q5 2SK3018-TP in D:\gitdoc\Darkyden_project\SCHEMATIC\DARKYDEN\HDMI.SchDoc with 2SK3018-TP from SamacSys.SchLib
Replace Part R51 ERJ-3GEYJ103V in D:\gitdoc\Darkyden_project\SCHEMATIC\DARKYDEN\HDMI.SchDoc with ERJ-3GEYJ103V from SamacSys.SchLib
Replace Part R52 ERJ-3GEYJ103V in D:\gitdoc\Darkyden_project\SCHEMATIC\DARKYDEN\HDMI.SchDoc with ERJ-3GEYJ103V from SamacSys.SchLib
Replace Part R53 ERJ-3GEYJ473V in D:\gitdoc\Darkyden_project\SCHEMATIC\DARKYDEN\HDMI.SchDoc with ERJ-3GEYJ473V from ERJ-3GEYJ473V.SchLib
Replace Part R54 ERJ-3GEYJ182V in D:\gitdoc\Darkyden_project\SCHEMATIC\DARKYDEN\HDMI.SchDoc with ERJ-3GEYJ182V from ERJ-3GEYJ182V.SchLib
Replace Part R55 ERJ-3GEYJ103V in D:\gitdoc\Darkyden_project\SCHEMATIC\DARKYDEN\HDMI.SchDoc with ERJ-3GEYJ103V from SamacSys.SchLib
Replace Part R56 ERJ-3GEYJ182V in D:\gitdoc\Darkyden_project\SCHEMATIC\DARKYDEN\HDMI.SchDoc with ERJ-3GEYJ182V from ERJ-3GEYJ182V.SchLib
Replace Part R57 ERJ-3GEYJ103V in D:\gitdoc\Darkyden_project\SCHEMATIC\DARKYDEN\HDMI.SchDoc with ERJ-3GEYJ103V from SamacSys.SchLib
Replace Part R58 ERJ-3EKF1001V in D:\gitdoc\Darkyden_project\SCHEMATIC\DARKYDEN\HDMI.SchDoc with ERJ-3EKF1001V from SamacSys.SchLib
Replace Part R59 ERJ-3GEYJ182V in D:\gitdoc\Darkyden_project\SCHEMATIC\DARKYDEN\HDMI.SchDoc with ERJ-3GEYJ182V from ERJ-3GEYJ182V.SchLib
Replace Part R60 ERJ-3EKF2702V in D:\gitdoc\Darkyden_project\SCHEMATIC\DARKYDEN\HDMI.SchDoc with ERJ-3EKF2702V from ERJ-3EKF2702V.SchLib
Replace Part R61 ERJ-3EKF2702V in D:\gitdoc\Darkyden_project\SCHEMATIC\DARKYDEN\HDMI.SchDoc with ERJ-3EKF2702V from ERJ-3EKF2702V.SchLib
Replace Part R62 ERJ-3EKF4990V in D:\gitdoc\Darkyden_project\SCHEMATIC\DARKYDEN\HDMI.SchDoc with ERJ-3EKF4990V from ERJ-3EKF4990V.SchLib
Replace Part R63 ERJ-3EKF4990V in D:\gitdoc\Darkyden_project\SCHEMATIC\DARKYDEN\HDMI.SchDoc with ERJ-3EKF4990V from ERJ-3EKF4990V.SchLib
Replace Part R64 ERJ-3EKF4990V in D:\gitdoc\Darkyden_project\SCHEMATIC\DARKYDEN\HDMI.SchDoc with ERJ-3EKF4990V from ERJ-3EKF4990V.SchLib
Replace Part R65 ERJ-3EKF4990V in D:\gitdoc\Darkyden_project\SCHEMATIC\DARKYDEN\HDMI.SchDoc with ERJ-3EKF4990V from ERJ-3EKF4990V.SchLib
Replace Part R66 ERJ-3EKF4990V in D:\gitdoc\Darkyden_project\SCHEMATIC\DARKYDEN\HDMI.SchDoc with ERJ-3EKF4990V from ERJ-3EKF4990V.SchLib
Replace Part R67 ERJ-3EKF4990V in D:\gitdoc\Darkyden_project\SCHEMATIC\DARKYDEN\HDMI.SchDoc with ERJ-3EKF4990V from ERJ-3EKF4990V.SchLib
Replace Part R68 ERJ-3EKF4990V in D:\gitdoc\Darkyden_project\SCHEMATIC\DARKYDEN\HDMI.SchDoc with ERJ-3EKF4990V from ERJ-3EKF4990V.SchLib
Replace Part R69 ERJ-3EKF4990V in D:\gitdoc\Darkyden_project\SCHEMATIC\DARKYDEN\HDMI.SchDoc with ERJ-3EKF4990V from ERJ-3EKF4990V.SchLib
Replace Part U20 TPD4E02B04DQAR in D:\gitdoc\Darkyden_project\SCHEMATIC\DARKYDEN\HDMI.SchDoc with TPD4E02B04DQAR from TPD4E02B04DQAR.SchLib
Replace Part U21 TPD4E02B04DQAR in D:\gitdoc\Darkyden_project\SCHEMATIC\DARKYDEN\HDMI.SchDoc with TPD4E02B04DQAR from TPD4E02B04DQAR.SchLib
Replace Part U22 TPD4E02B04DQAR in D:\gitdoc\Darkyden_project\SCHEMATIC\DARKYDEN\HDMI.SchDoc with TPD4E02B04DQAR from TPD4E02B04DQAR.SchLib
Replace Part U23 TPD4E02B04DQAR in D:\gitdoc\Darkyden_project\SCHEMATIC\DARKYDEN\HDMI.SchDoc with TPD4E02B04DQAR from TPD4E02B04DQAR.SchLib
