Change Component Footprint: Designator=R122 Old Footprint=ERA3AEB101V New Footprint=RESC1608X55N
Change Component Footprint: Designator=R124 Old Footprint=ERA3AEB101V New Footprint=RESC1608X55N
Change Component Footprint: Designator=R1 Old Footprint=ERJ3EKF1000V New Footprint=RESC1608X55N
Change Component Footprint: Designator=R2 Old Footprint=ERJ3EKF1000V New Footprint=RESC1608X55N
Change Component Footprint: Designator=R3 Old Footprint=ERJ3EKF1000V New Footprint=RESC1608X55N
Change Component Footprint: Designator=R4 Old Footprint=ERJ3EKF1000V New Footprint=RESC1608X55N
Change Component Footprint: Designator=R5 Old Footprint=ERJ3EKF1000V New Footprint=RESC1608X55N
Change Component Footprint: Designator=R6 Old Footprint=ERJ3EKF1000V New Footprint=RESC1608X55N
Change Component Footprint: Designator=R7 Old Footprint=ERJ3EKF1000V New Footprint=RESC1608X55N
Change Component Footprint: Designator=R8 Old Footprint=ERJ3EKF1000V New Footprint=RESC1608X55N
Change Component Footprint: Designator=R9 Old Footprint=ERJ3EKF1000V New Footprint=RESC1608X55N
Change Component Footprint: Designator=R10 Old Footprint=ERJ3EKF1000V New Footprint=RESC1608X55N
Change Component Footprint: Designator=R11 Old Footprint=ERJ3EKF1000V New Footprint=RESC1608X55N
Change Component Footprint: Designator=R12 Old Footprint=ERJ3EKF1000V New Footprint=RESC1608X55N
Change Component Footprint: Designator=R13 Old Footprint=ERJ3EKF1000V New Footprint=RESC1608X55N
Change Component Footprint: Designator=R19 Old Footprint=ERJ3EKF1000V New Footprint=RESC1608X55N
Change Component Footprint: Designator=R20 Old Footprint=ERJ3EKF1000V New Footprint=RESC1608X55N
Change Component Footprint: Designator=R21 Old Footprint=ERJ3EKF1000V New Footprint=RESC1608X55N
Change Component Footprint: Designator=R22 Old Footprint=ERJ3EKF1000V New Footprint=RESC1608X55N
Change Component Footprint: Designator=R23 Old Footprint=ERJ3EKF1000V New Footprint=RESC1608X55N
Change Component Footprint: Designator=R26 Old Footprint=ERJ3EKF1000V New Footprint=RESC1608X55N
Change Component Footprint: Designator=R27 Old Footprint=ERJ3EKF1000V New Footprint=RESC1608X55N
Change Component Footprint: Designator=R41 Old Footprint=ERJ3EKF1000V New Footprint=RESC1608X55N
Change Component Footprint: Designator=R42 Old Footprint=ERJ3EKF1000V New Footprint=RESC1608X55N
Change Component Footprint: Designator=R43 Old Footprint=ERJ3EKF1000V New Footprint=RESC1608X55N
Change Component Footprint: Designator=R51 Old Footprint=ERJ3EKF1000V New Footprint=RESC1608X55N
Change Component Footprint: Designator=R52 Old Footprint=ERJ3EKF1000V New Footprint=RESC1608X55N
Change Component Footprint: Designator=R55 Old Footprint=ERJ3EKF1000V New Footprint=RESC1608X55N
Change Component Footprint: Designator=R57 Old Footprint=ERJ3EKF1000V New Footprint=RESC1608X55N
Change Component Footprint: Designator=R74 Old Footprint=ERJ3EKF1000V New Footprint=RESC1608X55N
Change Component Footprint: Designator=R75 Old Footprint=ERJ3EKF1000V New Footprint=RESC1608X55N
Change Component Footprint: Designator=R76 Old Footprint=ERJ3EKF1000V New Footprint=RESC1608X55N
Change Component Footprint: Designator=R77 Old Footprint=ERJ3EKF1000V New Footprint=RESC1608X55N
Change Component Footprint: Designator=R79 Old Footprint=ERJ3EKF1000V New Footprint=RESC1608X55N
Change Component Footprint: Designator=R80 Old Footprint=ERJ3EKF1000V New Footprint=RESC1608X55N
Change Component Footprint: Designator=R81 Old Footprint=ERJ3EKF1000V New Footprint=RESC1608X55N
Change Component Footprint: Designator=R83 Old Footprint=ERJ3EKF1000V New Footprint=RESC1608X55N
Change Component Footprint: Designator=R84 Old Footprint=ERJ3EKF1000V New Footprint=RESC1608X55N
Change Component Footprint: Designator=R85 Old Footprint=ERJ3EKF1000V New Footprint=RESC1608X55N
Change Component Footprint: Designator=R86 Old Footprint=ERJ3EKF1000V New Footprint=RESC1608X55N
Change Component Footprint: Designator=R87 Old Footprint=ERJ3EKF1000V New Footprint=RESC1608X55N
Change Component Footprint: Designator=R88 Old Footprint=ERJ3EKF1000V New Footprint=RESC1608X55N
Change Component Footprint: Designator=R89 Old Footprint=ERJ3EKF1000V New Footprint=RESC1608X55N
Change Component Footprint: Designator=R90 Old Footprint=ERJ3EKF1000V New Footprint=RESC1608X55N
Change Component Footprint: Designator=R91 Old Footprint=ERJ3EKF1000V New Footprint=RESC1608X55N
Change Component Footprint: Designator=R93 Old Footprint=ERJ3EKF1000V New Footprint=RESC1608X55N
Change Component Footprint: Designator=R94 Old Footprint=ERJ3EKF1000V New Footprint=RESC1608X55N
Change Component Footprint: Designator=R95 Old Footprint=ERJ3EKF1000V New Footprint=RESC1608X55N
Change Component Footprint: Designator=R96 Old Footprint=ERJ3EKF1000V New Footprint=RESC1608X55N
Change Component Footprint: Designator=R97 Old Footprint=ERJ3EKF1000V New Footprint=RESC1608X55N
Change Component Footprint: Designator=R98 Old Footprint=ERJ3EKF1000V New Footprint=RESC1608X55N
Change Component Footprint: Designator=R99 Old Footprint=ERJ3EKF1000V New Footprint=RESC1608X55N
Change Component Footprint: Designator=R100 Old Footprint=ERJ3EKF1000V New Footprint=RESC1608X55N
Change Component Footprint: Designator=R101 Old Footprint=ERJ3EKF1000V New Footprint=RESC1608X55N
Change Component Footprint: Designator=R102 Old Footprint=ERJ3EKF1000V New Footprint=RESC1608X55N
Change Component Footprint: Designator=R104 Old Footprint=ERJ3EKF1000V New Footprint=RESC1608X55N
Change Component Footprint: Designator=R105 Old Footprint=ERJ3EKF1000V New Footprint=RESC1608X55N
Change Component Footprint: Designator=R106 Old Footprint=ERJ3EKF1000V New Footprint=RESC1608X55N
Change Component Footprint: Designator=R108 Old Footprint=ERJ3EKF1000V New Footprint=RESC1608X55N
Change Component Footprint: Designator=R109 Old Footprint=ERJ3EKF1000V New Footprint=RESC1608X55N
Change Component Footprint: Designator=R110 Old Footprint=ERJ3EKF1000V New Footprint=RESC1608X55N
Change Component Footprint: Designator=R114 Old Footprint=ERJ3EKF1000V New Footprint=RESC1608X55N
Change Component Footprint: Designator=R115 Old Footprint=ERJ3EKF1000V New Footprint=RESC1608X55N
Change Component Footprint: Designator=R117 Old Footprint=ERJ3EKF1000V New Footprint=RESC1608X55N
Change Component Footprint: Designator=R120 Old Footprint=ERJ3EKF1000V New Footprint=RESC1608X55N
Change Component Footprint: Designator=R125 Old Footprint=ERJ3EKF1000V New Footprint=RESC1608X55N
Change Component Footprint: Designator=R127 Old Footprint=ERJ3EKF1000V New Footprint=RESC1608X55N
Change Component Footprint: Designator=R128 Old Footprint=ERJ3EKF1000V New Footprint=RESC1608X55N
Change Component Footprint: Designator=R129 Old Footprint=ERJ3EKF1000V New Footprint=RESC1608X55N
Change Component Footprint: Designator=R141 Old Footprint=ERJ3EKF1000V New Footprint=RESC1608X55N
Change Component Footprint: Designator=R145 Old Footprint=ERJ3EKF1000V New Footprint=RESC1608X55N
Change Component Footprint: Designator=R146 Old Footprint=ERJ3EKF1000V New Footprint=RESC1608X55N
Change Component Footprint: Designator=R147 Old Footprint=ERJ3EKF1000V New Footprint=RESC1608X55N
Change Component Footprint: Designator=R148 Old Footprint=ERJ3EKF1000V New Footprint=RESC1608X55N
Change Component Footprint: Designator=R160 Old Footprint=ERJ3EKF1000V New Footprint=RESC1608X55N
Change Component Footprint: Designator=R162 Old Footprint=ERJ3EKF1000V New Footprint=RESC1608X55N
Change Component Footprint: Designator=R163 Old Footprint=ERJ3EKF1000V New Footprint=RESC1608X55N
Change Component Footprint: Designator=R164 Old Footprint=ERJ3EKF1000V New Footprint=RESC1608X55N
Change Component Footprint: Designator=R166 Old Footprint=ERJ3EKF1000V New Footprint=RESC1608X55N
Change Component Footprint: Designator=R167 Old Footprint=ERJ3EKF1000V New Footprint=RESC1608X55N
Change Component Footprint: Designator=R169 Old Footprint=ERJ3EKF1000V New Footprint=RESC1608X55N
Change Component Footprint: Designator=R170 Old Footprint=ERJ3EKF1000V New Footprint=RESC1608X55N
Change Component Footprint: Designator=R171 Old Footprint=ERJ3EKF1000V New Footprint=RESC1608X55N
Change Component Footprint: Designator=R172 Old Footprint=ERJ3EKF1000V New Footprint=RESC1608X55N
Change Component Footprint: Designator=R140 Old Footprint=ERJS03J155V New Footprint=RESC1608X55N
Change Component Footprint: Designator=R14 Old Footprint=RC0603N_PAN New Footprint=RESC1608X55N
Change Component Footprint: Designator=R15 Old Footprint=RC0603N_PAN New Footprint=RESC1608X55N
Change Component Footprint: Designator=R16 Old Footprint=RC0603N_PAN New Footprint=RESC1608X55N
Change Component Footprint: Designator=R17 Old Footprint=RC0603N_PAN New Footprint=RESC1608X55N
Change Component Footprint: Designator=R18 Old Footprint=RC0603N_PAN New Footprint=RESC1608X55N
Change Component Footprint: Designator=R24 Old Footprint=RC0603N_PAN New Footprint=RESC1608X55N
Change Component Footprint: Designator=R28 Old Footprint=RC0603N_PAN New Footprint=RESC1608X55N
Change Component Footprint: Designator=R29 Old Footprint=RC0603N_PAN New Footprint=RESC1608X55N
Change Component Footprint: Designator=R30 Old Footprint=RC0603N_PAN New Footprint=RESC1608X55N
Change Component Footprint: Designator=R31 Old Footprint=RC0603N_PAN New Footprint=RESC1608X55N
Change Component Footprint: Designator=R32 Old Footprint=RC0603N_PAN New Footprint=RESC1608X55N
Change Component Footprint: Designator=R33 Old Footprint=RC0603N_PAN New Footprint=RESC1608X55N
Change Component Footprint: Designator=R34 Old Footprint=RC0603N_PAN New Footprint=RESC1608X55N
Change Component Footprint: Designator=R35 Old Footprint=RC0603N_PAN New Footprint=RESC1608X55N
Change Component Footprint: Designator=R36 Old Footprint=RC0603N_PAN New Footprint=RESC1608X55N
Change Component Footprint: Designator=R37 Old Footprint=RC0603N_PAN New Footprint=RESC1608X55N
Change Component Footprint: Designator=R38 Old Footprint=RC0603N_PAN New Footprint=RESC1608X55N
Change Component Footprint: Designator=R39 Old Footprint=RC0603N_PAN New Footprint=RESC1608X55N
Change Component Footprint: Designator=R40 Old Footprint=RC0603N_PAN New Footprint=RESC1608X55N
Change Component Footprint: Designator=R44 Old Footprint=RC0603N_PAN New Footprint=RESC1608X55N
Change Component Footprint: Designator=R45 Old Footprint=RC0603N_PAN New Footprint=RESC1608X55N
Change Component Footprint: Designator=R46 Old Footprint=RC0603N_PAN New Footprint=RESC1608X55N
Change Component Footprint: Designator=R47 Old Footprint=RC0603N_PAN New Footprint=RESC1608X55N
Change Component Footprint: Designator=R48 Old Footprint=RC0603N_PAN New Footprint=RESC1608X55N
Change Component Footprint: Designator=R49 Old Footprint=RC0603N_PAN New Footprint=RESC1608X55N
Change Component Footprint: Designator=R50 Old Footprint=RC0603N_PAN New Footprint=RESC1608X55N
Change Component Footprint: Designator=R53 Old Footprint=RC0603N_PAN New Footprint=RESC1608X55N
Change Component Footprint: Designator=R54 Old Footprint=RC0603N_PAN New Footprint=RESC1608X55N
Change Component Footprint: Designator=R56 Old Footprint=RC0603N_PAN New Footprint=RESC1608X55N
Change Component Footprint: Designator=R59 Old Footprint=RC0603N_PAN New Footprint=RESC1608X55N
Change Component Footprint: Designator=R60 Old Footprint=RC0603N_PAN New Footprint=RESC1608X55N
Change Component Footprint: Designator=R61 Old Footprint=RC0603N_PAN New Footprint=RESC1608X55N
Change Component Footprint: Designator=R62 Old Footprint=RC0603N_PAN New Footprint=RESC1608X55N
Change Component Footprint: Designator=R63 Old Footprint=RC0603N_PAN New Footprint=RESC1608X55N
Change Component Footprint: Designator=R64 Old Footprint=RC0603N_PAN New Footprint=RESC1608X55N
Change Component Footprint: Designator=R65 Old Footprint=RC0603N_PAN New Footprint=RESC1608X55N
Change Component Footprint: Designator=R66 Old Footprint=RC0603N_PAN New Footprint=RESC1608X55N
Change Component Footprint: Designator=R67 Old Footprint=RC0603N_PAN New Footprint=RESC1608X55N
Change Component Footprint: Designator=R68 Old Footprint=RC0603N_PAN New Footprint=RESC1608X55N
Change Component Footprint: Designator=R69 Old Footprint=RC0603N_PAN New Footprint=RESC1608X55N
Change Component Footprint: Designator=R78 Old Footprint=RC0603N_PAN New Footprint=RESC1608X55N
Change Component Footprint: Designator=R92 Old Footprint=RC0603N_PAN New Footprint=RESC1608X55N
Change Component Footprint: Designator=R103 Old Footprint=RC0603N_PAN New Footprint=RESC1608X55N
Change Component Footprint: Designator=R107 Old Footprint=RC0603N_PAN New Footprint=RESC1608X55N
Change Component Footprint: Designator=R126 Old Footprint=RC0603N_PAN New Footprint=RESC1608X55N
Change Component Footprint: Designator=R131 Old Footprint=RC0603N_PAN New Footprint=RESC1608X55N
Change Component Footprint: Designator=R133 Old Footprint=RC0603N_PAN New Footprint=RESC1608X55N
Change Component Footprint: Designator=R137 Old Footprint=RC0603N_PAN New Footprint=RESC1608X55N
Change Component Footprint: Designator=R139 Old Footprint=RC0603N_PAN New Footprint=RESC1608X55N
Change Component Footprint: Designator=R144 Old Footprint=RC0603N_PAN New Footprint=RESC1608X55N
Change Component Footprint: Designator=R153 Old Footprint=RC0603N_PAN New Footprint=RESC1608X55N
Change Component Footprint: Designator=R155 Old Footprint=RC0603N_PAN New Footprint=RESC1608X55N
Change Component Footprint: Designator=R157 Old Footprint=RC0603N_PAN New Footprint=RESC1608X55N
Change Component Footprint: Designator=R158 Old Footprint=RC0603N_PAN New Footprint=RESC1608X55N
Change Component Description : Designator=R145 Old Description=1 Ohm 5% 1/10W  Res Thick Film 0603 -100ppm/Å? t| New Description=1 Ohm 5% 1/10W  Res Thick Film 0603 -100ppm/Å? to |
Change Component Description : Designator=R146 Old Description=1 Ohm 5% 1/10W  Res Thick Film 0603 -100ppm/Å? t| New Description=1 Ohm 5% 1/10W  Res Thick Film 0603 -100ppm/Å? to |
Change Component Description : Designator=R141 Old Description=3M Ohm 5% 1/10W Res Thick Film 0603 -400ppm/Å? t| New Description=3M Ohm 5% 1/10W Res Thick Film 0603 -400ppm/Å? to |
Change Component Description : Designator=R18 Old Description=Resistor Thick Film 0603 47K Ohm 5% 1/10W 200ppm/C Molded SMD Punched Carrier T/R New Description=47K Ohm 5% 1/10W 0603 200ppm/C Molded SMD Punched Carrier T/R
Change Component Description : Designator=R53 Old Description=Resistor Thick Film 0603 47K Ohm 5% 1/10W 200ppm/C Molded SMD Punched Carrier T/R New Description=47K Ohm 5% 1/10W 0603 200ppm/C Molded SMD Punched Carrier T/R
Change Component Description : Designator=R60 Old Description=Res Thick Film 0603 27K Ohm 1% 1/10W ±100ppm/∞C Molded SMD Punched Carrier T/R New Description=27K Ohm 1% 1/10W 0603 ±100ppm/∞C Molded SMD Punched Carrier T/R
Change Component Description : Designator=R61 Old Description=Res Thick Film 0603 27K Ohm 1% 1/10W ±100ppm/∞C Molded SMD Punched Carrier T/R New Description=27K Ohm 1% 1/10W 0603 ±100ppm/∞C Molded SMD Punched Carrier T/R
Change Component Description : Designator=R92 Old Description=Res Thick Film 0603 27K Ohm 1% 1/10W ±100ppm/∞C Molded SMD Punched Carrier T/R New Description=27K Ohm 1% 1/10W 0603 ±100ppm/∞C Molded SMD Punched Carrier T/R
Change Component Description : Designator=R28 Old Description=Res Thick Film 0603 33 Ohm 1% 0.1W ±100ppm/∞C Molded SMD Punched Carrier T/R New Description=33 Ohm 1% 0.1W 0603 ±100ppm/∞C Molded SMD Punched Carrier T/R
Change Component Description : Designator=R29 Old Description=Res Thick Film 0603 33 Ohm 1% 0.1W ±100ppm/∞C Molded SMD Punched Carrier T/R New Description=33 Ohm 1% 0.1W 0603 ±100ppm/∞C Molded SMD Punched Carrier T/R
Change Component Description : Designator=R32 Old Description=Res Thick Film 0603 33 Ohm 1% 0.1W ±100ppm/∞C Molded SMD Punched Carrier T/R New Description=33 Ohm 1% 0.1W 0603 ±100ppm/∞C Molded SMD Punched Carrier T/R
Change Component Description : Designator=R33 Old Description=Res Thick Film 0603 33 Ohm 1% 0.1W ±100ppm/∞C Molded SMD Punched Carrier T/R New Description=33 Ohm 1% 0.1W 0603 ±100ppm/∞C Molded SMD Punched Carrier T/R
Change Component Description : Designator=R34 Old Description=Res Thick Film 0603 33 Ohm 1% 0.1W ±100ppm/∞C Molded SMD Punched Carrier T/R New Description=33 Ohm 1% 0.1W 0603 ±100ppm/∞C Molded SMD Punched Carrier T/R
Change Component Description : Designator=R35 Old Description=Res Thick Film 0603 33 Ohm 1% 0.1W ±100ppm/∞C Molded SMD Punched Carrier T/R New Description=33 Ohm 1% 0.1W 0603 ±100ppm/∞C Molded SMD Punched Carrier T/R
Change Component Description : Designator=R44 Old Description=Res Thick Film 0603 33 Ohm 1% 0.1W ±100ppm/∞C Molded SMD Punched Carrier T/R New Description=33 Ohm 1% 0.1W 0603 ±100ppm/∞C Molded SMD Punched Carrier T/R
Change Component Description : Designator=R45 Old Description=Res Thick Film 0603 33 Ohm 1% 0.1W ±100ppm/∞C Molded SMD Punched Carrier T/R New Description=33 Ohm 1% 0.1W 0603 ±100ppm/∞C Molded SMD Punched Carrier T/R
Change Component Description : Designator=R46 Old Description=Res Thick Film 0603 33 Ohm 1% 0.1W ±100ppm/∞C Molded SMD Punched Carrier T/R New Description=33 Ohm 1% 0.1W 0603 ±100ppm/∞C Molded SMD Punched Carrier T/R
Change Component Description : Designator=R47 Old Description=Res Thick Film 0603 33 Ohm 1% 0.1W ±100ppm/∞C Molded SMD Punched Carrier T/R New Description=33 Ohm 1% 0.1W 0603 ±100ppm/∞C Molded SMD Punched Carrier T/R
Change Component Description : Designator=R48 Old Description=Res Thick Film 0603 33 Ohm 1% 0.1W ±100ppm/∞C Molded SMD Punched Carrier T/R New Description=33 Ohm 1% 0.1W 0603 ±100ppm/∞C Molded SMD Punched Carrier T/R
Change Component Description : Designator=R49 Old Description=Res Thick Film 0603 33 Ohm 1% 0.1W ±100ppm/∞C Molded SMD Punched Carrier T/R New Description=33 Ohm 1% 0.1W 0603 ±100ppm/∞C Molded SMD Punched Carrier T/R
Change Component Description : Designator=R50 Old Description=Res Thick Film 0603 33 Ohm 1% 0.1W ±100ppm/∞C Molded SMD Punched Carrier T/R New Description=33 Ohm 1% 0.1W 0603 ±100ppm/∞C Molded SMD Punched Carrier T/R
Change Component Description : Designator=R78 Old Description=Res Thick Film 0603 33 Ohm 1% 0.1W ±100ppm/∞C Molded SMD Punched Carrier T/R New Description=33 Ohm 1% 0.1W 0603 ±100ppm/∞C Molded SMD Punched Carrier T/R
Change Component Description : Designator=R126 Old Description=Res Thick Film 0603 33 Ohm 1% 0.1W ±100ppm/∞C Molded SMD Punched Carrier T/R New Description=33 Ohm 1% 0.1W 0603 ±100ppm/∞C Molded SMD Punched Carrier T/R
Change Component Description : Designator=R131 Old Description=Res Thick Film 0603 33 Ohm 1% 0.1W ±100ppm/∞C Molded SMD Punched Carrier T/R New Description=33 Ohm 1% 0.1W 0603 ±100ppm/∞C Molded SMD Punched Carrier T/R
Change Component Description : Designator=R133 Old Description=Res Thick Film 0603 33 Ohm 1% 0.1W ±100ppm/∞C Molded SMD Punched Carrier T/R New Description=33 Ohm 1% 0.1W 0603 ±100ppm/∞C Molded SMD Punched Carrier T/R
Change Component Description : Designator=R137 Old Description=Res Thick Film 0603 33 Ohm 1% 0.1W ±100ppm/∞C Molded SMD Punched Carrier T/R New Description=33 Ohm 1% 0.1W 0603 ±100ppm/∞C Molded SMD Punched Carrier T/R
Change Component Description : Designator=R139 Old Description=Res Thick Film 0603 33 Ohm 1% 0.1W ±100ppm/∞C Molded SMD Punched Carrier T/R New Description=33 Ohm 1% 0.1W 0603 ±100ppm/∞C Molded SMD Punched Carrier T/R
Change Component Description : Designator=R36 Old Description=Res Thick Film 0603 470 Ohm 5% 1/10W +/-200ppm/ﬂC Molded SMD Punched Carrier T/R New Description=470 Ohm 5% 1/10W 0603 +/-200ppm/ﬂC Molded SMD Punched Carrier T/R
Change Component Description : Designator=R24 Old Description=Res Thin Film 0603 4.7K Ohm 0.1% 0.1W ±25ppm/∞C Molded SMD Punched Carrier T/R New Description=4.7K Ohm 0.1% 0.1W 0603 ±25ppm/∞C Molded SMD Punched Carrier T/R
Change Component Description : Designator=R103 Old Description=Res Thin Film 0603 4.7K Ohm 0.1% 0.1W ±25ppm/∞C Molded SMD Punched Carrier T/R New Description=4.7K Ohm 0.1% 0.1W 0603 ±25ppm/∞C Molded SMD Punched Carrier T/R
Change Component Description : Designator=R107 Old Description=Res Thin Film 0603 4.7K Ohm 0.1% 0.1W ±25ppm/∞C Molded SMD Punched Carrier T/R New Description=4.7K Ohm 0.1% 0.1W 0603 ±25ppm/∞C Molded SMD Punched Carrier T/R
Change Component Description : Designator=R54 Old Description=SMD Chip Resistor, 1.8 kOhm, ± 5%, 100 mW, 0603 [1608 Metric], Thick Film, General Purpose New Description=1.8 kOhm, ± 5%, 100 mW, 0603 [1608 Metric], Thick Film, General Purpose
Change Component Description : Designator=R56 Old Description=SMD Chip Resistor, 1.8 kOhm, ± 5%, 100 mW, 0603 [1608 Metric], Thick Film, General Purpose New Description=1.8 kOhm, ± 5%, 100 mW, 0603 [1608 Metric], Thick Film, General Purpose
Change Component Description : Designator=R59 Old Description=SMD Chip Resistor, 1.8 kOhm, ± 5%, 100 mW, 0603 [1608 Metric], Thick Film, General Purpose New Description=1.8 kOhm, ± 5%, 100 mW, 0603 [1608 Metric], Thick Film, General Purpose
Change Component Description : Designator=R62 Old Description=SMD Chip Resistor, 499 Ohm, ÔøΩ 1%, 100 mW, 0603 [1608 Metric], Thick Film, Precision New Description=499 Ohm, ÔøΩ 1%, 100 mW, 0603 [1608 Metric], Thick Film, Precision
Change Component Description : Designator=R63 Old Description=SMD Chip Resistor, 499 Ohm, ÔøΩ 1%, 100 mW, 0603 [1608 Metric], Thick Film, Precision New Description=499 Ohm, ÔøΩ 1%, 100 mW, 0603 [1608 Metric], Thick Film, Precision
Change Component Description : Designator=R64 Old Description=SMD Chip Resistor, 499 Ohm, ÔøΩ 1%, 100 mW, 0603 [1608 Metric], Thick Film, Precision New Description=499 Ohm, ÔøΩ 1%, 100 mW, 0603 [1608 Metric], Thick Film, Precision
Change Component Description : Designator=R65 Old Description=SMD Chip Resistor, 499 Ohm, ÔøΩ 1%, 100 mW, 0603 [1608 Metric], Thick Film, Precision New Description=499 Ohm, ÔøΩ 1%, 100 mW, 0603 [1608 Metric], Thick Film, Precision
Change Component Description : Designator=R66 Old Description=SMD Chip Resistor, 499 Ohm, ÔøΩ 1%, 100 mW, 0603 [1608 Metric], Thick Film, Precision New Description=499 Ohm, ÔøΩ 1%, 100 mW, 0603 [1608 Metric], Thick Film, Precision
Change Component Description : Designator=R67 Old Description=SMD Chip Resistor, 499 Ohm, ÔøΩ 1%, 100 mW, 0603 [1608 Metric], Thick Film, Precision New Description=499 Ohm, ÔøΩ 1%, 100 mW, 0603 [1608 Metric], Thick Film, Precision
Change Component Description : Designator=R68 Old Description=SMD Chip Resistor, 499 Ohm, ÔøΩ 1%, 100 mW, 0603 [1608 Metric], Thick Film, Precision New Description=499 Ohm, ÔøΩ 1%, 100 mW, 0603 [1608 Metric], Thick Film, Precision
Change Component Description : Designator=R69 Old Description=SMD Chip Resistor, 499 Ohm, ÔøΩ 1%, 100 mW, 0603 [1608 Metric], Thick Film, Precision New Description=499 Ohm, ÔøΩ 1%, 100 mW, 0603 [1608 Metric], Thick Film, Precision
Change Component Description : Designator=R14 Old Description=SMD Chip Resistor, 560 Ohm, ÔøΩ 1%, 100 mW, 0603 [1608 Metric], Thick Film, Precision New Description=560 Ohm, ÔøΩ 1%, 100 mW, 0603 [1608 Metric], Thick Film, Precision
Change Component Description : Designator=R15 Old Description=SMD Chip Resistor, 560 Ohm, ÔøΩ 1%, 100 mW, 0603 [1608 Metric], Thick Film, Precision New Description=560 Ohm, ÔøΩ 1%, 100 mW, 0603 [1608 Metric], Thick Film, Precision
Change Component Description : Designator=R16 Old Description=SMD Chip Resistor, 560 Ohm, ÔøΩ 1%, 100 mW, 0603 [1608 Metric], Thick Film, Precision New Description=560 Ohm, ÔøΩ 1%, 100 mW, 0603 [1608 Metric], Thick Film, Precision
Change Component Description : Designator=R17 Old Description=SMD Chip Resistor, 560 Ohm, ÔøΩ 1%, 100 mW, 0603 [1608 Metric], Thick Film, Precision New Description=560 Ohm, ÔøΩ 1%, 100 mW, 0603 [1608 Metric], Thick Film, Precision
Change Component Library : Designator=R24 Old Library=ERA-3AEB472V.SchLib New Library=DARKYDEN.SCHLIB
Change Component Library : Designator=R103 Old Library=ERA-3AEB472V.SchLib New Library=DARKYDEN.SCHLIB
Change Component Library : Designator=R107 Old Library=ERA-3AEB472V.SchLib New Library=DARKYDEN.SCHLIB
Change Component Library : Designator=R28 Old Library=ERJ-3EKF33R0V.SchLib New Library=DARKYDEN.SCHLIB
Change Component Library : Designator=R29 Old Library=ERJ-3EKF33R0V.SchLib New Library=DARKYDEN.SCHLIB
Change Component Library : Designator=R32 Old Library=ERJ-3EKF33R0V.SchLib New Library=DARKYDEN.SCHLIB
Change Component Library : Designator=R33 Old Library=ERJ-3EKF33R0V.SchLib New Library=DARKYDEN.SCHLIB
Change Component Library : Designator=R34 Old Library=ERJ-3EKF33R0V.SchLib New Library=DARKYDEN.SCHLIB
Change Component Library : Designator=R35 Old Library=ERJ-3EKF33R0V.SchLib New Library=DARKYDEN.SCHLIB
Change Component Library : Designator=R44 Old Library=ERJ-3EKF33R0V.SchLib New Library=DARKYDEN.SCHLIB
Change Component Library : Designator=R45 Old Library=ERJ-3EKF33R0V.SchLib New Library=DARKYDEN.SCHLIB
Change Component Library : Designator=R46 Old Library=ERJ-3EKF33R0V.SchLib New Library=DARKYDEN.SCHLIB
Change Component Library : Designator=R47 Old Library=ERJ-3EKF33R0V.SchLib New Library=DARKYDEN.SCHLIB
Change Component Library : Designator=R48 Old Library=ERJ-3EKF33R0V.SchLib New Library=DARKYDEN.SCHLIB
Change Component Library : Designator=R49 Old Library=ERJ-3EKF33R0V.SchLib New Library=DARKYDEN.SCHLIB
Change Component Library : Designator=R50 Old Library=ERJ-3EKF33R0V.SchLib New Library=DARKYDEN.SCHLIB
Change Component Library : Designator=R78 Old Library=ERJ-3EKF33R0V.SchLib New Library=DARKYDEN.SCHLIB
Change Component Library : Designator=R126 Old Library=ERJ-3EKF33R0V.SchLib New Library=DARKYDEN.SCHLIB
Change Component Library : Designator=R131 Old Library=ERJ-3EKF33R0V.SchLib New Library=DARKYDEN.SCHLIB
Change Component Library : Designator=R133 Old Library=ERJ-3EKF33R0V.SchLib New Library=DARKYDEN.SCHLIB
Change Component Library : Designator=R137 Old Library=ERJ-3EKF33R0V.SchLib New Library=DARKYDEN.SCHLIB
Change Component Library : Designator=R139 Old Library=ERJ-3EKF33R0V.SchLib New Library=DARKYDEN.SCHLIB
Change Component Library : Designator=R30 Old Library=ERJ-3EKF49R9V.SchLib New Library=DARKYDEN.SCHLIB
Change Component Library : Designator=R31 Old Library=ERJ-3EKF49R9V.SchLib New Library=DARKYDEN.SCHLIB
Change Component Library : Designator=R37 Old Library=ERJ-3EKF49R9V.SchLib New Library=DARKYDEN.SCHLIB
Change Component Library : Designator=R38 Old Library=ERJ-3EKF49R9V.SchLib New Library=DARKYDEN.SCHLIB
Change Component Library : Designator=R39 Old Library=ERJ-3EKF49R9V.SchLib New Library=DARKYDEN.SCHLIB
Change Component Library : Designator=R40 Old Library=ERJ-3EKF49R9V.SchLib New Library=DARKYDEN.SCHLIB
Change Component Library : Designator=R155 Old Library=ERJ-3EKF1303V.SchLib New Library=DARKYDEN.SCHLIB
Change Component Library : Designator=R158 Old Library=ERJ-3EKF1961V.SchLib New Library=DARKYDEN.SCHLIB
Change Component Library : Designator=R60 Old Library=ERJ-3EKF2702V.SchLib New Library=DARKYDEN.SCHLIB
Change Component Library : Designator=R61 Old Library=ERJ-3EKF2702V.SchLib New Library=DARKYDEN.SCHLIB
Change Component Library : Designator=R92 Old Library=ERJ-3EKF2702V.SchLib New Library=DARKYDEN.SCHLIB
Change Component Library : Designator=R157 Old Library=ERJ-3EKF3742V.SchLib New Library=DARKYDEN.SCHLIB
Change Component Library : Designator=R62 Old Library=ERJ-3EKF4990V.SchLib New Library=DARKYDEN.SCHLIB
Change Component Library : Designator=R63 Old Library=ERJ-3EKF4990V.SchLib New Library=DARKYDEN.SCHLIB
Change Component Library : Designator=R64 Old Library=ERJ-3EKF4990V.SchLib New Library=DARKYDEN.SCHLIB
Change Component Library : Designator=R65 Old Library=ERJ-3EKF4990V.SchLib New Library=DARKYDEN.SCHLIB
Change Component Library : Designator=R66 Old Library=ERJ-3EKF4990V.SchLib New Library=DARKYDEN.SCHLIB
Change Component Library : Designator=R67 Old Library=ERJ-3EKF4990V.SchLib New Library=DARKYDEN.SCHLIB
Change Component Library : Designator=R68 Old Library=ERJ-3EKF4990V.SchLib New Library=DARKYDEN.SCHLIB
Change Component Library : Designator=R69 Old Library=ERJ-3EKF4990V.SchLib New Library=DARKYDEN.SCHLIB
Change Component Library : Designator=R144 Old Library=ERJ-3EKF5493V.SchLib New Library=DARKYDEN.SCHLIB
Change Component Library : Designator=R14 Old Library=ERJ-3EKF5600V.SchLib New Library=DARKYDEN.SCHLIB
Change Component Library : Designator=R15 Old Library=ERJ-3EKF5600V.SchLib New Library=DARKYDEN.SCHLIB
Change Component Library : Designator=R16 Old Library=ERJ-3EKF5600V.SchLib New Library=DARKYDEN.SCHLIB
Change Component Library : Designator=R17 Old Library=ERJ-3EKF5600V.SchLib New Library=DARKYDEN.SCHLIB
Change Component Library : Designator=R153 Old Library=ERJ-3EKF6653V.SchLib New Library=DARKYDEN.SCHLIB
Change Component Library : Designator=R54 Old Library=ERJ-3GEYJ182V.SchLib New Library=DARKYDEN.SCHLIB
Change Component Library : Designator=R56 Old Library=ERJ-3GEYJ182V.SchLib New Library=DARKYDEN.SCHLIB
Change Component Library : Designator=R59 Old Library=ERJ-3GEYJ182V.SchLib New Library=DARKYDEN.SCHLIB
Change Component Library : Designator=R36 Old Library=ERJ-3GEYJ471V.SchLib New Library=DARKYDEN.SCHLIB
Change Component Library : Designator=R18 Old Library=ERJ-3GEYJ473V.SchLib New Library=DARKYDEN.SCHLIB
Change Component Library : Designator=R53 Old Library=ERJ-3GEYJ473V.SchLib New Library=DARKYDEN.SCHLIB
Change Component Library : Designator=R1 Old Library=SamacSys.SchLib New Library=DARKYDEN.SCHLIB
Change Component Library : Designator=R2 Old Library=SamacSys.SchLib New Library=DARKYDEN.SCHLIB
Change Component Library : Designator=R3 Old Library=SamacSys.SchLib New Library=DARKYDEN.SCHLIB
Change Component Library : Designator=R4 Old Library=SamacSys.SchLib New Library=DARKYDEN.SCHLIB
Change Component Library : Designator=R5 Old Library=SamacSys.SchLib New Library=DARKYDEN.SCHLIB
Change Component Library : Designator=R6 Old Library=SamacSys.SchLib New Library=DARKYDEN.SCHLIB
Change Component Library : Designator=R7 Old Library=SamacSys.SchLib New Library=DARKYDEN.SCHLIB
Change Component Library : Designator=R8 Old Library=SamacSys.SchLib New Library=DARKYDEN.SCHLIB
Change Component Library : Designator=R9 Old Library=SamacSys.SchLib New Library=DARKYDEN.SCHLIB
Change Component Library : Designator=R10 Old Library=SamacSys.SchLib New Library=DARKYDEN.SCHLIB
Change Component Library : Designator=R11 Old Library=SamacSys.SchLib New Library=DARKYDEN.SCHLIB
Change Component Library : Designator=R12 Old Library=SamacSys.SchLib New Library=DARKYDEN.SCHLIB
Change Component Library : Designator=R13 Old Library=SamacSys.SchLib New Library=DARKYDEN.SCHLIB
Change Component Library : Designator=R19 Old Library=SamacSys.SchLib New Library=DARKYDEN.SCHLIB
Change Component Library : Designator=R20 Old Library=SamacSys.SchLib New Library=DARKYDEN.SCHLIB
Change Component Library : Designator=R21 Old Library=SamacSys.SchLib New Library=DARKYDEN.SCHLIB
Change Component Library : Designator=R22 Old Library=SamacSys.SchLib New Library=DARKYDEN.SCHLIB
Change Component Library : Designator=R23 Old Library=SamacSys.SchLib New Library=DARKYDEN.SCHLIB
Change Component Library : Designator=R25 Old Library=SamacSys.SchLib New Library=DARKYDEN.SCHLIB
Change Component Library : Designator=R26 Old Library=SamacSys.SchLib New Library=DARKYDEN.SCHLIB
Change Component Library : Designator=R27 Old Library=SamacSys.SchLib New Library=DARKYDEN.SCHLIB
Change Component Library : Designator=R41 Old Library=SamacSys.SchLib New Library=DARKYDEN.SCHLIB
Change Component Library : Designator=R42 Old Library=SamacSys.SchLib New Library=DARKYDEN.SCHLIB
Change Component Library : Designator=R43 Old Library=SamacSys.SchLib New Library=DARKYDEN.SCHLIB
Change Component Library : Designator=R51 Old Library=SamacSys.SchLib New Library=DARKYDEN.SCHLIB
Change Component Library : Designator=R52 Old Library=SamacSys.SchLib New Library=DARKYDEN.SCHLIB
Change Component Library : Designator=R55 Old Library=SamacSys.SchLib New Library=DARKYDEN.SCHLIB
Change Component Library : Designator=R57 Old Library=SamacSys.SchLib New Library=DARKYDEN.SCHLIB
Change Component Library : Designator=R58 Old Library=SamacSys.SchLib New Library=DARKYDEN.SCHLIB
Change Component Library : Designator=R70 Old Library=SamacSys.SchLib New Library=DARKYDEN.SCHLIB
Change Component Library : Designator=R71 Old Library=SamacSys.SchLib New Library=DARKYDEN.SCHLIB
Change Component Library : Designator=R72 Old Library=SamacSys.SchLib New Library=DARKYDEN.SCHLIB
Change Component Library : Designator=R73 Old Library=SamacSys.SchLib New Library=DARKYDEN.SCHLIB
Change Component Library : Designator=R74 Old Library=SamacSys.SchLib New Library=DARKYDEN.SCHLIB
Change Component Library : Designator=R75 Old Library=SamacSys.SchLib New Library=DARKYDEN.SCHLIB
Change Component Library : Designator=R76 Old Library=SamacSys.SchLib New Library=DARKYDEN.SCHLIB
Change Component Library : Designator=R77 Old Library=SamacSys.SchLib New Library=DARKYDEN.SCHLIB
Change Component Library : Designator=R79 Old Library=SamacSys.SchLib New Library=DARKYDEN.SCHLIB
Change Component Library : Designator=R80 Old Library=SamacSys.SchLib New Library=DARKYDEN.SCHLIB
Change Component Library : Designator=R81 Old Library=SamacSys.SchLib New Library=DARKYDEN.SCHLIB
Change Component Library : Designator=R82 Old Library=SamacSys.SchLib New Library=DARKYDEN.SCHLIB
Change Component Library : Designator=R83 Old Library=SamacSys.SchLib New Library=DARKYDEN.SCHLIB
Change Component Library : Designator=R84 Old Library=SamacSys.SchLib New Library=DARKYDEN.SCHLIB
Change Component Library : Designator=R85 Old Library=SamacSys.SchLib New Library=DARKYDEN.SCHLIB
Change Component Library : Designator=R86 Old Library=SamacSys.SchLib New Library=DARKYDEN.SCHLIB
Change Component Library : Designator=R87 Old Library=SamacSys.SchLib New Library=DARKYDEN.SCHLIB
Change Component Library : Designator=R88 Old Library=SamacSys.SchLib New Library=DARKYDEN.SCHLIB
Change Component Library : Designator=R89 Old Library=SamacSys.SchLib New Library=DARKYDEN.SCHLIB
Change Component Library : Designator=R90 Old Library=SamacSys.SchLib New Library=DARKYDEN.SCHLIB
Change Component Library : Designator=R91 Old Library=SamacSys.SchLib New Library=DARKYDEN.SCHLIB
Change Component Library : Designator=R93 Old Library=SamacSys.SchLib New Library=DARKYDEN.SCHLIB
Change Component Library : Designator=R94 Old Library=SamacSys.SchLib New Library=DARKYDEN.SCHLIB
Change Component Library : Designator=R95 Old Library=SamacSys.SchLib New Library=DARKYDEN.SCHLIB
Change Component Library : Designator=R96 Old Library=SamacSys.SchLib New Library=DARKYDEN.SCHLIB
Change Component Library : Designator=R97 Old Library=SamacSys.SchLib New Library=DARKYDEN.SCHLIB
Change Component Library : Designator=R98 Old Library=SamacSys.SchLib New Library=DARKYDEN.SCHLIB
Change Component Library : Designator=R99 Old Library=SamacSys.SchLib New Library=DARKYDEN.SCHLIB
Change Component Library : Designator=R100 Old Library=SamacSys.SchLib New Library=DARKYDEN.SCHLIB
Change Component Library : Designator=R101 Old Library=SamacSys.SchLib New Library=DARKYDEN.SCHLIB
Change Component Library : Designator=R102 Old Library=SamacSys.SchLib New Library=DARKYDEN.SCHLIB
Change Component Library : Designator=R104 Old Library=SamacSys.SchLib New Library=DARKYDEN.SCHLIB
Change Component Library : Designator=R105 Old Library=SamacSys.SchLib New Library=DARKYDEN.SCHLIB
Change Component Library : Designator=R106 Old Library=SamacSys.SchLib New Library=DARKYDEN.SCHLIB
Change Component Library : Designator=R108 Old Library=SamacSys.SchLib New Library=DARKYDEN.SCHLIB
Change Component Library : Designator=R109 Old Library=SamacSys.SchLib New Library=DARKYDEN.SCHLIB
Change Component Library : Designator=R110 Old Library=SamacSys.SchLib New Library=DARKYDEN.SCHLIB
Change Component Library : Designator=R111 Old Library=SamacSys.SchLib New Library=DARKYDEN.SCHLIB
Change Component Library : Designator=R112 Old Library=SamacSys.SchLib New Library=DARKYDEN.SCHLIB
Change Component Library : Designator=R113 Old Library=SamacSys.SchLib New Library=DARKYDEN.SCHLIB
Change Component Library : Designator=R114 Old Library=SamacSys.SchLib New Library=DARKYDEN.SCHLIB
Change Component Library : Designator=R115 Old Library=SamacSys.SchLib New Library=DARKYDEN.SCHLIB
Change Component Library : Designator=R116 Old Library=SamacSys.SchLib New Library=DARKYDEN.SCHLIB
Change Component Library : Designator=R117 Old Library=SamacSys.SchLib New Library=DARKYDEN.SCHLIB
Change Component Library : Designator=R120 Old Library=SamacSys.SchLib New Library=DARKYDEN.SCHLIB
Change Component Library : Designator=R122 Old Library=SamacSys.SchLib New Library=DARKYDEN.SCHLIB
Change Component Library : Designator=R123 Old Library=SamacSys.SchLib New Library=DARKYDEN.SCHLIB
Change Component Library : Designator=R124 Old Library=SamacSys.SchLib New Library=DARKYDEN.SCHLIB
Change Component Library : Designator=R125 Old Library=SamacSys.SchLib New Library=DARKYDEN.SCHLIB
Change Component Library : Designator=R127 Old Library=SamacSys.SchLib New Library=DARKYDEN.SCHLIB
Change Component Library : Designator=R128 Old Library=SamacSys.SchLib New Library=DARKYDEN.SCHLIB
Change Component Library : Designator=R129 Old Library=SamacSys.SchLib New Library=DARKYDEN.SCHLIB
Change Component Library : Designator=R130 Old Library=SamacSys.SchLib New Library=DARKYDEN.SCHLIB
Change Component Library : Designator=R132 Old Library=SamacSys.SchLib New Library=DARKYDEN.SCHLIB
Change Component Library : Designator=R134 Old Library=SamacSys.SchLib New Library=DARKYDEN.SCHLIB
Change Component Library : Designator=R135 Old Library=SamacSys.SchLib New Library=DARKYDEN.SCHLIB
Change Component Library : Designator=R136 Old Library=SamacSys.SchLib New Library=DARKYDEN.SCHLIB
Change Component Library : Designator=R140 Old Library=SamacSys.SchLib New Library=DARKYDEN.SCHLIB
Change Component Library : Designator=R141 Old Library=SamacSys.SchLib New Library=DARKYDEN.SCHLIB
Change Component Library : Designator=R142 Old Library=SamacSys.SchLib New Library=DARKYDEN.SCHLIB
Change Component Library : Designator=R143 Old Library=SamacSys.SchLib New Library=DARKYDEN.SCHLIB
Change Component Library : Designator=R145 Old Library=SamacSys.SchLib New Library=DARKYDEN.SCHLIB
Change Component Library : Designator=R146 Old Library=SamacSys.SchLib New Library=DARKYDEN.SCHLIB
Change Component Library : Designator=R147 Old Library=SamacSys.SchLib New Library=DARKYDEN.SCHLIB
Change Component Library : Designator=R148 Old Library=SamacSys.SchLib New Library=DARKYDEN.SCHLIB
Change Component Library : Designator=R154 Old Library=SamacSys.SchLib New Library=DARKYDEN.SCHLIB
Change Component Library : Designator=R156 Old Library=SamacSys.SchLib New Library=DARKYDEN.SCHLIB
Change Component Library : Designator=R160 Old Library=SamacSys.SchLib New Library=DARKYDEN.SCHLIB
Change Component Library : Designator=R161 Old Library=SamacSys.SchLib New Library=DARKYDEN.SCHLIB
Change Component Library : Designator=R162 Old Library=SamacSys.SchLib New Library=DARKYDEN.SCHLIB
Change Component Library : Designator=R163 Old Library=SamacSys.SchLib New Library=DARKYDEN.SCHLIB
Change Component Library : Designator=R164 Old Library=SamacSys.SchLib New Library=DARKYDEN.SCHLIB
Change Component Library : Designator=R165 Old Library=SamacSys.SchLib New Library=DARKYDEN.SCHLIB
Change Component Library : Designator=R166 Old Library=SamacSys.SchLib New Library=DARKYDEN.SCHLIB
Change Component Library : Designator=R167 Old Library=SamacSys.SchLib New Library=DARKYDEN.SCHLIB
Change Component Library : Designator=R168 Old Library=SamacSys.SchLib New Library=DARKYDEN.SCHLIB
Change Component Library : Designator=R169 Old Library=SamacSys.SchLib New Library=DARKYDEN.SCHLIB
Change Component Library : Designator=R170 Old Library=SamacSys.SchLib New Library=DARKYDEN.SCHLIB
Change Component Library : Designator=R171 Old Library=SamacSys.SchLib New Library=DARKYDEN.SCHLIB
Change Component Library : Designator=R172 Old Library=SamacSys.SchLib New Library=DARKYDEN.SCHLIB
