Removed Pin From Net: NetName=VBUS_5V0_TYPEC Pin=L26-1
Removed Pin From Net: NetName=VBUS_5V0_TYPEC1 Pin=L27-1
Added Pin To Net: NetName=VBUS_5V0_TYPEC Pin=C3-2
Added Pin To Net: NetName=VBUS_5V0_TYPEC Pin=C10-2
Added Pin To Net: NetName=VBUS_5V0_TYPEC1 Pin=C13-2
Added Pin To Net: NetName=VBUS_5V0_TYPEC1 Pin=C18-2
Added Pin To Net: NetName=AGND Pin=C115-1
Added Pin To Net: NetName=VBUS Pin=L15-2
Added Pin To Net: NetName=AGND Pin=L24-2
Added Pin To Net: NetName=NetC1_1 Pin=L26-1
Added Pin To Net: NetName=NetC185_1 Pin=L27-1
Added Pin To Net: NetName=AGND Pin=R112-1
Added Pin To Net: NetName=AGND Pin=R114-1
Added Pin To Net: NetName=AGND Pin=R115-1
Added Pin To Net: NetName=AGND Pin=R117-1
Added Pin To Net: NetName=VBUS_5V0_TYPEC Pin=U2-1
Added Pin To Net: NetName=VBUS_5V0_TYPEC Pin=U3-2
Added Pin To Net: NetName=VBUS_5V0_TYPEC1 Pin=U8-1
Added Pin To Net: NetName=VBUS_5V0_TYPEC1 Pin=U9-2
Added Pin To Net: NetName=VBUS Pin=U25-23
Added Pin To Net: NetName=VBUS Pin=U25-24
Added Pin To Net: NetName=VBUS Pin=U25-25
Added Pin To Net: NetName=VBUS Pin=U25-32
Added Pin To Net: NetName=VBUS Pin=U25-33
Added Pin To Net: NetName=AGND Pin=U27-10
Added Pin To Net: NetName=AGND Pin=U27-11
Added Pin To Net: NetName=AGND Pin=U27-13
