Removed Pin From Net: NetName=PWR1 Pin=C170-1
Removed Pin From Net: NetName=GND Pin=C170-2
Removed Pin From Net: NetName=PWR2 Pin=C174-1
Removed Pin From Net: NetName=GND Pin=C174-2
Removed Pin From Net: NetName=PWR3 Pin=C178-1
Removed Pin From Net: NetName=GND Pin=C178-2
Removed Pin From Net: NetName=PWR4 Pin=C182-1
Removed Pin From Net: NetName=GND Pin=C182-2
Removed Pin From Net: NetName=PWR1 Pin=FB1-2
Removed Pin From Net: NetName=GND Pin=FB2-2
Removed Pin From Net: NetName=PWR2 Pin=FB3-2
Removed Pin From Net: NetName=GND Pin=FB4-2
Removed Pin From Net: NetName=PWR3 Pin=FB5-2
Removed Pin From Net: NetName=GND Pin=FB6-2
Removed Pin From Net: NetName=PWR4 Pin=FB7-2
Removed Pin From Net: NetName=GND Pin=FB8-2
Removed Pin From Net: NetName=GND Pin=J13-1
Removed Pin From Net: NetName=PWR1 Pin=J13-6
Removed Pin From Net: NetName=GND Pin=J14-1
Removed Pin From Net: NetName=PWR2 Pin=J14-6
Removed Pin From Net: NetName=PWR3 Pin=J15-1
Removed Pin From Net: NetName=GND Pin=J15-4
Removed Pin From Net: NetName=PWR4 Pin=J16-1
Removed Pin From Net: NetName=GND Pin=J16-4
Removed Pin From Net: NetName=P25G_MDI0_P Pin=L3-1
Removed Pin From Net: NetName=P25G_MDI0_N Pin=L3-2
Removed Pin From Net: NetName=P25G_MDI0_O_N Pin=L3-3
Removed Pin From Net: NetName=P25G_MDI0_O_P Pin=L3-4
Removed Pin From Net: NetName=P25G_MDI1_P Pin=L4-1
Removed Pin From Net: NetName=P25G_MDI1_N Pin=L4-2
Removed Pin From Net: NetName=P25G_MDI1_O_N Pin=L4-3
Removed Pin From Net: NetName=P25G_MDI1_O_P Pin=L4-4
Removed Pin From Net: NetName=P25G_MDI2_P Pin=L5-1
Removed Pin From Net: NetName=P25G_MDI2_N Pin=L5-2
Removed Pin From Net: NetName=P25G_MDI2_O_N Pin=L5-3
Removed Pin From Net: NetName=P25G_MDI2_O_P Pin=L5-4
Removed Pin From Net: NetName=P25G_MDI3_P Pin=L6-1
Removed Pin From Net: NetName=P25G_MDI3_N Pin=L6-2
Removed Pin From Net: NetName=P25G_MDI3_O_N Pin=L6-3
Removed Pin From Net: NetName=P25G_MDI3_O_P Pin=L6-4
Removed Pin From Net: NetName=NetR6_2 Pin=R79-1
Removed Pin From Net: NetName=NetR6_2 Pin=R80-1
Removed Pin From Net: NetName=NetR6_2 Pin=R84-1
Removed Pin From Net: NetName=NetR6_2 Pin=R85-1
Removed Pin From Net: NetName=NetR6_2 Pin=R93-1
Removed Pin From Net: NetName=NetR6_2 Pin=R94-1
Removed Pin From Net: NetName=P25G_MDI0_P Pin=U14-4
Removed Pin From Net: NetName=P25G_MDI0_N Pin=U14-5
Removed Pin From Net: NetName=P25G_MDI0_N Pin=U14-6
Removed Pin From Net: NetName=P25G_MDI0_P Pin=U14-7
Removed Pin From Net: NetName=P25G_MDI2_P Pin=U15-1
Removed Pin From Net: NetName=P25G_MDI2_N Pin=U15-2
Removed Pin From Net: NetName=P25G_MDI2_N Pin=U15-9
Removed Pin From Net: NetName=P25G_MDI2_P Pin=U15-10
Change Component Description : Designator=R145 Old Description=1 Ohm 5% 1/10W  Res Thick Film 0603 -100ppm/Å? t New Description=1 Ohm 5% 1/10W  Res Thick Film 0603 -100ppm/Å? t|
Change Component Description : Designator=R146 Old Description=1 Ohm 5% 1/10W  Res Thick Film 0603 -100ppm/Å? t New Description=1 Ohm 5% 1/10W  Res Thick Film 0603 -100ppm/Å? t|
Change Component Description : Designator=R141 Old Description=3M Ohm 5% 1/10W Res Thick Film 0603 -400ppm/Å? t New Description=3M Ohm 5% 1/10W Res Thick Film 0603 -400ppm/Å?|
Change Component Description : Designator=C47 Old Description=10uF / 25 VDC, +85degC, X5R Dielec, +/-10% New Description=10uF / 25 VDC, +85degC, X5R Dielec, +/-10% | KEMET C0805C106K3PACTU 0805
Change Component Description : Designator=C48 Old Description=10uF / 25 VDC, +85degC, X5R Dielec, +/-10% New Description=10uF / 25 VDC, +85degC, X5R Dielec, +/-10% | KEMET C0805C106K3PACTU 0805
Change Component Description : Designator=C52 Old Description=10uF / 25 VDC, +85degC, X5R Dielec, +/-10% New Description=10uF / 25 VDC, +85degC, X5R Dielec, +/-10% | KEMET C0805C106K3PACTU 0805
Change Component Description : Designator=C53 Old Description=10uF / 25 VDC, +85degC, X5R Dielec, +/-10% New Description=10uF / 25 VDC, +85degC, X5R Dielec, +/-10% | KEMET C0805C106K3PACTU 0805
Change Component Description : Designator=C54 Old Description=10uF / 25 VDC, +85degC, X5R Dielec, +/-10% New Description=10uF / 25 VDC, +85degC, X5R Dielec, +/-10% | KEMET C0805C106K3PACTU 0805
Change Component Description : Designator=C55 Old Description=10uF / 25 VDC, +85degC, X5R Dielec, +/-10% New Description=10uF / 25 VDC, +85degC, X5R Dielec, +/-10% | KEMET C0805C106K3PACTU 0805
Change Component Description : Designator=C56 Old Description=10uF / 25 VDC, +85degC, X5R Dielec, +/-10% New Description=10uF / 25 VDC, +85degC, X5R Dielec, +/-10% | KEMET C0805C106K3PACTU 0805
Change Component Description : Designator=C57 Old Description=10uF / 25 VDC, +85degC, X5R Dielec, +/-10% New Description=10uF / 25 VDC, +85degC, X5R Dielec, +/-10% | KEMET C0805C106K3PACTU 0805
Change Component Description : Designator=C61 Old Description=10uF / 25 VDC, +85degC, X5R Dielec, +/-10% New Description=10uF / 25 VDC, +85degC, X5R Dielec, +/-10% | KEMET C0805C106K3PACTU 0805
Change Component Description : Designator=C62 Old Description=10uF / 25 VDC, +85degC, X5R Dielec, +/-10% New Description=10uF / 25 VDC, +85degC, X5R Dielec, +/-10% | KEMET C0805C106K3PACTU 0805
Change Component Description : Designator=C63 Old Description=10uF / 25 VDC, +85degC, X5R Dielec, +/-10% New Description=10uF / 25 VDC, +85degC, X5R Dielec, +/-10% | KEMET C0805C106K3PACTU 0805
Change Component Description : Designator=C64 Old Description=10uF / 25 VDC, +85degC, X5R Dielec, +/-10% New Description=10uF / 25 VDC, +85degC, X5R Dielec, +/-10% | KEMET C0805C106K3PACTU 0805
Change Component Description : Designator=C65 Old Description=10uF / 25 VDC, +85degC, X5R Dielec, +/-10% New Description=10uF / 25 VDC, +85degC, X5R Dielec, +/-10% | KEMET C0805C106K3PACTU 0805
Change Component Description : Designator=C68 Old Description=10uF / 25 VDC, +85degC, X5R Dielec, +/-10% New Description=10uF / 25 VDC, +85degC, X5R Dielec, +/-10% | KEMET C0805C106K3PACTU 0805
Change Component Description : Designator=C69 Old Description=10uF / 25 VDC, +85degC, X5R Dielec, +/-10% New Description=10uF / 25 VDC, +85degC, X5R Dielec, +/-10% | KEMET C0805C106K3PACTU 0805
Change Component Description : Designator=C73 Old Description=10uF / 25 VDC, +85degC, X5R Dielec, +/-10% New Description=10uF / 25 VDC, +85degC, X5R Dielec, +/-10% | KEMET C0805C106K3PACTU 0805
Change Component Description : Designator=C74 Old Description=10uF / 25 VDC, +85degC, X5R Dielec, +/-10% New Description=10uF / 25 VDC, +85degC, X5R Dielec, +/-10% | KEMET C0805C106K3PACTU 0805
Change Component Description : Designator=C75 Old Description=10uF / 25 VDC, +85degC, X5R Dielec, +/-10% New Description=10uF / 25 VDC, +85degC, X5R Dielec, +/-10% | KEMET C0805C106K3PACTU 0805
Change Component Description : Designator=C76 Old Description=10uF / 25 VDC, +85degC, X5R Dielec, +/-10% New Description=10uF / 25 VDC, +85degC, X5R Dielec, +/-10% | KEMET C0805C106K3PACTU 0805
Change Component Description : Designator=C77 Old Description=10uF / 25 VDC, +85degC, X5R Dielec, +/-10% New Description=10uF / 25 VDC, +85degC, X5R Dielec, +/-10% | KEMET C0805C106K3PACTU 0805
Change Component Description : Designator=C78 Old Description=10uF / 25 VDC, +85degC, X5R Dielec, +/-10% New Description=10uF / 25 VDC, +85degC, X5R Dielec, +/-10% | KEMET C0805C106K3PACTU 0805
Change Component Description : Designator=C82 Old Description=10uF / 25 VDC, +85degC, X5R Dielec, +/-10% New Description=10uF / 25 VDC, +85degC, X5R Dielec, +/-10% | KEMET C0805C106K3PACTU 0805
Change Component Description : Designator=C83 Old Description=10uF / 25 VDC, +85degC, X5R Dielec, +/-10% New Description=10uF / 25 VDC, +85degC, X5R Dielec, +/-10% | KEMET C0805C106K3PACTU 0805
Change Component Description : Designator=C84 Old Description=10uF / 25 VDC, +85degC, X5R Dielec, +/-10% New Description=10uF / 25 VDC, +85degC, X5R Dielec, +/-10% | KEMET C0805C106K3PACTU 0805
Change Component Description : Designator=C85 Old Description=10uF / 25 VDC, +85degC, X5R Dielec, +/-10% New Description=10uF / 25 VDC, +85degC, X5R Dielec, +/-10% | KEMET C0805C106K3PACTU 0805
Change Component Description : Designator=C87 Old Description=10uF / 25 VDC, +85degC, X5R Dielec, +/-10% New Description=10uF / 25 VDC, +85degC, X5R Dielec, +/-10% | KEMET C0805C106K3PACTU 0805
Change Component Description : Designator=C88 Old Description=10uF / 25 VDC, +85degC, X5R Dielec, +/-10% New Description=10uF / 25 VDC, +85degC, X5R Dielec, +/-10% | KEMET C0805C106K3PACTU 0805
Change Component Description : Designator=C89 Old Description=10uF / 25 VDC, +85degC, X5R Dielec, +/-10% New Description=10uF / 25 VDC, +85degC, X5R Dielec, +/-10% | KEMET C0805C106K3PACTU 0805
Change Component Description : Designator=C95 Old Description=10uF / 25 VDC, +85degC, X5R Dielec, +/-10% New Description=10uF / 25 VDC, +85degC, X5R Dielec, +/-10% | KEMET C0805C106K3PACTU 0805
Change Component Description : Designator=C96 Old Description=10uF / 25 VDC, +85degC, X5R Dielec, +/-10% New Description=10uF / 25 VDC, +85degC, X5R Dielec, +/-10% | KEMET C0805C106K3PACTU 0805
Change Component Description : Designator=C98 Old Description=10uF / 25 VDC, +85degC, X5R Dielec, +/-10% New Description=10uF / 25 VDC, +85degC, X5R Dielec, +/-10% | KEMET C0805C106K3PACTU 0805
Change Component Description : Designator=C99 Old Description=10uF / 25 VDC, +85degC, X5R Dielec, +/-10% New Description=10uF / 25 VDC, +85degC, X5R Dielec, +/-10% | KEMET C0805C106K3PACTU 0805
Change Component Description : Designator=C100 Old Description=10uF / 25 VDC, +85degC, X5R Dielec, +/-10% New Description=10uF / 25 VDC, +85degC, X5R Dielec, +/-10% | KEMET C0805C106K3PACTU 0805
Change Component Description : Designator=C101 Old Description=10uF / 25 VDC, +85degC, X5R Dielec, +/-10% New Description=10uF / 25 VDC, +85degC, X5R Dielec, +/-10% | KEMET C0805C106K3PACTU 0805
Change Component Description : Designator=C107 Old Description=10uF / 25 VDC, +85degC, X5R Dielec, +/-10% New Description=10uF / 25 VDC, +85degC, X5R Dielec, +/-10% | KEMET C0805C106K3PACTU 0805
Change Component Description : Designator=C108 Old Description=10uF / 25 VDC, +85degC, X5R Dielec, +/-10% New Description=10uF / 25 VDC, +85degC, X5R Dielec, +/-10% | KEMET C0805C106K3PACTU 0805
Change Component Description : Designator=C109 Old Description=10uF / 25 VDC, +85degC, X5R Dielec, +/-10% New Description=10uF / 25 VDC, +85degC, X5R Dielec, +/-10% | KEMET C0805C106K3PACTU 0805
Change Component Description : Designator=C110 Old Description=10uF / 25 VDC, +85degC, X5R Dielec, +/-10% New Description=10uF / 25 VDC, +85degC, X5R Dielec, +/-10% | KEMET C0805C106K3PACTU 0805
Change Component Description : Designator=C111 Old Description=10uF / 25 VDC, +85degC, X5R Dielec, +/-10% New Description=10uF / 25 VDC, +85degC, X5R Dielec, +/-10% | KEMET C0805C106K3PACTU 0805
Change Component Description : Designator=C113 Old Description=10uF / 25 VDC, +85degC, X5R Dielec, +/-10% New Description=10uF / 25 VDC, +85degC, X5R Dielec, +/-10% | KEMET C0805C106K3PACTU 0805
Change Component Description : Designator=C114 Old Description=10uF / 25 VDC, +85degC, X5R Dielec, +/-10% New Description=10uF / 25 VDC, +85degC, X5R Dielec, +/-10% | KEMET C0805C106K3PACTU 0805
Change Component Description : Designator=C152 Old Description=10uF / 25 VDC, +85degC, X5R Dielec, +/-10% New Description=10uF / 25 VDC, +85degC, X5R Dielec, +/-10% | KEMET C0805C106K3PACTU 0805
Change Component Description : Designator=C153 Old Description=10uF / 25 VDC, +85degC, X5R Dielec, +/-10% New Description=10uF / 25 VDC, +85degC, X5R Dielec, +/-10% | KEMET C0805C106K3PACTU 0805
Change Component Description : Designator=J13 Old Description=FPC Connector; 0.5mm pitch dual contact back flip FPC, 6pos New Description=FPC Connector; 0.5mm pitch dual contact back flip FPC, 6pos | TE Connectivity 2328702-6
Change Component Description : Designator=J14 Old Description=FPC Connector; 0.5mm pitch dual contact back flip FPC, 6pos New Description=FPC Connector; 0.5mm pitch dual contact back flip FPC, 6pos | TE Connectivity 2328702-6
Change Component Description : Designator=TP1 Old Description=Test Point Compact THM PC .350 L .125 OD Heat Resistant Nylon 46 Black New Description=Test Point Compact THM PC .350 L .125 OD Heat Resistant Nylon 46 Black | Keystone Electronics 5006
Change Component Description : Designator=TP2 Old Description=Test Point Compact THM PC .350 L .125 OD Heat Resistant Nylon 46 Black New Description=Test Point Compact THM PC .350 L .125 OD Heat Resistant Nylon 46 Black | Keystone Electronics 5006
Change Component Description : Designator=TP3 Old Description=Test Point Compact THM PC .350 L .125 OD Heat Resistant Nylon 46 Black New Description=Test Point Compact THM PC .350 L .125 OD Heat Resistant Nylon 46 Black | Keystone Electronics 5006
Change Component Description : Designator=TP4 Old Description=Test Point Compact THM PC .350 L .125 OD Heat Resistant Nylon 46 Black New Description=Test Point Compact THM PC .350 L .125 OD Heat Resistant Nylon 46 Black | Keystone Electronics 5006
Added Pin To Net: NetName=P25G_MDI0_O_P Pin=L3-1
Added Pin To Net: NetName=P25G_MDI0_O_N Pin=L3-2
Added Pin To Net: NetName=P25G_MDI0_N Pin=L3-3
Added Pin To Net: NetName=P25G_MDI0_P Pin=L3-4
Added Pin To Net: NetName=P25G_MDI1_O_P Pin=L4-1
Added Pin To Net: NetName=P25G_MDI1_O_N Pin=L4-2
Added Pin To Net: NetName=P25G_MDI1_N Pin=L4-3
Added Pin To Net: NetName=P25G_MDI1_P Pin=L4-4
Added Pin To Net: NetName=P25G_MDI2_O_P Pin=L5-1
Added Pin To Net: NetName=P25G_MDI2_O_N Pin=L5-2
Added Pin To Net: NetName=P25G_MDI2_N Pin=L5-3
Added Pin To Net: NetName=P25G_MDI2_P Pin=L5-4
Added Pin To Net: NetName=P25G_MDI3_O_P Pin=L6-1
Added Pin To Net: NetName=P25G_MDI3_O_N Pin=L6-2
Added Pin To Net: NetName=P25G_MDI3_N Pin=L6-3
Added Pin To Net: NetName=P25G_MDI3_P Pin=L6-4
Added Pin To Net: NetName=+12 Pin=R79-1
Added Pin To Net: NetName=+12 Pin=R80-1
Added Pin To Net: NetName=+12 Pin=R84-1
Added Pin To Net: NetName=+12 Pin=R85-1
Added Pin To Net: NetName=+12 Pin=R93-1
Added Pin To Net: NetName=+12 Pin=R94-1
Added Pin To Net: NetName=P25G_MDI2_P Pin=U14-4
Added Pin To Net: NetName=P25G_MDI2_N Pin=U14-5
Added Pin To Net: NetName=P25G_MDI2_N Pin=U14-6
Added Pin To Net: NetName=P25G_MDI2_P Pin=U14-7
Added Pin To Net: NetName=P25G_MDI1_P Pin=U15-1
Added Pin To Net: NetName=P25G_MDI1_N Pin=U15-2
Added Pin To Net: NetName=P25G_MDI1_N Pin=U15-9
Added Pin To Net: NetName=P25G_MDI1_P Pin=U15-10
Added Pin To Net: NetName=NetC170_1 Pin=C170-1
Added Pin To Net: NetName=NetC170_1 Pin=FB1-2
Added Pin To Net: NetName=NetC170_1 Pin=J13-6
Added Net: Name=NetC170_1
Added Pin To Net: NetName=NetC170_2 Pin=C170-2
Added Pin To Net: NetName=NetC170_2 Pin=FB2-2
Added Pin To Net: NetName=NetC170_2 Pin=J13-1
Added Net: Name=NetC170_2
Added Pin To Net: NetName=NetC174_1 Pin=C174-1
Added Pin To Net: NetName=NetC174_1 Pin=FB3-2
Added Pin To Net: NetName=NetC174_1 Pin=J14-6
Added Net: Name=NetC174_1
Added Pin To Net: NetName=NetC174_2 Pin=C174-2
Added Pin To Net: NetName=NetC174_2 Pin=FB4-2
Added Pin To Net: NetName=NetC174_2 Pin=J14-1
Added Net: Name=NetC174_2
Added Pin To Net: NetName=NetC178_1 Pin=C178-1
Added Pin To Net: NetName=NetC178_1 Pin=FB5-2
Added Pin To Net: NetName=NetC178_1 Pin=J15-1
Added Net: Name=NetC178_1
Added Pin To Net: NetName=NetC178_2 Pin=C178-2
Added Pin To Net: NetName=NetC178_2 Pin=FB6-2
Added Pin To Net: NetName=NetC178_2 Pin=J15-4
Added Net: Name=NetC178_2
Added Pin To Net: NetName=NetC182_1 Pin=C182-1
Added Pin To Net: NetName=NetC182_1 Pin=FB7-2
Added Pin To Net: NetName=NetC182_1 Pin=J16-1
Added Net: Name=NetC182_1
Added Pin To Net: NetName=NetC182_2 Pin=C182-2
Added Pin To Net: NetName=NetC182_2 Pin=FB8-2
Added Pin To Net: NetName=NetC182_2 Pin=J16-4
Added Net: Name=NetC182_2
Change Class Name : Old Net Name=Power New Net Name=1V8_3V3_5V
