Removed Pin From Net: NetName=GND Pin=FB9-2
Removed Pin From Net: NetName=GND Pin=FB10-2
Removed Pin From Net: NetName=GND Pin=J2-A1
Removed Pin From Net: NetName=GND Pin=J2-A12
Removed Pin From Net: NetName=GND Pin=J2-B1
Removed Pin From Net: NetName=GND Pin=J2-B12
Removed Pin From Net: NetName=GND Pin=J2-SH1
Removed Pin From Net: NetName=GND Pin=J2-SH2
Removed Pin From Net: NetName=GND Pin=J2-SH3
Removed Pin From Net: NetName=GND Pin=J2-SH4
Removed Pin From Net: NetName=GND Pin=J3-A1
Removed Pin From Net: NetName=GND Pin=J3-A12
Removed Pin From Net: NetName=GND Pin=J3-B1
Removed Pin From Net: NetName=GND Pin=J3-B12
Removed Pin From Net: NetName=GND Pin=J3-SH1
Removed Pin From Net: NetName=GND Pin=J3-SH2
Removed Pin From Net: NetName=GND Pin=J3-SH3
Removed Pin From Net: NetName=GND Pin=J3-SH4
Added Pin To Net: NetName=NetFB9_2 Pin=FB9-2
Added Pin To Net: NetName=NetFB9_2 Pin=J2-A1
Added Pin To Net: NetName=NetFB9_2 Pin=J2-A12
Added Pin To Net: NetName=NetFB9_2 Pin=J2-B1
Added Pin To Net: NetName=NetFB9_2 Pin=J2-B12
Added Pin To Net: NetName=NetFB9_2 Pin=J2-SH1
Added Pin To Net: NetName=NetFB9_2 Pin=J2-SH2
Added Pin To Net: NetName=NetFB9_2 Pin=J2-SH3
Added Pin To Net: NetName=NetFB9_2 Pin=J2-SH4
Added Net: Name=NetFB9_2
Added Pin To Net: NetName=NetFB10_2 Pin=FB10-2
Added Pin To Net: NetName=NetFB10_2 Pin=J3-A1
Added Pin To Net: NetName=NetFB10_2 Pin=J3-A12
Added Pin To Net: NetName=NetFB10_2 Pin=J3-B1
Added Pin To Net: NetName=NetFB10_2 Pin=J3-B12
Added Pin To Net: NetName=NetFB10_2 Pin=J3-SH1
Added Pin To Net: NetName=NetFB10_2 Pin=J3-SH2
Added Pin To Net: NetName=NetFB10_2 Pin=J3-SH3
Added Pin To Net: NetName=NetFB10_2 Pin=J3-SH4
Added Net: Name=NetFB10_2
