Change Component Description : Designator=R145 Old Description=1 Ohm 5% 1/10W  Res Thick Film 0603 -100ppm/Å? to New Description=1 Ohm 5% 1/10W  Res Thick Film 0603 -100ppm/Å? t|
Change Component Description : Designator=R146 Old Description=1 Ohm 5% 1/10W  Res Thick Film 0603 -100ppm/Å? to New Description=1 Ohm 5% 1/10W  Res Thick Film 0603 -100ppm/Å? t|
Change Component Description : Designator=R141 Old Description=3M Ohm 5% 1/10W Res Thick Film 0603 -400ppm/Å? to New Description=3M Ohm 5% 1/10W Res Thick Film 0603 -400ppm/Å? t|
Change Component Description : Designator=C47 Old Description=10uF / 25 VDC, +85degC, X5R Dielec, +/-10% New Description=10uF / 25 VDC, +85degC, X5R Dielec, +/-10% | KEMET C0805C106K3PACTU 0805
Change Component Description : Designator=C48 Old Description=10uF / 25 VDC, +85degC, X5R Dielec, +/-10% New Description=10uF / 25 VDC, +85degC, X5R Dielec, +/-10% | KEMET C0805C106K3PACTU 0805
Change Component Description : Designator=C52 Old Description=10uF / 25 VDC, +85degC, X5R Dielec, +/-10% New Description=10uF / 25 VDC, +85degC, X5R Dielec, +/-10% | KEMET C0805C106K3PACTU 0805
Change Component Description : Designator=C53 Old Description=10uF / 25 VDC, +85degC, X5R Dielec, +/-10% New Description=10uF / 25 VDC, +85degC, X5R Dielec, +/-10% | KEMET C0805C106K3PACTU 0805
Change Component Description : Designator=C54 Old Description=10uF / 25 VDC, +85degC, X5R Dielec, +/-10% New Description=10uF / 25 VDC, +85degC, X5R Dielec, +/-10% | KEMET C0805C106K3PACTU 0805
Change Component Description : Designator=C55 Old Description=10uF / 25 VDC, +85degC, X5R Dielec, +/-10% New Description=10uF / 25 VDC, +85degC, X5R Dielec, +/-10% | KEMET C0805C106K3PACTU 0805
Change Component Description : Designator=C56 Old Description=10uF / 25 VDC, +85degC, X5R Dielec, +/-10% New Description=10uF / 25 VDC, +85degC, X5R Dielec, +/-10% | KEMET C0805C106K3PACTU 0805
Change Component Description : Designator=C57 Old Description=10uF / 25 VDC, +85degC, X5R Dielec, +/-10% New Description=10uF / 25 VDC, +85degC, X5R Dielec, +/-10% | KEMET C0805C106K3PACTU 0805
Change Component Description : Designator=C61 Old Description=10uF / 25 VDC, +85degC, X5R Dielec, +/-10% New Description=10uF / 25 VDC, +85degC, X5R Dielec, +/-10% | KEMET C0805C106K3PACTU 0805
Change Component Description : Designator=C62 Old Description=10uF / 25 VDC, +85degC, X5R Dielec, +/-10% New Description=10uF / 25 VDC, +85degC, X5R Dielec, +/-10% | KEMET C0805C106K3PACTU 0805
Change Component Description : Designator=C63 Old Description=10uF / 25 VDC, +85degC, X5R Dielec, +/-10% New Description=10uF / 25 VDC, +85degC, X5R Dielec, +/-10% | KEMET C0805C106K3PACTU 0805
Change Component Description : Designator=C64 Old Description=10uF / 25 VDC, +85degC, X5R Dielec, +/-10% New Description=10uF / 25 VDC, +85degC, X5R Dielec, +/-10% | KEMET C0805C106K3PACTU 0805
Change Component Description : Designator=C65 Old Description=10uF / 25 VDC, +85degC, X5R Dielec, +/-10% New Description=10uF / 25 VDC, +85degC, X5R Dielec, +/-10% | KEMET C0805C106K3PACTU 0805
Change Component Description : Designator=C68 Old Description=10uF / 25 VDC, +85degC, X5R Dielec, +/-10% New Description=10uF / 25 VDC, +85degC, X5R Dielec, +/-10% | KEMET C0805C106K3PACTU 0805
Change Component Description : Designator=C69 Old Description=10uF / 25 VDC, +85degC, X5R Dielec, +/-10% New Description=10uF / 25 VDC, +85degC, X5R Dielec, +/-10% | KEMET C0805C106K3PACTU 0805
Change Component Description : Designator=C73 Old Description=10uF / 25 VDC, +85degC, X5R Dielec, +/-10% New Description=10uF / 25 VDC, +85degC, X5R Dielec, +/-10% | KEMET C0805C106K3PACTU 0805
Change Component Description : Designator=C74 Old Description=10uF / 25 VDC, +85degC, X5R Dielec, +/-10% New Description=10uF / 25 VDC, +85degC, X5R Dielec, +/-10% | KEMET C0805C106K3PACTU 0805
Change Component Description : Designator=C75 Old Description=10uF / 25 VDC, +85degC, X5R Dielec, +/-10% New Description=10uF / 25 VDC, +85degC, X5R Dielec, +/-10% | KEMET C0805C106K3PACTU 0805
Change Component Description : Designator=C76 Old Description=10uF / 25 VDC, +85degC, X5R Dielec, +/-10% New Description=10uF / 25 VDC, +85degC, X5R Dielec, +/-10% | KEMET C0805C106K3PACTU 0805
Change Component Description : Designator=C77 Old Description=10uF / 25 VDC, +85degC, X5R Dielec, +/-10% New Description=10uF / 25 VDC, +85degC, X5R Dielec, +/-10% | KEMET C0805C106K3PACTU 0805
Change Component Description : Designator=C78 Old Description=10uF / 25 VDC, +85degC, X5R Dielec, +/-10% New Description=10uF / 25 VDC, +85degC, X5R Dielec, +/-10% | KEMET C0805C106K3PACTU 0805
Change Component Description : Designator=C82 Old Description=10uF / 25 VDC, +85degC, X5R Dielec, +/-10% New Description=10uF / 25 VDC, +85degC, X5R Dielec, +/-10% | KEMET C0805C106K3PACTU 0805
Change Component Description : Designator=C83 Old Description=10uF / 25 VDC, +85degC, X5R Dielec, +/-10% New Description=10uF / 25 VDC, +85degC, X5R Dielec, +/-10% | KEMET C0805C106K3PACTU 0805
Change Component Description : Designator=C84 Old Description=10uF / 25 VDC, +85degC, X5R Dielec, +/-10% New Description=10uF / 25 VDC, +85degC, X5R Dielec, +/-10% | KEMET C0805C106K3PACTU 0805
Change Component Description : Designator=C85 Old Description=10uF / 25 VDC, +85degC, X5R Dielec, +/-10% New Description=10uF / 25 VDC, +85degC, X5R Dielec, +/-10% | KEMET C0805C106K3PACTU 0805
Change Component Description : Designator=C87 Old Description=10uF / 25 VDC, +85degC, X5R Dielec, +/-10% New Description=10uF / 25 VDC, +85degC, X5R Dielec, +/-10% | KEMET C0805C106K3PACTU 0805
Change Component Description : Designator=C88 Old Description=10uF / 25 VDC, +85degC, X5R Dielec, +/-10% New Description=10uF / 25 VDC, +85degC, X5R Dielec, +/-10% | KEMET C0805C106K3PACTU 0805
Change Component Description : Designator=C89 Old Description=10uF / 25 VDC, +85degC, X5R Dielec, +/-10% New Description=10uF / 25 VDC, +85degC, X5R Dielec, +/-10% | KEMET C0805C106K3PACTU 0805
Change Component Description : Designator=C95 Old Description=10uF / 25 VDC, +85degC, X5R Dielec, +/-10% New Description=10uF / 25 VDC, +85degC, X5R Dielec, +/-10% | KEMET C0805C106K3PACTU 0805
Change Component Description : Designator=C96 Old Description=10uF / 25 VDC, +85degC, X5R Dielec, +/-10% New Description=10uF / 25 VDC, +85degC, X5R Dielec, +/-10% | KEMET C0805C106K3PACTU 0805
Change Component Description : Designator=C98 Old Description=10uF / 25 VDC, +85degC, X5R Dielec, +/-10% New Description=10uF / 25 VDC, +85degC, X5R Dielec, +/-10% | KEMET C0805C106K3PACTU 0805
Change Component Description : Designator=C99 Old Description=10uF / 25 VDC, +85degC, X5R Dielec, +/-10% New Description=10uF / 25 VDC, +85degC, X5R Dielec, +/-10% | KEMET C0805C106K3PACTU 0805
Change Component Description : Designator=C100 Old Description=10uF / 25 VDC, +85degC, X5R Dielec, +/-10% New Description=10uF / 25 VDC, +85degC, X5R Dielec, +/-10% | KEMET C0805C106K3PACTU 0805
Change Component Description : Designator=C101 Old Description=10uF / 25 VDC, +85degC, X5R Dielec, +/-10% New Description=10uF / 25 VDC, +85degC, X5R Dielec, +/-10% | KEMET C0805C106K3PACTU 0805
Change Component Description : Designator=C107 Old Description=10uF / 25 VDC, +85degC, X5R Dielec, +/-10% New Description=10uF / 25 VDC, +85degC, X5R Dielec, +/-10% | KEMET C0805C106K3PACTU 0805
Change Component Description : Designator=C108 Old Description=10uF / 25 VDC, +85degC, X5R Dielec, +/-10% New Description=10uF / 25 VDC, +85degC, X5R Dielec, +/-10% | KEMET C0805C106K3PACTU 0805
Change Component Description : Designator=C109 Old Description=10uF / 25 VDC, +85degC, X5R Dielec, +/-10% New Description=10uF / 25 VDC, +85degC, X5R Dielec, +/-10% | KEMET C0805C106K3PACTU 0805
Change Component Description : Designator=C110 Old Description=10uF / 25 VDC, +85degC, X5R Dielec, +/-10% New Description=10uF / 25 VDC, +85degC, X5R Dielec, +/-10% | KEMET C0805C106K3PACTU 0805
Change Component Description : Designator=C111 Old Description=10uF / 25 VDC, +85degC, X5R Dielec, +/-10% New Description=10uF / 25 VDC, +85degC, X5R Dielec, +/-10% | KEMET C0805C106K3PACTU 0805
Change Component Description : Designator=C113 Old Description=10uF / 25 VDC, +85degC, X5R Dielec, +/-10% New Description=10uF / 25 VDC, +85degC, X5R Dielec, +/-10% | KEMET C0805C106K3PACTU 0805
Change Component Description : Designator=C114 Old Description=10uF / 25 VDC, +85degC, X5R Dielec, +/-10% New Description=10uF / 25 VDC, +85degC, X5R Dielec, +/-10% | KEMET C0805C106K3PACTU 0805
Change Component Description : Designator=C152 Old Description=10uF / 25 VDC, +85degC, X5R Dielec, +/-10% New Description=10uF / 25 VDC, +85degC, X5R Dielec, +/-10% | KEMET C0805C106K3PACTU 0805
Change Component Description : Designator=C153 Old Description=10uF / 25 VDC, +85degC, X5R Dielec, +/-10% New Description=10uF / 25 VDC, +85degC, X5R Dielec, +/-10% | KEMET C0805C106K3PACTU 0805
Change Component Description : Designator=J13 Old Description=FPC Connector; 0.5mm pitch dual contact back flip FPC, 6pos New Description=FPC Connector; 0.5mm pitch dual contact back flip FPC, 6pos | TE Connectivity 2328702-6
Change Component Description : Designator=J14 Old Description=FPC Connector; 0.5mm pitch dual contact back flip FPC, 6pos New Description=FPC Connector; 0.5mm pitch dual contact back flip FPC, 6pos | TE Connectivity 2328702-6
Change Component Description : Designator=TP1 Old Description=Test Point Compact THM PC .350 L .125 OD Heat Resistant Nylon 46 Black New Description=Test Point Compact THM PC .350 L .125 OD Heat Resistant Nylon 46 Black | Keystone Electronics 5006
Change Component Description : Designator=TP2 Old Description=Test Point Compact THM PC .350 L .125 OD Heat Resistant Nylon 46 Black New Description=Test Point Compact THM PC .350 L .125 OD Heat Resistant Nylon 46 Black | Keystone Electronics 5006
Change Component Description : Designator=TP3 Old Description=Test Point Compact THM PC .350 L .125 OD Heat Resistant Nylon 46 Black New Description=Test Point Compact THM PC .350 L .125 OD Heat Resistant Nylon 46 Black | Keystone Electronics 5006
Change Component Description : Designator=TP4 Old Description=Test Point Compact THM PC .350 L .125 OD Heat Resistant Nylon 46 Black New Description=Test Point Compact THM PC .350 L .125 OD Heat Resistant Nylon 46 Black | Keystone Electronics 5006
Add Component: Footprint Not Found MTHNP3P2MM
Add Component: Footprint Not Found MTHNP3P2MM
Add Component: Footprint Not Found MTHNP3P2MM
Add Component: Footprint Not Found MTHNP3P2MM
Add Component: Footprint Not Found MTHNP3P2MM
Add Component: Footprint Not Found MTHNP3P2MM
Add Component: Footprint Not Found MTHNP3P2MM
Add Pin To Net: Unknown Pin: Pin MTHNP3-1
Add Pin To Net: Unknown Pin: Pin MTHNP4-1
Add Pin To Net: Unknown Pin: Pin MTHNP5-1
Add Pin To Net: Unknown Pin: Pin MTHNP6-1
Add Pin To Net: Unknown Pin: Pin MTHNP7-1
Add Pin To Net: Unknown Pin: Pin MTHNP10-1
Add Pin To Net: Unknown Pin: Pin MTHNP11-1
Add Class Member: Failed to add class member : Component MTHNP3 Mounting Hole Non-Plated 3.2mm
Add Class Member: Failed to add class member : Component MTHNP4 Mounting Hole Non-Plated 3.2mm
Add Class Member: Failed to add class member : Component MTHNP5 Mounting Hole Non-Plated 3.2mm
Add Class Member: Failed to add class member : Component MTHNP6 Mounting Hole Non-Plated 3.2mm
Add Class Member: Failed to add class member : Component MTHNP7 Mounting Hole Non-Plated 3.2mm
Add Class Member: Failed to add class member : Component MTHNP10 Mounting Hole Non-Plated 3.2mm
Add Class Member: Failed to add class member : Component MTHNP11 Mounting Hole Non-Plated 3.2mm
Change Simulation Model (AddParameter): Name = "Case/Size Code"; Value = "0603"; VariantName = "[No Variations]"
Change Simulation Model (AddParameter): Name = "Category"; Value = "Signal LEDs"; VariantName = "[No Variations]"
Change Simulation Model (AddParameter): Name = "Chip Technology"; Value = "InGaN"; VariantName = "[No Variations]"
Change Simulation Model (AddParameter): Name = "ComponentLink1Description"; Value = "Website Link"; VariantName = "[No Variations]"
Change Simulation Model (AddParameter): Name = "ComponentLink1URL"; Value = "https://www.we-online.com/redexpert/article/150060GS55040?ad"; VariantName = "[No Variations]"
Change Simulation Model (AddParameter): Name = "ComponentLink2Description"; Value = "Datasheet Link"; VariantName = "[No Variations]"
Change Simulation Model (AddParameter): Name = "ComponentLink2URL"; Value = "https://www.we-online.com/redexpert/spec/150060GS55040?ad"; VariantName = "[No Variations]"
Change Simulation Model (AddParameter): Name = "Dominant Wavelength"; Value = "525nm"; VariantName = "[No Variations]"
Change Simulation Model (AddParameter): Name = "Emitting Color"; Value = "Green"; VariantName = "[No Variations]"
Change Simulation Model (AddParameter): Name = "Forward Voltage"; Value = "3.2V"; VariantName = "[No Variations]"
Change Simulation Model (AddParameter): Name = "Height"; Value = "0.4mm"; VariantName = "[No Variations]"
Change Simulation Model (AddParameter): Name = "Length"; Value = "1.6mm"; VariantName = "[No Variations]"
Change Simulation Model (AddParameter): Name = "Luminous Intensity"; Value = "430mcd"; VariantName = "[No Variations]"
Change Simulation Model (AddParameter): Name = "Manufacturer"; Value = "Wurth Elektronik"; VariantName = "[No Variations]"
Change Simulation Model (AddParameter): Name = "Manufacturer Part Number"; Value = "150060GS55040"; VariantName = "[No Variations]"
Change Simulation Model (AddParameter): Name = "Match Code"; Value = "WL-SMCD"; VariantName = "[No Variations]"
Change Simulation Model (AddParameter): Name = "Mount"; Value = "Surface Mount"; VariantName = "[No Variations]"
Change Simulation Model (AddParameter): Name = "Operating Temperature Max"; Value = "85∞C"; VariantName = "[No Variations]"
Change Simulation Model (AddParameter): Name = "Operating Temperature Min"; Value = "-40∞C"; VariantName = "[No Variations]"
Change Simulation Model (AddParameter): Name = "Packaging"; Value = "Tape and Reel"; VariantName = "[No Variations]"
Change Simulation Model (AddParameter): Name = "Peak Wavelength"; Value = "520nm"; VariantName = "[No Variations]"
Change Simulation Model (AddParameter): Name = "Viewing Angle"; Value = "140∞"; VariantName = "[No Variations]"
Change Simulation Model (AddParameter): Name = "Width"; Value = "0.8mm"; VariantName = "[No Variations]"
Change Simulation Model (AddParameter): Name = "Case/Size Code"; Value = "0603"; VariantName = "[No Variations]"
Change Simulation Model (AddParameter): Name = "Category"; Value = "Signal LEDs"; VariantName = "[No Variations]"
Change Simulation Model (AddParameter): Name = "Chip Technology"; Value = "InGaN"; VariantName = "[No Variations]"
Change Simulation Model (AddParameter): Name = "ComponentLink1Description"; Value = "Website Link"; VariantName = "[No Variations]"
Change Simulation Model (AddParameter): Name = "ComponentLink1URL"; Value = "https://www.we-online.com/redexpert/article/150060BS55040?ad"; VariantName = "[No Variations]"
Change Simulation Model (AddParameter): Name = "ComponentLink2Description"; Value = "Datasheet Link"; VariantName = "[No Variations]"
Change Simulation Model (AddParameter): Name = "ComponentLink2URL"; Value = "https://www.we-online.com/redexpert/spec/150060BS55040?ad"; VariantName = "[No Variations]"
Change Simulation Model (AddParameter): Name = "Dominant Wavelength"; Value = "470nm"; VariantName = "[No Variations]"
Change Simulation Model (AddParameter): Name = "Emitting Color"; Value = "Blue"; VariantName = "[No Variations]"
Change Simulation Model (AddParameter): Name = "Forward Voltage"; Value = "3.2V"; VariantName = "[No Variations]"
Change Simulation Model (AddParameter): Name = "Height"; Value = "0.4mm"; VariantName = "[No Variations]"
Change Simulation Model (AddParameter): Name = "Length"; Value = "1.6mm"; VariantName = "[No Variations]"
Change Simulation Model (AddParameter): Name = "Luminous Intensity"; Value = "80mcd"; VariantName = "[No Variations]"
Change Simulation Model (AddParameter): Name = "Manufacturer"; Value = "Wurth Elektronik"; VariantName = "[No Variations]"
Change Simulation Model (AddParameter): Name = "Manufacturer Part Number"; Value = "150060BS55040"; VariantName = "[No Variations]"
Change Simulation Model (AddParameter): Name = "Match Code"; Value = "WL-SMCD"; VariantName = "[No Variations]"
Change Simulation Model (AddParameter): Name = "Mount"; Value = "Surface Mount"; VariantName = "[No Variations]"
Change Simulation Model (AddParameter): Name = "Operating Temperature Max"; Value = "85∞C"; VariantName = "[No Variations]"
Change Simulation Model (AddParameter): Name = "Operating Temperature Min"; Value = "-40∞C"; VariantName = "[No Variations]"
Change Simulation Model (AddParameter): Name = "Packaging"; Value = "Tape and Reel"; VariantName = "[No Variations]"
Change Simulation Model (AddParameter): Name = "Peak Wavelength"; Value = "465nm"; VariantName = "[No Variations]"
Change Simulation Model (AddParameter): Name = "Viewing Angle"; Value = "140∞"; VariantName = "[No Variations]"
Change Simulation Model (AddParameter): Name = "Width"; Value = "0.8mm"; VariantName = "[No Variations]"
Change Simulation Model (AddParameter): Name = "Case/Size Code"; Value = "0603"; VariantName = "[No Variations]"
Change Simulation Model (AddParameter): Name = "Category"; Value = "Signal LEDs"; VariantName = "[No Variations]"
Change Simulation Model (AddParameter): Name = "Chip Technology"; Value = "InGaN"; VariantName = "[No Variations]"
Change Simulation Model (AddParameter): Name = "ComponentLink1Description"; Value = "Website Link"; VariantName = "[No Variations]"
Change Simulation Model (AddParameter): Name = "ComponentLink1URL"; Value = "https://www.we-online.com/redexpert/article/150060GS55040?ad"; VariantName = "[No Variations]"
Change Simulation Model (AddParameter): Name = "ComponentLink2Description"; Value = "Datasheet Link"; VariantName = "[No Variations]"
Change Simulation Model (AddParameter): Name = "ComponentLink2URL"; Value = "https://www.we-online.com/redexpert/spec/150060GS55040?ad"; VariantName = "[No Variations]"
Change Simulation Model (AddParameter): Name = "Dominant Wavelength"; Value = "525nm"; VariantName = "[No Variations]"
Change Simulation Model (AddParameter): Name = "Emitting Color"; Value = "Green"; VariantName = "[No Variations]"
Change Simulation Model (AddParameter): Name = "Forward Voltage"; Value = "3.2V"; VariantName = "[No Variations]"
Change Simulation Model (AddParameter): Name = "Height"; Value = "0.4mm"; VariantName = "[No Variations]"
Change Simulation Model (AddParameter): Name = "Length"; Value = "1.6mm"; VariantName = "[No Variations]"
Change Simulation Model (AddParameter): Name = "Luminous Intensity"; Value = "430mcd"; VariantName = "[No Variations]"
Change Simulation Model (AddParameter): Name = "Manufacturer"; Value = "Wurth Elektronik"; VariantName = "[No Variations]"
Change Simulation Model (AddParameter): Name = "Manufacturer Part Number"; Value = "150060GS55040"; VariantName = "[No Variations]"
Change Simulation Model (AddParameter): Name = "Match Code"; Value = "WL-SMCD"; VariantName = "[No Variations]"
Change Simulation Model (AddParameter): Name = "Mount"; Value = "Surface Mount"; VariantName = "[No Variations]"
Change Simulation Model (AddParameter): Name = "Operating Temperature Max"; Value = "85∞C"; VariantName = "[No Variations]"
Change Simulation Model (AddParameter): Name = "Operating Temperature Min"; Value = "-40∞C"; VariantName = "[No Variations]"
Change Simulation Model (AddParameter): Name = "Packaging"; Value = "Tape and Reel"; VariantName = "[No Variations]"
Change Simulation Model (AddParameter): Name = "Peak Wavelength"; Value = "520nm"; VariantName = "[No Variations]"
Change Simulation Model (AddParameter): Name = "Viewing Angle"; Value = "140∞"; VariantName = "[No Variations]"
Change Simulation Model (AddParameter): Name = "Width"; Value = "0.8mm"; VariantName = "[No Variations]"
