Add Component: Footprint Not Found USB_C
Add Component: Footprint Not Found USB_C
Add Component: Footprint Not Found USB_C
Add Pin To Net: Unknown Pin: Pin J2-A1
Add Pin To Net: Unknown Pin: Pin J2-A2
Add Pin To Net: Unknown Pin: Pin J2-A3
Add Pin To Net: Unknown Pin: Pin J2-A4
Add Pin To Net: Unknown Pin: Pin J2-A5
Add Pin To Net: Unknown Pin: Pin J2-A6
Add Pin To Net: Unknown Pin: Pin J2-A7
Add Pin To Net: Unknown Pin: Pin J2-A8
Add Pin To Net: Unknown Pin: Pin J2-A9
Add Pin To Net: Unknown Pin: Pin J2-A10
Add Pin To Net: Unknown Pin: Pin J2-A11
Add Pin To Net: Unknown Pin: Pin J2-A12
Add Pin To Net: Unknown Pin: Pin J2-B1
Add Pin To Net: Unknown Pin: Pin J2-B2
Add Pin To Net: Unknown Pin: Pin J2-B3
Add Pin To Net: Unknown Pin: Pin J2-B4
Add Pin To Net: Unknown Pin: Pin J2-B5
Add Pin To Net: Unknown Pin: Pin J2-B6
Add Pin To Net: Unknown Pin: Pin J2-B7
Add Pin To Net: Unknown Pin: Pin J2-B8
Add Pin To Net: Unknown Pin: Pin J2-B9
Add Pin To Net: Unknown Pin: Pin J2-B10
Add Pin To Net: Unknown Pin: Pin J2-B11
Add Pin To Net: Unknown Pin: Pin J2-B12
Add Pin To Net: Unknown Pin: Pin J2-SH1
Add Pin To Net: Unknown Pin: Pin J2-SH2
Add Pin To Net: Unknown Pin: Pin J2-SH3
Add Pin To Net: Unknown Pin: Pin J2-SH4
Add Pin To Net: Unknown Pin: Pin J3-A1
Add Pin To Net: Unknown Pin: Pin J3-A2
Add Pin To Net: Unknown Pin: Pin J3-A3
Add Pin To Net: Unknown Pin: Pin J3-A4
Add Pin To Net: Unknown Pin: Pin J3-A5
Add Pin To Net: Unknown Pin: Pin J3-A6
Add Pin To Net: Unknown Pin: Pin J3-A7
Add Pin To Net: Unknown Pin: Pin J3-A8
Add Pin To Net: Unknown Pin: Pin J3-A9
Add Pin To Net: Unknown Pin: Pin J3-A10
Add Pin To Net: Unknown Pin: Pin J3-A11
Add Pin To Net: Unknown Pin: Pin J3-A12
Add Pin To Net: Unknown Pin: Pin J3-B1
Add Pin To Net: Unknown Pin: Pin J3-B2
Add Pin To Net: Unknown Pin: Pin J3-B3
Add Pin To Net: Unknown Pin: Pin J3-B4
Add Pin To Net: Unknown Pin: Pin J3-B5
Add Pin To Net: Unknown Pin: Pin J3-B6
Add Pin To Net: Unknown Pin: Pin J3-B7
Add Pin To Net: Unknown Pin: Pin J3-B8
Add Pin To Net: Unknown Pin: Pin J3-B9
Add Pin To Net: Unknown Pin: Pin J3-B10
Add Pin To Net: Unknown Pin: Pin J3-B11
Add Pin To Net: Unknown Pin: Pin J3-B12
Add Pin To Net: Unknown Pin: Pin J3-SH1
Add Pin To Net: Unknown Pin: Pin J3-SH2
Add Pin To Net: Unknown Pin: Pin J3-SH3
Add Pin To Net: Unknown Pin: Pin J3-SH4
Add Pin To Net: Unknown Pin: Pin J10-A1
Add Pin To Net: Unknown Pin: Pin J10-A4
Add Pin To Net: Unknown Pin: Pin J10-A5
Add Pin To Net: Unknown Pin: Pin J10-A6
Add Pin To Net: Unknown Pin: Pin J10-A7
Add Pin To Net: Unknown Pin: Pin J10-A9
Add Pin To Net: Unknown Pin: Pin J10-A12
Add Pin To Net: Unknown Pin: Pin J10-B1
Add Pin To Net: Unknown Pin: Pin J10-B4
Add Pin To Net: Unknown Pin: Pin J10-B5
Add Pin To Net: Unknown Pin: Pin J10-B6
Add Pin To Net: Unknown Pin: Pin J10-B7
Add Pin To Net: Unknown Pin: Pin J10-B9
Add Pin To Net: Unknown Pin: Pin J10-B12
Add Pin To Net: Unknown Pin: Pin J10-SH1
Add Pin To Net: Unknown Pin: Pin J10-SH2
Add Pin To Net: Unknown Pin: Pin J10-SH3
Add Pin To Net: Unknown Pin: Pin J10-SH4
Add Class Member: Failed to add class member : Component J2 USBC
Add Class Member: Failed to add class member : Component J3 USBC
Add Class Member: Failed to add class member : Component J10 USBC
