Added Component: Designator=CON1(DF40HC30100DS04V51_MOD)
Add component (AddParameter): Name = "Arrow Part Number"; Value = "DF40HC(3.0)-100DS-0.4V(51"; VariantName = "[No Variations]"
Add component (AddParameter): Name = "Arrow Price/Stock"; Value = "https://www.arrow.com/en/products/df40hc-3.0-100ds-0.4v-51/hirose-electric"; VariantName = "[No Variations]"
Add component (AddParameter): Name = "Category"; Value = "Headers and Wire Housings"; VariantName = "[No Variations]"
Add component (AddParameter): Name = "ComponentLink1Description"; Value = "https://datasheet.ciiva.com/13559/ed-df40-20140305-13559540.pdf?src-supplier=Mouser"; VariantName = "[No Variations]"
Add component (AddParameter): Name = "ComponentLink1URL"; Value = "https://datasheet.ciiva.com/13559/ed-df40-20140305-13559540.pdf?src-supplier=Mouser"; VariantName = "[No Variations]"
Add component (AddParameter): Name = "Connector Type"; Value = "Receptacle"; VariantName = "[No Variations]"
Add component (AddParameter): Name = "Contact Material"; Value = "Nickel,Gold"; VariantName = "[No Variations]"
Add component (AddParameter): Name = "Contact Pitch"; Value = "400um"; VariantName = "[No Variations]"
Add component (AddParameter): Name = "Contact Plating"; Value = "Gold"; VariantName = "[No Variations]"
Add component (AddParameter): Name = "Contact Resistance"; Value = "90mR"; VariantName = "[No Variations]"
Add component (AddParameter): Name = "Contact Voltage Rating (AC)"; Value = "30V"; VariantName = "[No Variations]"
Add component (AddParameter): Name = "Contact Voltage Rating (DC)"; Value = "30V"; VariantName = "[No Variations]"
Add component (AddParameter): Name = "Current Rating"; Value = "300mA"; VariantName = "[No Variations]"
Add component (AddParameter): Name = "Datasheet Link"; Value = "https://componentsearchengine.com/Datasheets/1/DF40HC(3.0)-100DS-0.4V(51.pdf"; VariantName = "[No Variations]"
Add component (AddParameter): Name = "Height"; Value = "3.05mm"; VariantName = "[No Variations]"
Add component (AddParameter): Name = "Housing Color"; Value = "Black"; VariantName = "[No Variations]"
Add component (AddParameter): Name = "Length"; Value = "22.6mm"; VariantName = "[No Variations]"
Add component (AddParameter): Name = "Manufacturer"; Value = "Hirose"; VariantName = "[No Variations]"
Add component (AddParameter): Name = "Manufacturer Part Number"; Value = "DF40HC(3.0)-100DS-0.4V(51"; VariantName = "[No Variations]"
Add component (AddParameter): Name = "Manufacturer_Name"; Value = "Hirose"; VariantName = "[No Variations]"
Add component (AddParameter): Name = "Manufacturer_Part_Number"; Value = "DF40HC(3.0)-100DS-0.4V(51"; VariantName = "[No Variations]"
Add component (AddParameter): Name = "Mated Stacking Heights"; Value = "3mm"; VariantName = "[No Variations]"
Add component (AddParameter): Name = "Max Operating Temperature"; Value = "85°C"; VariantName = "[No Variations]"
Add component (AddParameter): Name = "Min Operating Temperature"; Value = "-35°C"; VariantName = "[No Variations]"
Add component (AddParameter): Name = "Mounting Technology"; Value = "Surface Mount"; VariantName = "[No Variations]"
Add component (AddParameter): Name = "Mouser Part Number"; Value = "798-DF40HC30100DS451"; VariantName = "[No Variations]"
Add component (AddParameter): Name = "Mouser Price/Stock"; Value = "https://www.mouser.co.uk/ProductDetail/Hirose-Connector/DF40HC3.0-100DS-0.4V51?qs=%252BAZVS4b%2FkgIV%252B3vHYy2dCA%3D%3D"; VariantName = "[No Variations]"
Add component (AddParameter): Name = "Number of Contacts"; Value = "100"; VariantName = "[No Variations]"
Add component (AddParameter): Name = "Number of Positions"; Value = "100"; VariantName = "[No Variations]"
Add component (AddParameter): Name = "Number of Rows"; Value = "2"; VariantName = "[No Variations]"
Add component (AddParameter): Name = "Orientation"; Value = "Straight"; VariantName = "[No Variations]"
Add component (AddParameter): Name = "Package Quantity"; Value = "3000"; VariantName = "[No Variations]"
Add component (AddParameter): Name = "Packaging"; Value = "Tape and Reel"; VariantName = "[No Variations]"
Add component (AddParameter): Name = "Pricing"; Value = "1=2.61, 10=2.219, 25=2.0796, 50=1.9804, 100=1.8858, 250=1.76764, 500=1.68326, 1000=1.6524 (USD)"; VariantName = "[No Variations]"
Add component (AddParameter): Name = "RoHS"; Value = "Yes"; VariantName = "[No Variations]"
Add component (AddParameter): Name = "Series"; Value = "DF40"; VariantName = "[No Variations]"
Add component (AddParameter): Name = "Stock"; Value = "5604"; VariantName = "[No Variations]"
Add component (AddParameter): Name = "Supplier"; Value = "Digikey"; VariantName = "[No Variations]"
Add component (AddParameter): Name = "Supplier Part Number"; Value = "26-DF40HC(3.0)-100DS-0.4V(51)CT-ND"; VariantName = "[No Variations]"
Add component (AddParameter): Name = "Voltage Rating"; Value = "30V"; VariantName = "[No Variations]"
Add component (AddParameter): Name = "Width"; Value = "3.38mm"; VariantName = "[No Variations]"
Added Component: Designator=CON2(DF40HC30100DS04V51_MOD)
Add component (AddParameter): Name = "Arrow Part Number"; Value = "DF40HC(3.0)-100DS-0.4V(51"; VariantName = "[No Variations]"
Add component (AddParameter): Name = "Arrow Price/Stock"; Value = "https://www.arrow.com/en/products/df40hc-3.0-100ds-0.4v-51/hirose-electric"; VariantName = "[No Variations]"
Add component (AddParameter): Name = "Category"; Value = "Headers and Wire Housings"; VariantName = "[No Variations]"
Add component (AddParameter): Name = "ComponentLink1Description"; Value = "https://datasheet.ciiva.com/13559/ed-df40-20140305-13559540.pdf?src-supplier=Mouser"; VariantName = "[No Variations]"
Add component (AddParameter): Name = "ComponentLink1URL"; Value = "https://datasheet.ciiva.com/13559/ed-df40-20140305-13559540.pdf?src-supplier=Mouser"; VariantName = "[No Variations]"
Add component (AddParameter): Name = "Connector Type"; Value = "Receptacle"; VariantName = "[No Variations]"
Add component (AddParameter): Name = "Contact Material"; Value = "Nickel,Gold"; VariantName = "[No Variations]"
Add component (AddParameter): Name = "Contact Pitch"; Value = "400um"; VariantName = "[No Variations]"
Add component (AddParameter): Name = "Contact Plating"; Value = "Gold"; VariantName = "[No Variations]"
Add component (AddParameter): Name = "Contact Resistance"; Value = "90mR"; VariantName = "[No Variations]"
Add component (AddParameter): Name = "Contact Voltage Rating (AC)"; Value = "30V"; VariantName = "[No Variations]"
Add component (AddParameter): Name = "Contact Voltage Rating (DC)"; Value = "30V"; VariantName = "[No Variations]"
Add component (AddParameter): Name = "Current Rating"; Value = "300mA"; VariantName = "[No Variations]"
Add component (AddParameter): Name = "Datasheet Link"; Value = "https://componentsearchengine.com/Datasheets/1/DF40HC(3.0)-100DS-0.4V(51.pdf"; VariantName = "[No Variations]"
Add component (AddParameter): Name = "Height"; Value = "3.05mm"; VariantName = "[No Variations]"
Add component (AddParameter): Name = "Housing Color"; Value = "Black"; VariantName = "[No Variations]"
Add component (AddParameter): Name = "Length"; Value = "22.6mm"; VariantName = "[No Variations]"
Add component (AddParameter): Name = "Manufacturer"; Value = "Hirose"; VariantName = "[No Variations]"
Add component (AddParameter): Name = "Manufacturer Part Number"; Value = "DF40HC(3.0)-100DS-0.4V(51"; VariantName = "[No Variations]"
Add component (AddParameter): Name = "Manufacturer_Name"; Value = "Hirose"; VariantName = "[No Variations]"
Add component (AddParameter): Name = "Manufacturer_Part_Number"; Value = "DF40HC(3.0)-100DS-0.4V(51"; VariantName = "[No Variations]"
Add component (AddParameter): Name = "Mated Stacking Heights"; Value = "3mm"; VariantName = "[No Variations]"
Add component (AddParameter): Name = "Max Operating Temperature"; Value = "85°C"; VariantName = "[No Variations]"
Add component (AddParameter): Name = "Min Operating Temperature"; Value = "-35°C"; VariantName = "[No Variations]"
Add component (AddParameter): Name = "Mounting Technology"; Value = "Surface Mount"; VariantName = "[No Variations]"
Add component (AddParameter): Name = "Mouser Part Number"; Value = "798-DF40HC30100DS451"; VariantName = "[No Variations]"
Add component (AddParameter): Name = "Mouser Price/Stock"; Value = "https://www.mouser.co.uk/ProductDetail/Hirose-Connector/DF40HC3.0-100DS-0.4V51?qs=%252BAZVS4b%2FkgIV%252B3vHYy2dCA%3D%3D"; VariantName = "[No Variations]"
Add component (AddParameter): Name = "Number of Contacts"; Value = "100"; VariantName = "[No Variations]"
Add component (AddParameter): Name = "Number of Positions"; Value = "100"; VariantName = "[No Variations]"
Add component (AddParameter): Name = "Number of Rows"; Value = "2"; VariantName = "[No Variations]"
Add component (AddParameter): Name = "Orientation"; Value = "Straight"; VariantName = "[No Variations]"
Add component (AddParameter): Name = "Package Quantity"; Value = "3000"; VariantName = "[No Variations]"
Add component (AddParameter): Name = "Packaging"; Value = "Tape and Reel"; VariantName = "[No Variations]"
Add component (AddParameter): Name = "Pricing"; Value = "1=2.61, 10=2.219, 25=2.0796, 50=1.9804, 100=1.8858, 250=1.76764, 500=1.68326, 1000=1.6524 (USD)"; VariantName = "[No Variations]"
Add component (AddParameter): Name = "RoHS"; Value = "Yes"; VariantName = "[No Variations]"
Add component (AddParameter): Name = "Series"; Value = "DF40"; VariantName = "[No Variations]"
Add component (AddParameter): Name = "Stock"; Value = "5604"; VariantName = "[No Variations]"
Add component (AddParameter): Name = "Supplier"; Value = "Digikey"; VariantName = "[No Variations]"
Add component (AddParameter): Name = "Supplier Part Number"; Value = "26-DF40HC(3.0)-100DS-0.4V(51)CT-ND"; VariantName = "[No Variations]"
Add component (AddParameter): Name = "Voltage Rating"; Value = "30V"; VariantName = "[No Variations]"
Add component (AddParameter): Name = "Width"; Value = "3.38mm"; VariantName = "[No Variations]"
Added Component: Designator=CON3(DF40HC30100DS04V51_MOD)
Add component (AddParameter): Name = "Arrow Part Number"; Value = "DF40HC(3.0)-100DS-0.4V(51"; VariantName = "[No Variations]"
Add component (AddParameter): Name = "Arrow Price/Stock"; Value = "https://www.arrow.com/en/products/df40hc-3.0-100ds-0.4v-51/hirose-electric"; VariantName = "[No Variations]"
Add component (AddParameter): Name = "Category"; Value = "Headers and Wire Housings"; VariantName = "[No Variations]"
Add component (AddParameter): Name = "ComponentLink1Description"; Value = "https://datasheet.ciiva.com/13559/ed-df40-20140305-13559540.pdf?src-supplier=Mouser"; VariantName = "[No Variations]"
Add component (AddParameter): Name = "ComponentLink1URL"; Value = "https://datasheet.ciiva.com/13559/ed-df40-20140305-13559540.pdf?src-supplier=Mouser"; VariantName = "[No Variations]"
Add component (AddParameter): Name = "Connector Type"; Value = "Receptacle"; VariantName = "[No Variations]"
Add component (AddParameter): Name = "Contact Material"; Value = "Nickel,Gold"; VariantName = "[No Variations]"
Add component (AddParameter): Name = "Contact Pitch"; Value = "400um"; VariantName = "[No Variations]"
Add component (AddParameter): Name = "Contact Plating"; Value = "Gold"; VariantName = "[No Variations]"
Add component (AddParameter): Name = "Contact Resistance"; Value = "90mR"; VariantName = "[No Variations]"
Add component (AddParameter): Name = "Contact Voltage Rating (AC)"; Value = "30V"; VariantName = "[No Variations]"
Add component (AddParameter): Name = "Contact Voltage Rating (DC)"; Value = "30V"; VariantName = "[No Variations]"
Add component (AddParameter): Name = "Current Rating"; Value = "300mA"; VariantName = "[No Variations]"
Add component (AddParameter): Name = "Datasheet Link"; Value = "https://componentsearchengine.com/Datasheets/1/DF40HC(3.0)-100DS-0.4V(51.pdf"; VariantName = "[No Variations]"
Add component (AddParameter): Name = "Height"; Value = "3.05mm"; VariantName = "[No Variations]"
Add component (AddParameter): Name = "Housing Color"; Value = "Black"; VariantName = "[No Variations]"
Add component (AddParameter): Name = "Length"; Value = "22.6mm"; VariantName = "[No Variations]"
Add component (AddParameter): Name = "Manufacturer"; Value = "Hirose"; VariantName = "[No Variations]"
Add component (AddParameter): Name = "Manufacturer Part Number"; Value = "DF40HC(3.0)-100DS-0.4V(51"; VariantName = "[No Variations]"
Add component (AddParameter): Name = "Manufacturer_Name"; Value = "Hirose"; VariantName = "[No Variations]"
Add component (AddParameter): Name = "Manufacturer_Part_Number"; Value = "DF40HC(3.0)-100DS-0.4V(51"; VariantName = "[No Variations]"
Add component (AddParameter): Name = "Mated Stacking Heights"; Value = "3mm"; VariantName = "[No Variations]"
Add component (AddParameter): Name = "Max Operating Temperature"; Value = "85°C"; VariantName = "[No Variations]"
Add component (AddParameter): Name = "Min Operating Temperature"; Value = "-35°C"; VariantName = "[No Variations]"
Add component (AddParameter): Name = "Mounting Technology"; Value = "Surface Mount"; VariantName = "[No Variations]"
Add component (AddParameter): Name = "Mouser Part Number"; Value = "798-DF40HC30100DS451"; VariantName = "[No Variations]"
Add component (AddParameter): Name = "Mouser Price/Stock"; Value = "https://www.mouser.co.uk/ProductDetail/Hirose-Connector/DF40HC3.0-100DS-0.4V51?qs=%252BAZVS4b%2FkgIV%252B3vHYy2dCA%3D%3D"; VariantName = "[No Variations]"
Add component (AddParameter): Name = "Number of Contacts"; Value = "100"; VariantName = "[No Variations]"
Add component (AddParameter): Name = "Number of Positions"; Value = "100"; VariantName = "[No Variations]"
Add component (AddParameter): Name = "Number of Rows"; Value = "2"; VariantName = "[No Variations]"
Add component (AddParameter): Name = "Orientation"; Value = "Straight"; VariantName = "[No Variations]"
Add component (AddParameter): Name = "Package Quantity"; Value = "3000"; VariantName = "[No Variations]"
Add component (AddParameter): Name = "Packaging"; Value = "Tape and Reel"; VariantName = "[No Variations]"
Add component (AddParameter): Name = "Pricing"; Value = "1=2.61, 10=2.219, 25=2.0796, 50=1.9804, 100=1.8858, 250=1.76764, 500=1.68326, 1000=1.6524 (USD)"; VariantName = "[No Variations]"
Add component (AddParameter): Name = "RoHS"; Value = "Yes"; VariantName = "[No Variations]"
Add component (AddParameter): Name = "Series"; Value = "DF40"; VariantName = "[No Variations]"
Add component (AddParameter): Name = "Stock"; Value = "5604"; VariantName = "[No Variations]"
Add component (AddParameter): Name = "Supplier"; Value = "Digikey"; VariantName = "[No Variations]"
Add component (AddParameter): Name = "Supplier Part Number"; Value = "26-DF40HC(3.0)-100DS-0.4V(51)CT-ND"; VariantName = "[No Variations]"
Add component (AddParameter): Name = "Voltage Rating"; Value = "30V"; VariantName = "[No Variations]"
Add component (AddParameter): Name = "Width"; Value = "3.38mm"; VariantName = "[No Variations]"
Added Component: Designator=CON4(DF40HC30100DS04V51_MOD)
Add component (AddParameter): Name = "Arrow Part Number"; Value = "DF40HC(3.0)-100DS-0.4V(51"; VariantName = "[No Variations]"
Add component (AddParameter): Name = "Arrow Price/Stock"; Value = "https://www.arrow.com/en/products/df40hc-3.0-100ds-0.4v-51/hirose-electric"; VariantName = "[No Variations]"
Add component (AddParameter): Name = "Category"; Value = "Headers and Wire Housings"; VariantName = "[No Variations]"
Add component (AddParameter): Name = "ComponentLink1Description"; Value = "https://datasheet.ciiva.com/13559/ed-df40-20140305-13559540.pdf?src-supplier=Mouser"; VariantName = "[No Variations]"
Add component (AddParameter): Name = "ComponentLink1URL"; Value = "https://datasheet.ciiva.com/13559/ed-df40-20140305-13559540.pdf?src-supplier=Mouser"; VariantName = "[No Variations]"
Add component (AddParameter): Name = "Connector Type"; Value = "Receptacle"; VariantName = "[No Variations]"
Add component (AddParameter): Name = "Contact Material"; Value = "Nickel,Gold"; VariantName = "[No Variations]"
Add component (AddParameter): Name = "Contact Pitch"; Value = "400um"; VariantName = "[No Variations]"
Add component (AddParameter): Name = "Contact Plating"; Value = "Gold"; VariantName = "[No Variations]"
Add component (AddParameter): Name = "Contact Resistance"; Value = "90mR"; VariantName = "[No Variations]"
Add component (AddParameter): Name = "Contact Voltage Rating (AC)"; Value = "30V"; VariantName = "[No Variations]"
Add component (AddParameter): Name = "Contact Voltage Rating (DC)"; Value = "30V"; VariantName = "[No Variations]"
Add component (AddParameter): Name = "Current Rating"; Value = "300mA"; VariantName = "[No Variations]"
Add component (AddParameter): Name = "Datasheet Link"; Value = "https://componentsearchengine.com/Datasheets/1/DF40HC(3.0)-100DS-0.4V(51.pdf"; VariantName = "[No Variations]"
Add component (AddParameter): Name = "Height"; Value = "3.05mm"; VariantName = "[No Variations]"
Add component (AddParameter): Name = "Housing Color"; Value = "Black"; VariantName = "[No Variations]"
Add component (AddParameter): Name = "Length"; Value = "22.6mm"; VariantName = "[No Variations]"
Add component (AddParameter): Name = "Manufacturer"; Value = "Hirose"; VariantName = "[No Variations]"
Add component (AddParameter): Name = "Manufacturer Part Number"; Value = "DF40HC(3.0)-100DS-0.4V(51"; VariantName = "[No Variations]"
Add component (AddParameter): Name = "Manufacturer_Name"; Value = "Hirose"; VariantName = "[No Variations]"
Add component (AddParameter): Name = "Manufacturer_Part_Number"; Value = "DF40HC(3.0)-100DS-0.4V(51"; VariantName = "[No Variations]"
Add component (AddParameter): Name = "Mated Stacking Heights"; Value = "3mm"; VariantName = "[No Variations]"
Add component (AddParameter): Name = "Max Operating Temperature"; Value = "85°C"; VariantName = "[No Variations]"
Add component (AddParameter): Name = "Min Operating Temperature"; Value = "-35°C"; VariantName = "[No Variations]"
Add component (AddParameter): Name = "Mounting Technology"; Value = "Surface Mount"; VariantName = "[No Variations]"
Add component (AddParameter): Name = "Mouser Part Number"; Value = "798-DF40HC30100DS451"; VariantName = "[No Variations]"
Add component (AddParameter): Name = "Mouser Price/Stock"; Value = "https://www.mouser.co.uk/ProductDetail/Hirose-Connector/DF40HC3.0-100DS-0.4V51?qs=%252BAZVS4b%2FkgIV%252B3vHYy2dCA%3D%3D"; VariantName = "[No Variations]"
Add component (AddParameter): Name = "Number of Contacts"; Value = "100"; VariantName = "[No Variations]"
Add component (AddParameter): Name = "Number of Positions"; Value = "100"; VariantName = "[No Variations]"
Add component (AddParameter): Name = "Number of Rows"; Value = "2"; VariantName = "[No Variations]"
Add component (AddParameter): Name = "Orientation"; Value = "Straight"; VariantName = "[No Variations]"
Add component (AddParameter): Name = "Package Quantity"; Value = "3000"; VariantName = "[No Variations]"
Add component (AddParameter): Name = "Packaging"; Value = "Tape and Reel"; VariantName = "[No Variations]"
Add component (AddParameter): Name = "Pricing"; Value = "1=2.61, 10=2.219, 25=2.0796, 50=1.9804, 100=1.8858, 250=1.76764, 500=1.68326, 1000=1.6524 (USD)"; VariantName = "[No Variations]"
Add component (AddParameter): Name = "RoHS"; Value = "Yes"; VariantName = "[No Variations]"
Add component (AddParameter): Name = "Series"; Value = "DF40"; VariantName = "[No Variations]"
Add component (AddParameter): Name = "Stock"; Value = "5604"; VariantName = "[No Variations]"
Add component (AddParameter): Name = "Supplier"; Value = "Digikey"; VariantName = "[No Variations]"
Add component (AddParameter): Name = "Supplier Part Number"; Value = "26-DF40HC(3.0)-100DS-0.4V(51)CT-ND"; VariantName = "[No Variations]"
Add component (AddParameter): Name = "Voltage Rating"; Value = "30V"; VariantName = "[No Variations]"
Add component (AddParameter): Name = "Width"; Value = "3.38mm"; VariantName = "[No Variations]"
Added Pin To Net: NetName=NetCON1_1 Pin=CON1-1
Added Pin To Net: NetName=NetCON1_1 Pin=CON1-2
Added Pin To Net: NetName=NetCON1_1 Pin=CON1-3
Added Pin To Net: NetName=NetCON1_1 Pin=CON1-4
Added Pin To Net: NetName=NetCON1_1 Pin=CON1-5
Added Pin To Net: NetName=NetCON1_1 Pin=CON1-6
Added Pin To Net: NetName=NetCON1_1 Pin=CON1-7
Added Pin To Net: NetName=NetCON1_1 Pin=CON1-8
Added Pin To Net: NetName=NetCON1_1 Pin=CON1-9
Added Pin To Net: NetName=NetCON1_1 Pin=CON1-10
Added Pin To Net: NetName=PACK- Pin=CON1-11
Added Pin To Net: NetName=PACK- Pin=CON1-12
Added Pin To Net: NetName=PACK- Pin=CON1-13
Added Pin To Net: NetName=BOOT_SARADC_IN0 Pin=CON1-15
Added Pin To Net: NetName=RESET_L Pin=CON1-16
Added Pin To Net: NetName=PWRON_L Pin=CON1-17
Added Pin To Net: NetName=VDC_MODE Pin=CON1-18
Added Pin To Net: NetName=PMIC_EXT_EN_OUT Pin=CON1-19
Added Pin To Net: NetName=UART2_TX_M0_DEBUG Pin=CON1-20
Added Pin To Net: NetName=GPIO2_C0 Pin=CON1-21
Added Pin To Net: NetName=UART2_RX_M0_DEBUG Pin=CON1-22
Added Pin To Net: NetName=PACK- Pin=CON1-24
Added Pin To Net: NetName=GPIO2_C3 Pin=CON1-27
Added Pin To Net: NetName=GPIO4_C3 Pin=CON1-28
Added Pin To Net: NetName=GPIO4_C4/MIPI_CAM1_RESET_L Pin=CON1-30
Added Pin To Net: NetName=PACK- Pin=CON1-33
Added Pin To Net: NetName=PACK- Pin=CON1-34
Added Pin To Net: NetName=PACK- Pin=CON1-39
Added Pin To Net: NetName=PACK- Pin=CON1-40
Added Pin To Net: NetName=PACK- Pin=CON1-45
Added Pin To Net: NetName=PACK- Pin=CON1-46
Added Pin To Net: NetName=PACK- Pin=CON1-51
Added Pin To Net: NetName=PACK- Pin=CON1-52
Added Pin To Net: NetName=PACK- Pin=CON1-57
Added Pin To Net: NetName=PACK- Pin=CON1-58
Added Pin To Net: NetName=PACK- Pin=CON1-63
Added Pin To Net: NetName=PACK- Pin=CON1-64
Added Pin To Net: NetName=PACK- Pin=CON1-69
Added Pin To Net: NetName=PACK- Pin=CON1-70
Added Pin To Net: NetName=LED3_25GLAN_25GLED Pin=CON1-72
Added Pin To Net: NetName=PACK- Pin=CON1-73
Added Pin To Net: NetName=LED2_25GLAN_1GLED Pin=CON1-74
Added Pin To Net: NetName=PACK- Pin=CON1-76
Added Pin To Net: NetName=PACK- Pin=CON1-77
Added Pin To Net: NetName=MDIP0_P Pin=CON1-78
Added Pin To Net: NetName=GPIO2_A6 Pin=CON1-79
Added Pin To Net: NetName=MDIP0_N Pin=CON1-80
Added Pin To Net: NetName=GPIO2_A7 Pin=CON1-81
Added Pin To Net: NetName=PACK- Pin=CON1-82
Added Pin To Net: NetName=GPIO2_B0 Pin=CON1-83
Added Pin To Net: NetName=MDIP1_P Pin=CON1-84
Added Pin To Net: NetName=GPIO2_B1 Pin=CON1-85
Added Pin To Net: NetName=MDIP1_N Pin=CON1-86
Added Pin To Net: NetName=GPIO2_B2 Pin=CON1-87
Added Pin To Net: NetName=PACK- Pin=CON1-88
Added Pin To Net: NetName=GPIO2_B3 Pin=CON1-89
Added Pin To Net: NetName=MDIP2_P Pin=CON1-90
Added Pin To Net: NetName=PACK- Pin=CON1-91
Added Pin To Net: NetName=MDIP2_N Pin=CON1-92
Added Pin To Net: NetName=PACK- Pin=CON1-94
Added Pin To Net: NetName=MDIP3_P Pin=CON1-96
Added Pin To Net: NetName=MDIP3_N Pin=CON1-98
Added Pin To Net: NetName=GPIO2_B7 Pin=CON1-99
Added Pin To Net: NetName=PACK- Pin=CON1-100
Added Pin To Net: NetName=RECOVERY Pin=CON2-1
Added Pin To Net: NetName=SDA_B Pin=CON2-5
Added Pin To Net: NetName=SCL_B Pin=CON2-7
Added Pin To Net: NetName=PACK- Pin=CON2-9
Added Pin To Net: NetName=PACK- Pin=CON2-10
Added Pin To Net: NetName=PACK- Pin=CON2-15
Added Pin To Net: NetName=PACK- Pin=CON2-16
Added Pin To Net: NetName=PACK- Pin=CON2-21
Added Pin To Net: NetName=PACK- Pin=CON2-22
Added Pin To Net: NetName=PACK- Pin=CON2-27
Added Pin To Net: NetName=PACK- Pin=CON2-28
Added Pin To Net: NetName=PACK- Pin=CON2-33
Added Pin To Net: NetName=PACK- Pin=CON2-34
Added Pin To Net: NetName=PACK- Pin=CON2-39
Added Pin To Net: NetName=PACK- Pin=CON2-40
Added Pin To Net: NetName=PACK- Pin=CON2-45
Added Pin To Net: NetName=PACK- Pin=CON2-46
Added Pin To Net: NetName=PACK- Pin=CON2-51
Added Pin To Net: NetName=PACK- Pin=CON2-52
Added Pin To Net: NetName=TX2_P Pin=CON2-53
Added Pin To Net: NetName=TX2_N Pin=CON2-55
Added Pin To Net: NetName=PACK- Pin=CON2-57
Added Pin To Net: NetName=PACK- Pin=CON2-58
Added Pin To Net: NetName=RX2_P Pin=CON2-59
Added Pin To Net: NetName=RX2_N Pin=CON2-61
Added Pin To Net: NetName=PACK- Pin=CON2-63
Added Pin To Net: NetName=PACK- Pin=CON2-64
Added Pin To Net: NetName=TX1_P Pin=CON2-65
Added Pin To Net: NetName=TX1_N Pin=CON2-67
Added Pin To Net: NetName=PACK- Pin=CON2-69
Added Pin To Net: NetName=PACK- Pin=CON2-70
Added Pin To Net: NetName=RX1_P Pin=CON2-71
Added Pin To Net: NetName=RX1_N Pin=CON2-73
Added Pin To Net: NetName=PACK- Pin=CON2-75
Added Pin To Net: NetName=PACK- Pin=CON2-76
Added Pin To Net: NetName=TTX2_P Pin=CON2-77
Added Pin To Net: NetName=TTX2_N Pin=CON2-79
Added Pin To Net: NetName=PACK- Pin=CON2-81
Added Pin To Net: NetName=PACK- Pin=CON2-82
Added Pin To Net: NetName=RRX2_P Pin=CON2-83
Added Pin To Net: NetName=RRX2_N Pin=CON2-85
Added Pin To Net: NetName=PACK- Pin=CON2-87
Added Pin To Net: NetName=PACK- Pin=CON2-88
Added Pin To Net: NetName=TTX1_P Pin=CON2-89
Added Pin To Net: NetName=TYPEC0_OTG_P Pin=CON2-90
Added Pin To Net: NetName=TTX1_N Pin=CON2-91
Added Pin To Net: NetName=TYPEC0_OTG_N Pin=CON2-92
Added Pin To Net: NetName=PACK- Pin=CON2-93
Added Pin To Net: NetName=PACK- Pin=CON2-94
Added Pin To Net: NetName=RRX1_P Pin=CON2-95
Added Pin To Net: NetName=TYPEC1_OTG_D_P Pin=CON2-96
Added Pin To Net: NetName=RRX1_N Pin=CON2-97
Added Pin To Net: NetName=TYPEC1_OTG_D_N Pin=CON2-98
Added Pin To Net: NetName=PACK- Pin=CON2-99
Added Pin To Net: NetName=PACK- Pin=CON2-100
Added Pin To Net: NetName=PACK- Pin=CON3-1
Added Pin To Net: NetName=PACK- Pin=CON3-2
Added Pin To Net: NetName=PCIE20_1_TX_P Pin=CON3-3
Added Pin To Net: NetName=PCIE30_PORT0_RX0_P Pin=CON3-4
Added Pin To Net: NetName=PCIE20_1_TX_N Pin=CON3-5
Added Pin To Net: NetName=PCIE30_PORT0_RX0_N Pin=CON3-6
Added Pin To Net: NetName=PACK- Pin=CON3-7
Added Pin To Net: NetName=PACK- Pin=CON3-8
Added Pin To Net: NetName=PCIE20_1_RX_P Pin=CON3-9
Added Pin To Net: NetName=PCIE30_PORT0_RX1_P Pin=CON3-10
Added Pin To Net: NetName=PCIE20_1_RX_N Pin=CON3-11
Added Pin To Net: NetName=PCIE30_PORT0_RX1_N Pin=CON3-12
Added Pin To Net: NetName=PACK- Pin=CON3-13
Added Pin To Net: NetName=PACK- Pin=CON3-14
Added Pin To Net: NetName=PCIE20_1_REFCLK_P Pin=CON3-15
Added Pin To Net: NetName=PCIE30_PORT0_IN_REFCLK_P Pin=CON3-16
Added Pin To Net: NetName=PCIE20_1_REFCLK_N Pin=CON3-17
Added Pin To Net: NetName=PCIE30_PORT0_IN_REFCLK_N Pin=CON3-18
Added Pin To Net: NetName=PACK- Pin=CON3-19
Added Pin To Net: NetName=PACK- Pin=CON3-20
Added Pin To Net: NetName=PCIE30_PORT0_TX0_P Pin=CON3-22
Added Pin To Net: NetName=PCIE30_PORT0_TX0_N Pin=CON3-24
Added Pin To Net: NetName=PACK- Pin=CON3-25
Added Pin To Net: NetName=PACK- Pin=CON3-26
Added Pin To Net: NetName=PCIE30_PORT0_TX1_P Pin=CON3-28
Added Pin To Net: NetName=PCIE30_PORT0_TX1_N Pin=CON3-30
Added Pin To Net: NetName=PACK- Pin=CON3-31
Added Pin To Net: NetName=PACK- Pin=CON3-32
Added Pin To Net: NetName=PCIE30_PORT1_RX2_P Pin=CON3-34
Added Pin To Net: NetName=PCIE30_PORT1_RX2_N Pin=CON3-36
Added Pin To Net: NetName=PACK- Pin=CON3-37
Added Pin To Net: NetName=PACK- Pin=CON3-38
Added Pin To Net: NetName=EN_1 Pin=CON3-39
Added Pin To Net: NetName=PCIE30_PORT1_RX3_P Pin=CON3-40
Added Pin To Net: NetName=PCIE30_PORT1_RX3_N Pin=CON3-42
Added Pin To Net: NetName=PACK- Pin=CON3-44
Added Pin To Net: NetName=PCIE30_PORT1_TX2_P Pin=CON3-46
Added Pin To Net: NetName=GPIO0_B2 Pin=CON3-47
Added Pin To Net: NetName=PCIE30_PORT1_TX2_N Pin=CON3-48
Added Pin To Net: NetName=PACK- Pin=CON3-49
Added Pin To Net: NetName=PACK- Pin=CON3-50
Added Pin To Net: NetName=GPIO4_A0/TP_2_INT_L Pin=CON3-51
Added Pin To Net: NetName=PCIE30_PORT1_TX3_P Pin=CON3-52
Added Pin To Net: NetName=GPIO4_A1/TP_2_RST_L Pin=CON3-53
Added Pin To Net: NetName=PCIE30_PORT1_TX3_N Pin=CON3-54
Added Pin To Net: NetName=GPIO4_A2 Pin=CON3-55
Added Pin To Net: NetName=PACK- Pin=CON3-56
Added Pin To Net: NetName=PCIE30_PORT1_IN_REFCLK_P Pin=CON3-58
Added Pin To Net: NetName=PACK- Pin=CON3-59
Added Pin To Net: NetName=PCIE30_PORT1_IN_REFCLK_N Pin=CON3-60
Added Pin To Net: NetName=PACK- Pin=CON3-62
Added Pin To Net: NetName=GPIO0_D3/CC_INT_L Pin=CON3-64
Added Pin To Net: NetName=GPIO4_B4/PCIE30X4_CLKREQn_M1_L Pin=CON3-65
Added Pin To Net: NetName=GPIO4_B5/PCIE30X4_WAKEn_M1_L Pin=CON3-67
Added Pin To Net: NetName=GPIO0_D5 Pin=CON3-68
Added Pin To Net: NetName=GPIO4_B6/PCIE30X4_PERSTn_M1_L Pin=CON3-69
Added Pin To Net: NetName=GPIO0_C4/UART0_RX_M0 Pin=CON3-70
Added Pin To Net: NetName=PACK- Pin=CON3-71
Added Pin To Net: NetName=GPIO0_C5/UART0_TX_M0/PWM4_M0 Pin=CON3-72
Added Pin To Net: NetName=GPIO1_A0/UART6_RX_M1 Pin=CON3-73
Added Pin To Net: NetName=GPIO1_A1/UART6_TX_M1 Pin=CON3-75
Added Pin To Net: NetName=GPIO1_A2/I2C4_SDA_M3_TP Pin=CON3-77
Added Pin To Net: NetName=GPIO1_A3/I2C4_SCL_M3_TP Pin=CON3-79
Added Pin To Net: NetName=GPIO1_A4 Pin=CON3-81
Added Pin To Net: NetName=PACK- Pin=CON3-84
Added Pin To Net: NetName=PACK- Pin=CON3-85
Added Pin To Net: NetName=PACK- Pin=CON3-94
Added Pin To Net: NetName=HDMITX0_HPDIN_M0 Pin=CON3-95
Added Pin To Net: NetName=SCL_A Pin=CON3-96
Added Pin To Net: NetName=SDA_A Pin=CON3-98
Added Pin To Net: NetName=VBAT_RTC Pin=CON3-100
Added Pin To Net: NetName=PACK- Pin=CON4-1
Added Pin To Net: NetName=PACK- Pin=CON4-2
Added Pin To Net: NetName=HDMI1_TX2_P Pin=CON4-3
Added Pin To Net: NetName=TYPEC0_SBU1_OUT_A Pin=CON4-4
Added Pin To Net: NetName=HDMI1_TX2_N Pin=CON4-5
Added Pin To Net: NetName=TYPEC0_SBU2_OUT_A Pin=CON4-6
Added Pin To Net: NetName=PACK- Pin=CON4-7
Added Pin To Net: NetName=PACK- Pin=CON4-8
Added Pin To Net: NetName=HDMI1_TX1_P Pin=CON4-9
Added Pin To Net: NetName=TYPEC1_SBU1_OUT_B Pin=CON4-10
Added Pin To Net: NetName=HDMI1_TX1_N Pin=CON4-11
Added Pin To Net: NetName=TYPEC1_SBU2_OUT_B Pin=CON4-12
Added Pin To Net: NetName=PACK- Pin=CON4-13
Added Pin To Net: NetName=PACK- Pin=CON4-14
Added Pin To Net: NetName=HDMI1_TX0_P Pin=CON4-15
Added Pin To Net: NetName=USB20_HOST1_D_P Pin=CON4-16
Added Pin To Net: NetName=HDMI1_TX0_N Pin=CON4-17
Added Pin To Net: NetName=USB20_HOST1_D_N Pin=CON4-18
Added Pin To Net: NetName=PACK- Pin=CON4-19
Added Pin To Net: NetName=PACK- Pin=CON4-20
Added Pin To Net: NetName=HDMI1_TX3_P Pin=CON4-21
Added Pin To Net: NetName=usb_P Pin=CON4-22
Added Pin To Net: NetName=HDMI1_TX3_N Pin=CON4-23
Added Pin To Net: NetName=usb_N Pin=CON4-24
Added Pin To Net: NetName=PACK- Pin=CON4-25
Added Pin To Net: NetName=PACK- Pin=CON4-26
Added Pin To Net: NetName=HDMI1_TX_SBD_P Pin=CON4-27
Added Pin To Net: NetName=HDMI1_TX_SBD_N Pin=CON4-29
Added Pin To Net: NetName=PACK- Pin=CON4-31
Added Pin To Net: NetName=PACK- Pin=CON4-32
Added Pin To Net: NetName=HDMI0_TX2_P Pin=CON4-33
Added Pin To Net: NetName=HDMI0_TX2_N Pin=CON4-35
Added Pin To Net: NetName=PACK- Pin=CON4-37
Added Pin To Net: NetName=PACK- Pin=CON4-38
Added Pin To Net: NetName=HDMI0_TX1_P Pin=CON4-39
Added Pin To Net: NetName=HDMI0_TX1_N Pin=CON4-41
Added Pin To Net: NetName=PACK- Pin=CON4-43
Added Pin To Net: NetName=PACK- Pin=CON4-44
Added Pin To Net: NetName=HDMI0_TX0_P Pin=CON4-45
Added Pin To Net: NetName=HDMI0_TX0_N Pin=CON4-47
Added Pin To Net: NetName=PACK- Pin=CON4-49
Added Pin To Net: NetName=PACK- Pin=CON4-50
Added Pin To Net: NetName=HDMI0_TX3_P Pin=CON4-51
Added Pin To Net: NetName=SDMMC0_D2 Pin=CON4-52
Added Pin To Net: NetName=HDMI0_TX3_N Pin=CON4-53
Added Pin To Net: NetName=SDMMC0_D3 Pin=CON4-54
Added Pin To Net: NetName=PACK- Pin=CON4-55
Added Pin To Net: NetName=SDMMC0_CMD Pin=CON4-56
Added Pin To Net: NetName=HDMI0_TX_SBD_P Pin=CON4-57
Added Pin To Net: NetName=+3V3_SD_SO Pin=CON4-58
Added Pin To Net: NetName=HDMI0_TX_SBD_N Pin=CON4-59
Added Pin To Net: NetName=SD_CLK Pin=CON4-60
Added Pin To Net: NetName=PACK- Pin=CON4-61
Added Pin To Net: NetName=PACK- Pin=CON4-62
Added Pin To Net: NetName=HDMITX0_SCL_M0 Pin=CON4-63
Added Pin To Net: NetName=SDMMC0_D0 Pin=CON4-64
Added Pin To Net: NetName=HDMITX0_SDA_M0 Pin=CON4-65
Added Pin To Net: NetName=SDMMC0_D1 Pin=CON4-66
Added Pin To Net: NetName=HDMITX0_CEC_M0 Pin=CON4-67
Added Pin To Net: NetName=PACK- Pin=CON4-68
Added Pin To Net: NetName=HDMI0_TX_ON_H Pin=CON4-69
Added Pin To Net: NetName=GPIO0_A4/SDMMC_DET_L Pin=CON4-70
Added Pin To Net: NetName=GPIO3_D0/I2C5_SDA_M0_TP Pin=CON4-79
Added Pin To Net: NetName=PACK- Pin=CON4-80
Added Pin To Net: NetName=GPIO3_C7/I2C5_SCL_M0_TP Pin=CON4-81
Added Pin To Net: NetName=GPIO3_B0/PWM9_M0 Pin=CON4-82
Added Pin To Net: NetName=PACK- Pin=CON4-83
Added Pin To Net: NetName=GPIO3_D5/PWM11_M3/LCD_2_BL Pin=CON4-85
Added Pin To Net: NetName=GPIO3_A0/SPI4_MISO_M1/PWM10_M0 Pin=CON4-87
Added Pin To Net: NetName=GPIO3_A1/SPI4_MOSI_M1 Pin=CON4-89
Added Pin To Net: NetName=EN Pin=CON4-90
Added Pin To Net: NetName=GPIO3_A2/SPI4_CLK_M1/UART8_TX_M1 Pin=CON4-91
Added Pin To Net: NetName=GPIO3_A3/SPI4_CS0_M1/UART8_RX_M1 Pin=CON4-93
Added Pin To Net: NetName=PACK- Pin=CON4-96
Added Pin To Net: NetName=GPIO3_A5 Pin=CON4-97
Added Pin To Net: NetName=GPIO3_B7 Pin=CON4-98
Added Pin To Net: NetName=GPIO3_A6/LCD_RST Pin=CON4-99
Added Pin To Net: NetName=GPIO3_A7 Pin=CON4-100
Added Member To Class: ClassName=CONNECTEUR_1 Member=Component CON1 DF40HC
Added Member To Class: ClassName=CONNECTEUR_2 Member=Component CON2 DF40HC
Added Member To Class: ClassName=CONNECTEUR_3 Member=Component CON3 DF40HC
Added Member To Class: ClassName=CONNECTEUR_4 Member=Component CON4 DF40HC
