Change Component Description : Designator=R145 Old Description=1 Ohm 5% 1/10W  Res Thick Film 0603 -100ppm/Å? to New Description=1 Ohm 5% 1/10W  Res Thick Film 0603 -100ppm/Å? to |
Change Component Description : Designator=R146 Old Description=1 Ohm 5% 1/10W  Res Thick Film 0603 -100ppm/Å? to New Description=1 Ohm 5% 1/10W  Res Thick Film 0603 -100ppm/Å? to |
Change Component Description : Designator=R141 Old Description=3M Ohm 5% 1/10W Res Thick Film 0603 -400ppm/Å? to New Description=3M Ohm 5% 1/10W Res Thick Film 0603 -400ppm/Å? to |
Change Component Description : Designator=C25 Old Description=10uF / 25 VDC, +85degC, X5R Dielec, +/-10% New Description=10uF / 25 VDC, +85degC, X5R Dielec, +/-10% | KEMET C0805C106K3PACTU 0805
Change Component Description : Designator=C47 Old Description=10uF / 25 VDC, +85degC, X5R Dielec, +/-10% New Description=10uF / 25 VDC, +85degC, X5R Dielec, +/-10% | KEMET C0805C106K3PACTU 0805
Change Component Description : Designator=C48 Old Description=10uF / 25 VDC, +85degC, X5R Dielec, +/-10% New Description=10uF / 25 VDC, +85degC, X5R Dielec, +/-10% | KEMET C0805C106K3PACTU 0805
Change Component Description : Designator=C52 Old Description=10uF / 25 VDC, +85degC, X5R Dielec, +/-10% New Description=10uF / 25 VDC, +85degC, X5R Dielec, +/-10% | KEMET C0805C106K3PACTU 0805
Change Component Description : Designator=C53 Old Description=10uF / 25 VDC, +85degC, X5R Dielec, +/-10% New Description=10uF / 25 VDC, +85degC, X5R Dielec, +/-10% | KEMET C0805C106K3PACTU 0805
Change Component Description : Designator=C54 Old Description=10uF / 25 VDC, +85degC, X5R Dielec, +/-10% New Description=10uF / 25 VDC, +85degC, X5R Dielec, +/-10% | KEMET C0805C106K3PACTU 0805
Change Component Description : Designator=C55 Old Description=10uF / 25 VDC, +85degC, X5R Dielec, +/-10% New Description=10uF / 25 VDC, +85degC, X5R Dielec, +/-10% | KEMET C0805C106K3PACTU 0805
Change Component Description : Designator=C56 Old Description=10uF / 25 VDC, +85degC, X5R Dielec, +/-10% New Description=10uF / 25 VDC, +85degC, X5R Dielec, +/-10% | KEMET C0805C106K3PACTU 0805
Change Component Description : Designator=C57 Old Description=10uF / 25 VDC, +85degC, X5R Dielec, +/-10% New Description=10uF / 25 VDC, +85degC, X5R Dielec, +/-10% | KEMET C0805C106K3PACTU 0805
Change Component Description : Designator=C61 Old Description=10uF / 25 VDC, +85degC, X5R Dielec, +/-10% New Description=10uF / 25 VDC, +85degC, X5R Dielec, +/-10% | KEMET C0805C106K3PACTU 0805
Change Component Description : Designator=C62 Old Description=10uF / 25 VDC, +85degC, X5R Dielec, +/-10% New Description=10uF / 25 VDC, +85degC, X5R Dielec, +/-10% | KEMET C0805C106K3PACTU 0805
Change Component Description : Designator=C63 Old Description=10uF / 25 VDC, +85degC, X5R Dielec, +/-10% New Description=10uF / 25 VDC, +85degC, X5R Dielec, +/-10% | KEMET C0805C106K3PACTU 0805
Change Component Description : Designator=C64 Old Description=10uF / 25 VDC, +85degC, X5R Dielec, +/-10% New Description=10uF / 25 VDC, +85degC, X5R Dielec, +/-10% | KEMET C0805C106K3PACTU 0805
Change Component Description : Designator=C65 Old Description=10uF / 25 VDC, +85degC, X5R Dielec, +/-10% New Description=10uF / 25 VDC, +85degC, X5R Dielec, +/-10% | KEMET C0805C106K3PACTU 0805
Change Component Description : Designator=C68 Old Description=10uF / 25 VDC, +85degC, X5R Dielec, +/-10% New Description=10uF / 25 VDC, +85degC, X5R Dielec, +/-10% | KEMET C0805C106K3PACTU 0805
Change Component Description : Designator=C69 Old Description=10uF / 25 VDC, +85degC, X5R Dielec, +/-10% New Description=10uF / 25 VDC, +85degC, X5R Dielec, +/-10% | KEMET C0805C106K3PACTU 0805
Change Component Description : Designator=C73 Old Description=10uF / 25 VDC, +85degC, X5R Dielec, +/-10% New Description=10uF / 25 VDC, +85degC, X5R Dielec, +/-10% | KEMET C0805C106K3PACTU 0805
Change Component Description : Designator=C74 Old Description=10uF / 25 VDC, +85degC, X5R Dielec, +/-10% New Description=10uF / 25 VDC, +85degC, X5R Dielec, +/-10% | KEMET C0805C106K3PACTU 0805
Change Component Description : Designator=C75 Old Description=10uF / 25 VDC, +85degC, X5R Dielec, +/-10% New Description=10uF / 25 VDC, +85degC, X5R Dielec, +/-10% | KEMET C0805C106K3PACTU 0805
Change Component Description : Designator=C76 Old Description=10uF / 25 VDC, +85degC, X5R Dielec, +/-10% New Description=10uF / 25 VDC, +85degC, X5R Dielec, +/-10% | KEMET C0805C106K3PACTU 0805
Change Component Description : Designator=C77 Old Description=10uF / 25 VDC, +85degC, X5R Dielec, +/-10% New Description=10uF / 25 VDC, +85degC, X5R Dielec, +/-10% | KEMET C0805C106K3PACTU 0805
Change Component Description : Designator=C78 Old Description=10uF / 25 VDC, +85degC, X5R Dielec, +/-10% New Description=10uF / 25 VDC, +85degC, X5R Dielec, +/-10% | KEMET C0805C106K3PACTU 0805
Change Component Description : Designator=C82 Old Description=10uF / 25 VDC, +85degC, X5R Dielec, +/-10% New Description=10uF / 25 VDC, +85degC, X5R Dielec, +/-10% | KEMET C0805C106K3PACTU 0805
Change Component Description : Designator=C83 Old Description=10uF / 25 VDC, +85degC, X5R Dielec, +/-10% New Description=10uF / 25 VDC, +85degC, X5R Dielec, +/-10% | KEMET C0805C106K3PACTU 0805
Change Component Description : Designator=C84 Old Description=10uF / 25 VDC, +85degC, X5R Dielec, +/-10% New Description=10uF / 25 VDC, +85degC, X5R Dielec, +/-10% | KEMET C0805C106K3PACTU 0805
Change Component Description : Designator=C85 Old Description=10uF / 25 VDC, +85degC, X5R Dielec, +/-10% New Description=10uF / 25 VDC, +85degC, X5R Dielec, +/-10% | KEMET C0805C106K3PACTU 0805
Change Component Description : Designator=C87 Old Description=10uF / 25 VDC, +85degC, X5R Dielec, +/-10% New Description=10uF / 25 VDC, +85degC, X5R Dielec, +/-10% | KEMET C0805C106K3PACTU 0805
Change Component Description : Designator=C88 Old Description=10uF / 25 VDC, +85degC, X5R Dielec, +/-10% New Description=10uF / 25 VDC, +85degC, X5R Dielec, +/-10% | KEMET C0805C106K3PACTU 0805
Change Component Description : Designator=C89 Old Description=10uF / 25 VDC, +85degC, X5R Dielec, +/-10% New Description=10uF / 25 VDC, +85degC, X5R Dielec, +/-10% | KEMET C0805C106K3PACTU 0805
Change Component Description : Designator=C95 Old Description=10uF / 25 VDC, +85degC, X5R Dielec, +/-10% New Description=10uF / 25 VDC, +85degC, X5R Dielec, +/-10% | KEMET C0805C106K3PACTU 0805
Change Component Description : Designator=C96 Old Description=10uF / 25 VDC, +85degC, X5R Dielec, +/-10% New Description=10uF / 25 VDC, +85degC, X5R Dielec, +/-10% | KEMET C0805C106K3PACTU 0805
Change Component Description : Designator=C98 Old Description=10uF / 25 VDC, +85degC, X5R Dielec, +/-10% New Description=10uF / 25 VDC, +85degC, X5R Dielec, +/-10% | KEMET C0805C106K3PACTU 0805
Change Component Description : Designator=C99 Old Description=10uF / 25 VDC, +85degC, X5R Dielec, +/-10% New Description=10uF / 25 VDC, +85degC, X5R Dielec, +/-10% | KEMET C0805C106K3PACTU 0805
Change Component Description : Designator=C100 Old Description=10uF / 25 VDC, +85degC, X5R Dielec, +/-10% New Description=10uF / 25 VDC, +85degC, X5R Dielec, +/-10% | KEMET C0805C106K3PACTU 0805
Change Component Description : Designator=C101 Old Description=10uF / 25 VDC, +85degC, X5R Dielec, +/-10% New Description=10uF / 25 VDC, +85degC, X5R Dielec, +/-10% | KEMET C0805C106K3PACTU 0805
Change Component Description : Designator=C107 Old Description=10uF / 25 VDC, +85degC, X5R Dielec, +/-10% New Description=10uF / 25 VDC, +85degC, X5R Dielec, +/-10% | KEMET C0805C106K3PACTU 0805
Change Component Description : Designator=C108 Old Description=10uF / 25 VDC, +85degC, X5R Dielec, +/-10% New Description=10uF / 25 VDC, +85degC, X5R Dielec, +/-10% | KEMET C0805C106K3PACTU 0805
Change Component Description : Designator=C109 Old Description=10uF / 25 VDC, +85degC, X5R Dielec, +/-10% New Description=10uF / 25 VDC, +85degC, X5R Dielec, +/-10% | KEMET C0805C106K3PACTU 0805
Change Component Description : Designator=C110 Old Description=10uF / 25 VDC, +85degC, X5R Dielec, +/-10% New Description=10uF / 25 VDC, +85degC, X5R Dielec, +/-10% | KEMET C0805C106K3PACTU 0805
Change Component Description : Designator=C111 Old Description=10uF / 25 VDC, +85degC, X5R Dielec, +/-10% New Description=10uF / 25 VDC, +85degC, X5R Dielec, +/-10% | KEMET C0805C106K3PACTU 0805
Change Component Description : Designator=C113 Old Description=10uF / 25 VDC, +85degC, X5R Dielec, +/-10% New Description=10uF / 25 VDC, +85degC, X5R Dielec, +/-10% | KEMET C0805C106K3PACTU 0805
Change Component Description : Designator=C114 Old Description=10uF / 25 VDC, +85degC, X5R Dielec, +/-10% New Description=10uF / 25 VDC, +85degC, X5R Dielec, +/-10% | KEMET C0805C106K3PACTU 0805
Change Component Description : Designator=C118 Old Description=10uF / 25 VDC, +85degC, X5R Dielec, +/-10% New Description=10uF / 25 VDC, +85degC, X5R Dielec, +/-10% | KEMET C0805C106K3PACTU 0805
Change Component Description : Designator=C152 Old Description=10uF / 25 VDC, +85degC, X5R Dielec, +/-10% New Description=10uF / 25 VDC, +85degC, X5R Dielec, +/-10% | KEMET C0805C106K3PACTU 0805
Change Component Description : Designator=C153 Old Description=10uF / 25 VDC, +85degC, X5R Dielec, +/-10% New Description=10uF / 25 VDC, +85degC, X5R Dielec, +/-10% | KEMET C0805C106K3PACTU 0805
Change Component Description : Designator=J13 Old Description=FPC Connector; 0.5mm pitch dual contact back flip FPC, 6pos New Description=FPC Connector; 0.5mm pitch dual contact back flip FPC, 6pos | TE Connectivity 2328702-6
Change Component Description : Designator=J14 Old Description=FPC Connector; 0.5mm pitch dual contact back flip FPC, 6pos New Description=FPC Connector; 0.5mm pitch dual contact back flip FPC, 6pos | TE Connectivity 2328702-6
Change Component Description : Designator=TP1 Old Description=Test Point Compact THM PC .350 L .125 OD Heat Resistant Nylon 46 Black New Description=Test Point Compact THM PC .350 L .125 OD Heat Resistant Nylon 46 Black | Keystone Electronics 5006
Change Component Description : Designator=TP2 Old Description=Test Point Compact THM PC .350 L .125 OD Heat Resistant Nylon 46 Black New Description=Test Point Compact THM PC .350 L .125 OD Heat Resistant Nylon 46 Black | Keystone Electronics 5006
Change Component Description : Designator=TP3 Old Description=Test Point Compact THM PC .350 L .125 OD Heat Resistant Nylon 46 Black New Description=Test Point Compact THM PC .350 L .125 OD Heat Resistant Nylon 46 Black | Keystone Electronics 5006
Change Component Description : Designator=TP4 Old Description=Test Point Compact THM PC .350 L .125 OD Heat Resistant Nylon 46 Black New Description=Test Point Compact THM PC .350 L .125 OD Heat Resistant Nylon 46 Black | Keystone Electronics 5006
Added Pin To Net: NetName=PACK- Pin=J8-20
