Change Component Designator: OldDesignator=BootSW NewDesignator=Mask
Change Component Designator: OldDesignator=PowerSW NewDesignator=Power
Change Component Designator: OldDesignator=RecoverySW NewDesignator=Recovery
Change Component Designator: OldDesignator=ResetSW NewDesignator=Reset
Added Component: Designator=MTHNP1(MTHNP3P2MM)
Added Component: Designator=MTHNP2(MTHNP3P2MM)
Added Component: Designator=MTHNP3(MTHNP3P2MM)
Added Component: Designator=MTHNP4(MTHNP3P2MM)
Added Component: Designator=MTHNP5(MTHNP3P2MM)
Added Component: Designator=MTHNP6(MTHNP3P2MM)
Added Component: Designator=MTHNP7(MTHNP3P2MM)
Added Component: Designator=MTHNP8(MTHNP3P2MM)
Added Component: Designator=MTHNP9(MTHNP3P2MM)
Added Component: Designator=MTHNP10(MTHNP3P2MM)
Added Component: Designator=MTHNP11(MTHNP3P2MM)
Change Net Name : Old Net Name=NetBootSW_1 New Net Name=NetMask_1
Added Member To Class: ClassName=SystemCTL Member=Component MTHNP1 Mounting Hole Non-Plated 3.2mm
Added Member To Class: ClassName=SystemCTL Member=Component MTHNP2 Mounting Hole Non-Plated 3.2mm
Added Member To Class: ClassName=SystemCTL Member=Component MTHNP3 Mounting Hole Non-Plated 3.2mm
Added Member To Class: ClassName=SystemCTL Member=Component MTHNP4 Mounting Hole Non-Plated 3.2mm
Added Member To Class: ClassName=SystemCTL Member=Component MTHNP5 Mounting Hole Non-Plated 3.2mm
Added Member To Class: ClassName=SystemCTL Member=Component MTHNP6 Mounting Hole Non-Plated 3.2mm
Added Member To Class: ClassName=NVME Member=Component MTHNP7 Mounting Hole Non-Plated 3.2mm
Added Member To Class: ClassName=NVME Member=Component MTHNP8 Mounting Hole Non-Plated 3.2mm
Added Member To Class: ClassName=NVME Member=Component MTHNP9 Mounting Hole Non-Plated 3.2mm
Added Member To Class: ClassName=NVME Member=Component MTHNP10 Mounting Hole Non-Plated 3.2mm
Added Member To Class: ClassName=WIFI Member=Component MTHNP11 Mounting Hole Non-Plated 3.2mm
