Replace Part C86 Capacitor_0805 in D:\PROJETFINDEC\Darkyden_project\SCHEMATIC\DARKYDEN\POWERSYSTEM.SchDoc with Capacitor_0805 from Capacitor_0805.SchLib
Replace Part C87 Capacitor_0805 in D:\PROJETFINDEC\Darkyden_project\SCHEMATIC\DARKYDEN\POWERSYSTEM.SchDoc with Capacitor_0805 from Capacitor_0805.SchLib
Replace Part C88 Capacitor_0805 in D:\PROJETFINDEC\Darkyden_project\SCHEMATIC\DARKYDEN\POWERSYSTEM.SchDoc with Capacitor_0805 from Capacitor_0805.SchLib
Replace Part C89 Capacitor_0805 in D:\PROJETFINDEC\Darkyden_project\SCHEMATIC\DARKYDEN\POWERSYSTEM.SchDoc with Capacitor_0805 from Capacitor_0805.SchLib
Replace Part C90 Capacitor_0805 in D:\PROJETFINDEC\Darkyden_project\SCHEMATIC\DARKYDEN\POWERSYSTEM.SchDoc with Capacitor_0805 from Capacitor_0805.SchLib
Replace Part C91 Capacitor_0805 in D:\PROJETFINDEC\Darkyden_project\SCHEMATIC\DARKYDEN\POWERSYSTEM.SchDoc with Capacitor_0805 from Capacitor_0805.SchLib
Replace Part C92 Capacitor_0805 in D:\PROJETFINDEC\Darkyden_project\SCHEMATIC\DARKYDEN\POWERSYSTEM.SchDoc with Capacitor_0805 from Capacitor_0805.SchLib
Replace Part C93 Capacitor_0805 in D:\PROJETFINDEC\Darkyden_project\SCHEMATIC\DARKYDEN\POWERSYSTEM.SchDoc with Capacitor_0805 from Capacitor_0805.SchLib
Replace Part C94 Capacitor_0805 in D:\PROJETFINDEC\Darkyden_project\SCHEMATIC\DARKYDEN\POWERSYSTEM.SchDoc with Capacitor_0805 from Capacitor_0805.SchLib
Replace Part C95 Capacitor_0805 in D:\PROJETFINDEC\Darkyden_project\SCHEMATIC\DARKYDEN\POWERSYSTEM.SchDoc with Capacitor_0805 from Capacitor_0805.SchLib
Replace Part C96 Capacitor_0805 in D:\PROJETFINDEC\Darkyden_project\SCHEMATIC\DARKYDEN\POWERSYSTEM.SchDoc with Capacitor_0805 from Capacitor_0805.SchLib
Replace Part C97 Capacitor_0805 in D:\PROJETFINDEC\Darkyden_project\SCHEMATIC\DARKYDEN\POWERSYSTEM.SchDoc with Capacitor_0805 from Capacitor_0805.SchLib
Replace Part C98 Capacitor_0805 in D:\PROJETFINDEC\Darkyden_project\SCHEMATIC\DARKYDEN\POWERSYSTEM.SchDoc with Capacitor_0805 from Capacitor_0805.SchLib
Replace Part C99 Capacitor_0805 in D:\PROJETFINDEC\Darkyden_project\SCHEMATIC\DARKYDEN\POWERSYSTEM.SchDoc with Capacitor_0805 from Capacitor_0805.SchLib
Replace Part C100 Capacitor_0805 in D:\PROJETFINDEC\Darkyden_project\SCHEMATIC\DARKYDEN\POWERSYSTEM.SchDoc with Capacitor_0805 from Capacitor_0805.SchLib
Replace Part C101 Capacitor_0805 in D:\PROJETFINDEC\Darkyden_project\SCHEMATIC\DARKYDEN\POWERSYSTEM.SchDoc with Capacitor_0805 from Capacitor_0805.SchLib
Replace Part C102 Capacitor_0805 in D:\PROJETFINDEC\Darkyden_project\SCHEMATIC\DARKYDEN\POWERSYSTEM.SchDoc with Capacitor_0805 from Capacitor_0805.SchLib
Replace Part C103 Capacitor_0805 in D:\PROJETFINDEC\Darkyden_project\SCHEMATIC\DARKYDEN\POWERSYSTEM.SchDoc with Capacitor_0805 from Capacitor_0805.SchLib
Replace Part C104 Capacitor_0805 in D:\PROJETFINDEC\Darkyden_project\SCHEMATIC\DARKYDEN\POWERSYSTEM.SchDoc with Capacitor_0805 from Capacitor_0805.SchLib
Replace Part C105 Capacitor_0805 in D:\PROJETFINDEC\Darkyden_project\SCHEMATIC\DARKYDEN\POWERSYSTEM.SchDoc with Capacitor_0805 from Capacitor_0805.SchLib
Replace Part C106 Capacitor_0805 in D:\PROJETFINDEC\Darkyden_project\SCHEMATIC\DARKYDEN\POWERSYSTEM.SchDoc with Capacitor_0805 from Capacitor_0805.SchLib
Replace Part C107 Capacitor_0805 in D:\PROJETFINDEC\Darkyden_project\SCHEMATIC\DARKYDEN\POWERSYSTEM.SchDoc with Capacitor_0805 from Capacitor_0805.SchLib
Replace Part C108 Capacitor_0805 in D:\PROJETFINDEC\Darkyden_project\SCHEMATIC\DARKYDEN\POWERSYSTEM.SchDoc with Capacitor_0805 from Capacitor_0805.SchLib
Replace Part C109 Capacitor_0805 in D:\PROJETFINDEC\Darkyden_project\SCHEMATIC\DARKYDEN\POWERSYSTEM.SchDoc with Capacitor_0805 from Capacitor_0805.SchLib
Replace Part C110 Capacitor_0805 in D:\PROJETFINDEC\Darkyden_project\SCHEMATIC\DARKYDEN\POWERSYSTEM.SchDoc with Capacitor_0805 from Capacitor_0805.SchLib
Replace Part C111 Capacitor_0805 in D:\PROJETFINDEC\Darkyden_project\SCHEMATIC\DARKYDEN\POWERSYSTEM.SchDoc with Capacitor_0805 from Capacitor_0805.SchLib
Replace Part C112 Capacitor_0805 in D:\PROJETFINDEC\Darkyden_project\SCHEMATIC\DARKYDEN\POWERSYSTEM.SchDoc with Capacitor_0805 from Capacitor_0805.SchLib
Replace Part C113 Capacitor_0805 in D:\PROJETFINDEC\Darkyden_project\SCHEMATIC\DARKYDEN\POWERSYSTEM.SchDoc with Capacitor_0805 from Capacitor_0805.SchLib
Replace Part C114 Capacitor_0805 in D:\PROJETFINDEC\Darkyden_project\SCHEMATIC\DARKYDEN\POWERSYSTEM.SchDoc with Capacitor_0805 from Capacitor_0805.SchLib
Replace Part C115 Capacitor_0805 in D:\PROJETFINDEC\Darkyden_project\SCHEMATIC\DARKYDEN\POWERSYSTEM.SchDoc with Capacitor_0805 from Capacitor_0805.SchLib
Replace Part J10 USBC in D:\PROJETFINDEC\Darkyden_project\SCHEMATIC\DARKYDEN\POWERSYSTEM.SchDoc with USBC from USBC.SchLib
Replace Part J12 61300311121 in D:\PROJETFINDEC\Darkyden_project\SCHEMATIC\DARKYDEN\POWERSYSTEM.SchDoc with 61300311121 from Header.IntLib
Replace Part L15 FBMJ2125HM210NT in D:\PROJETFINDEC\Darkyden_project\SCHEMATIC\DARKYDEN\POWERSYSTEM.SchDoc with FBMJ2125HM210NT from SamacSys.SchLib
Replace Part LED3 LED_Gr_SMD in D:\PROJETFINDEC\Darkyden_project\SCHEMATIC\DARKYDEN\POWERSYSTEM.SchDoc with LED_Gr_SMD from PD_BQ_Ref_Design.SCHLIB
Replace Part R104 ERJ-3GEYJ103V in D:\PROJETFINDEC\Darkyden_project\SCHEMATIC\DARKYDEN\POWERSYSTEM.SchDoc with ERJ-3GEYJ103V from SamacSys.SchLib
Replace Part R105 ERJ-3GEYJ103V in D:\PROJETFINDEC\Darkyden_project\SCHEMATIC\DARKYDEN\POWERSYSTEM.SchDoc with ERJ-3GEYJ103V from SamacSys.SchLib
Replace Part R106 ERJ-3GEYJ103V in D:\PROJETFINDEC\Darkyden_project\SCHEMATIC\DARKYDEN\POWERSYSTEM.SchDoc with ERJ-3GEYJ103V from SamacSys.SchLib
Replace Part R108 ERJ-3GEYJ103V in D:\PROJETFINDEC\Darkyden_project\SCHEMATIC\DARKYDEN\POWERSYSTEM.SchDoc with ERJ-3GEYJ103V from SamacSys.SchLib
Replace Part R109 ERJ-3GEYJ222V in D:\PROJETFINDEC\Darkyden_project\SCHEMATIC\DARKYDEN\POWERSYSTEM.SchDoc with ERJ-3GEYJ222V from SamacSys.SchLib
Replace Part R110 ERJ-3GEYJ222V in D:\PROJETFINDEC\Darkyden_project\SCHEMATIC\DARKYDEN\POWERSYSTEM.SchDoc with ERJ-3GEYJ222V from SamacSys.SchLib
Replace Part R111 ERJ-3EKF1000V in D:\PROJETFINDEC\Darkyden_project\SCHEMATIC\DARKYDEN\POWERSYSTEM.SchDoc with ERJ-3EKF1000V from SamacSys.SchLib
Replace Part R112 ERJ-3EKF1742V in D:\PROJETFINDEC\Darkyden_project\SCHEMATIC\DARKYDEN\POWERSYSTEM.SchDoc with ERJ-3EKF1742V from SamacSys.SchLib
Replace Part R113 ERJ-3EKF1373V in D:\PROJETFINDEC\Darkyden_project\SCHEMATIC\DARKYDEN\POWERSYSTEM.SchDoc with ERJ-3EKF1373V from SamacSys.SchLib
Replace Part R114 ERJ-3GEYJ104V in D:\PROJETFINDEC\Darkyden_project\SCHEMATIC\DARKYDEN\POWERSYSTEM.SchDoc with ERJ-3GEYJ104V from SamacSys.SchLib
Replace Part R115 ERJ-3GEYJ303V in D:\PROJETFINDEC\Darkyden_project\SCHEMATIC\DARKYDEN\POWERSYSTEM.SchDoc with ERJ-3GEYJ303V from SamacSys.SchLib
Replace Part R116 ERJ-3EKF5231V in D:\PROJETFINDEC\Darkyden_project\SCHEMATIC\DARKYDEN\POWERSYSTEM.SchDoc with ERJ-3EKF5231V from SamacSys.SchLib
Replace Part R117 ERJ-3GEYJ103V in D:\PROJETFINDEC\Darkyden_project\SCHEMATIC\DARKYDEN\POWERSYSTEM.SchDoc with ERJ-3GEYJ103V from SamacSys.SchLib
Replace Part U24 TVS2200DRVR in D:\PROJETFINDEC\Darkyden_project\SCHEMATIC\DARKYDEN\POWERSYSTEM.SchDoc with TVS2200DRVR from TVS2200.SchLib
Replace Part U25 TPS25750DRJK in D:\PROJETFINDEC\Darkyden_project\SCHEMATIC\DARKYDEN\POWERSYSTEM.SchDoc with TPS25750DRJK from PD_BQ_Ref_Design.SCHLIB
Replace Part U26 CAT24C256WI-GT3 in D:\PROJETFINDEC\Darkyden_project\SCHEMATIC\DARKYDEN\POWERSYSTEM.SchDoc with CAT24C256WI-GT3 from SamacSys.SchLib
Replace Part U27 BQ2579x in D:\PROJETFINDEC\Darkyden_project\SCHEMATIC\DARKYDEN\POWERSYSTEM.SchDoc with BQ2579x from PD_BQ_Ref_Design.SCHLIB
