Replace Part BootSW SW_SMT in D:\PROJETFINDEC\Darkyden_project\SCHEMATIC\DARKYDEN\SystemCTL.SchDoc with SW_SMT from Switch_SMD.SchLib
Replace Part C41 C0805C102K5RACTU in D:\PROJETFINDEC\Darkyden_project\SCHEMATIC\DARKYDEN\SystemCTL.SchDoc with C0805C102K5RACTU from SamacSys.SchLib
Replace Part C42 C0805C102K5RACTU in D:\PROJETFINDEC\Darkyden_project\SCHEMATIC\DARKYDEN\SystemCTL.SchDoc with C0805C102K5RACTU from SamacSys.SchLib
Replace Part C43 C0805C102K5RACTU in D:\PROJETFINDEC\Darkyden_project\SCHEMATIC\DARKYDEN\SystemCTL.SchDoc with C0805C102K5RACTU from SamacSys.SchLib
Replace Part C44 C0805C102K5RACTU in D:\PROJETFINDEC\Darkyden_project\SCHEMATIC\DARKYDEN\SystemCTL.SchDoc with C0805C102K5RACTU from SamacSys.SchLib
Replace Part C45 C0805C104K4RACAUTO in D:\PROJETFINDEC\Darkyden_project\SCHEMATIC\DARKYDEN\SystemCTL.SchDoc with C0805C104K4RACAUTO from C0805C104K4RACAUTO.SchLib
Replace Part C46 C0805C105K4RACTU in D:\PROJETFINDEC\Darkyden_project\SCHEMATIC\DARKYDEN\SystemCTL.SchDoc with C0805C105K4RACTU from SamacSys.SchLib
Replace Part D3 RB521S30T1G in D:\PROJETFINDEC\Darkyden_project\SCHEMATIC\DARKYDEN\SystemCTL.SchDoc with RB521S30T1G from SamacSys.SchLib
Replace Part IC4 AT25SF081B-SHB-T in D:\PROJETFINDEC\Darkyden_project\SCHEMATIC\DARKYDEN\SystemCTL.SchDoc with AT25SF081B-SHB-T from SamacSys.SchLib
Replace Part J9 M20-9990345 in D:\PROJETFINDEC\Darkyden_project\SCHEMATIC\DARKYDEN\SystemCTL.SchDoc with M20-9990345 from SamacSys.SchLib
Replace Part J17 61300211121 in D:\PROJETFINDEC\Darkyden_project\SCHEMATIC\DARKYDEN\SystemCTL.SchDoc with 61300211121 from SamacSys.SchLib
Replace Part PowerSW SW_SMT in D:\PROJETFINDEC\Darkyden_project\SCHEMATIC\DARKYDEN\SystemCTL.SchDoc with SW_SMT from Switch_SMD.SchLib
Replace Part R70 ERJ-3EKF1000V in D:\PROJETFINDEC\Darkyden_project\SCHEMATIC\DARKYDEN\SystemCTL.SchDoc with ERJ-3EKF1000V from SamacSys.SchLib
Replace Part R71 ERJ-3EKF1000V in D:\PROJETFINDEC\Darkyden_project\SCHEMATIC\DARKYDEN\SystemCTL.SchDoc with ERJ-3EKF1000V from SamacSys.SchLib
Replace Part R72 ERJ-3EKF1000V in D:\PROJETFINDEC\Darkyden_project\SCHEMATIC\DARKYDEN\SystemCTL.SchDoc with ERJ-3EKF1000V from SamacSys.SchLib
Replace Part R73 ERJ-3EKF1000V in D:\PROJETFINDEC\Darkyden_project\SCHEMATIC\DARKYDEN\SystemCTL.SchDoc with ERJ-3EKF1000V from SamacSys.SchLib
Replace Part R74 ERJ-3GEY0R00V in D:\PROJETFINDEC\Darkyden_project\SCHEMATIC\DARKYDEN\SystemCTL.SchDoc with ERJ-3GEY0R00V from SamacSys.SchLib
Replace Part R75 ERJ-3GEYJ103V in D:\PROJETFINDEC\Darkyden_project\SCHEMATIC\DARKYDEN\SystemCTL.SchDoc with ERJ-3GEYJ103V from SamacSys.SchLib
Replace Part R76 ERJ-3GEYJ103V in D:\PROJETFINDEC\Darkyden_project\SCHEMATIC\DARKYDEN\SystemCTL.SchDoc with ERJ-3GEYJ103V from SamacSys.SchLib
Replace Part R77 ERJ-3GEYJ103V in D:\PROJETFINDEC\Darkyden_project\SCHEMATIC\DARKYDEN\SystemCTL.SchDoc with ERJ-3GEYJ103V from SamacSys.SchLib
Replace Part R78 ERJ-3EKF33R0V in D:\PROJETFINDEC\Darkyden_project\SCHEMATIC\DARKYDEN\SystemCTL.SchDoc with ERJ-3EKF33R0V from ERJ-3EKF33R0V.SchLib
Replace Part RecoverySW SW_SMT in D:\PROJETFINDEC\Darkyden_project\SCHEMATIC\DARKYDEN\SystemCTL.SchDoc with SW_SMT from Switch_SMD.SchLib
Replace Part ResetSW SW_SMT in D:\PROJETFINDEC\Darkyden_project\SCHEMATIC\DARKYDEN\SystemCTL.SchDoc with SW_SMT from Switch_SMD.SchLib
Replace Part RTC-BAT BH-49A-5-T-BK in D:\PROJETFINDEC\Darkyden_project\SCHEMATIC\DARKYDEN\SystemCTL.SchDoc with BH-49A-5-T-BK from BH-49A-5-T-BK.SchLib
Replace Part TP2 5006 in D:\PROJETFINDEC\Darkyden_project\SCHEMATIC\DARKYDEN\SystemCTL.SchDoc with 5006 from test_point.SchLib
