Replace Part C168 C0805C104K9RACTU in D:\PROJETFINDEC\Darkyden_project\SCHEMATIC\DARKYDEN\USB2_0_Connector.SchDoc with C0805C104K9RACTU from SamacSys.SchLib
Replace Part C169 EEE-FPJ101UAR in D:\PROJETFINDEC\Darkyden_project\SCHEMATIC\DARKYDEN\USB2_0_Connector.SchDoc with EEE-FPJ101UAR from SamacSys.SchLib
Replace Part C171 C0805C104K9RACTU in D:\PROJETFINDEC\Darkyden_project\SCHEMATIC\DARKYDEN\USB2_0_Connector.SchDoc with C0805C104K9RACTU from SamacSys.SchLib
Replace Part C172 C0805C104K9RACTU in D:\PROJETFINDEC\Darkyden_project\SCHEMATIC\DARKYDEN\USB2_0_Connector.SchDoc with C0805C104K9RACTU from SamacSys.SchLib
Replace Part C173 EEE-FPJ101UAR in D:\PROJETFINDEC\Darkyden_project\SCHEMATIC\DARKYDEN\USB2_0_Connector.SchDoc with EEE-FPJ101UAR from SamacSys.SchLib
Replace Part C175 C0805C104K9RACTU in D:\PROJETFINDEC\Darkyden_project\SCHEMATIC\DARKYDEN\USB2_0_Connector.SchDoc with C0805C104K9RACTU from SamacSys.SchLib
Replace Part C176 C0805C104K9RACTU in D:\PROJETFINDEC\Darkyden_project\SCHEMATIC\DARKYDEN\USB2_0_Connector.SchDoc with C0805C104K9RACTU from SamacSys.SchLib
Replace Part C177 EEE-FPJ101UAR in D:\PROJETFINDEC\Darkyden_project\SCHEMATIC\DARKYDEN\USB2_0_Connector.SchDoc with EEE-FPJ101UAR from SamacSys.SchLib
Replace Part C179 C0805C104K9RACTU in D:\PROJETFINDEC\Darkyden_project\SCHEMATIC\DARKYDEN\USB2_0_Connector.SchDoc with C0805C104K9RACTU from SamacSys.SchLib
Replace Part C180 C0805C104K9RACTU in D:\PROJETFINDEC\Darkyden_project\SCHEMATIC\DARKYDEN\USB2_0_Connector.SchDoc with C0805C104K9RACTU from SamacSys.SchLib
Replace Part C181 EEE-FPJ101UAR in D:\PROJETFINDEC\Darkyden_project\SCHEMATIC\DARKYDEN\USB2_0_Connector.SchDoc with EEE-FPJ101UAR from SamacSys.SchLib
Replace Part C183 C0805C104K9RACTU in D:\PROJETFINDEC\Darkyden_project\SCHEMATIC\DARKYDEN\USB2_0_Connector.SchDoc with C0805C104K9RACTU from SamacSys.SchLib
Replace Part FB1 BLM18EG221SN1D in D:\PROJETFINDEC\Darkyden_project\SCHEMATIC\DARKYDEN\USB2_0_Connector.SchDoc with BLM18EG221SN1D from SamacSys.SchLib
Replace Part FB2 BLM18EG221SN1D in D:\PROJETFINDEC\Darkyden_project\SCHEMATIC\DARKYDEN\USB2_0_Connector.SchDoc with BLM18EG221SN1D from SamacSys.SchLib
Replace Part FB3 BLM18EG221SN1D in D:\PROJETFINDEC\Darkyden_project\SCHEMATIC\DARKYDEN\USB2_0_Connector.SchDoc with BLM18EG221SN1D from SamacSys.SchLib
Replace Part FB4 BLM18EG221SN1D in D:\PROJETFINDEC\Darkyden_project\SCHEMATIC\DARKYDEN\USB2_0_Connector.SchDoc with BLM18EG221SN1D from SamacSys.SchLib
Replace Part FB5 BLM18EG221SN1D in D:\PROJETFINDEC\Darkyden_project\SCHEMATIC\DARKYDEN\USB2_0_Connector.SchDoc with BLM18EG221SN1D from SamacSys.SchLib
Replace Part FB6 BLM18EG221SN1D in D:\PROJETFINDEC\Darkyden_project\SCHEMATIC\DARKYDEN\USB2_0_Connector.SchDoc with BLM18EG221SN1D from SamacSys.SchLib
Replace Part FB7 BLM18EG221SN1D in D:\PROJETFINDEC\Darkyden_project\SCHEMATIC\DARKYDEN\USB2_0_Connector.SchDoc with BLM18EG221SN1D from SamacSys.SchLib
Replace Part FB8 BLM18EG221SN1D in D:\PROJETFINDEC\Darkyden_project\SCHEMATIC\DARKYDEN\USB2_0_Connector.SchDoc with BLM18EG221SN1D from SamacSys.SchLib
Replace Part J13 2328702-6 in D:\PROJETFINDEC\Darkyden_project\SCHEMATIC\DARKYDEN\USB2_0_Connector.SchDoc with 2328702-6 from SamacSys.SchLib
Replace Part J14 2328702-6 in D:\PROJETFINDEC\Darkyden_project\SCHEMATIC\DARKYDEN\USB2_0_Connector.SchDoc with 2328702-6 from SamacSys.SchLib
Replace Part J15 292303-1 in D:\PROJETFINDEC\Darkyden_project\SCHEMATIC\DARKYDEN\USB2_0_Connector.SchDoc with 292303-1 from SamacSys.SchLib
Replace Part J16 292303-1 in D:\PROJETFINDEC\Darkyden_project\SCHEMATIC\DARKYDEN\USB2_0_Connector.SchDoc with 292303-1 from SamacSys.SchLib
Replace Part R173 ERJ-3GEY0R00V in D:\PROJETFINDEC\Darkyden_project\SCHEMATIC\DARKYDEN\USB2_0_Connector.SchDoc with ERJ-3GEY0R00V from SamacSys.SchLib
