Replace Part C1 C0805C104K9RACTU in D:\gitdoc\Darkyden_project\SCHEMATIC\DARKYDEN\USBC_A.SchDoc with C0805C104K9RACTU from SamacSys.SchLib
Replace Part C3 C0805C106K9RACTU in D:\gitdoc\Darkyden_project\SCHEMATIC\DARKYDEN\USBC_A.SchDoc with C0805C106K9RACTU from SamacSys.SchLib
Replace Part C4 C0805C221M5RACTU in D:\gitdoc\Darkyden_project\SCHEMATIC\DARKYDEN\USBC_A.SchDoc with C0805C221M5RACTU from C0805C221M5RACTU.SchLib
Replace Part C5 C0805C221M5RACTU in D:\gitdoc\Darkyden_project\SCHEMATIC\DARKYDEN\USBC_A.SchDoc with C0805C221M5RACTU from C0805C221M5RACTU.SchLib
Replace Part C6 C0805C106K9RACTU in D:\gitdoc\Darkyden_project\SCHEMATIC\DARKYDEN\USBC_A.SchDoc with C0805C106K9RACTU from SamacSys.SchLib
Replace Part C7 C0805C106K9RACTU in D:\gitdoc\Darkyden_project\SCHEMATIC\DARKYDEN\USBC_A.SchDoc with C0805C106K9RACTU from SamacSys.SchLib
Replace Part C8 Capacitor_0805 in D:\gitdoc\Darkyden_project\SCHEMATIC\DARKYDEN\USBC_A.SchDoc with Capacitor_0805 from Capacitor_0805.SchLib
Replace Part C9 Capacitor_0805 in D:\gitdoc\Darkyden_project\SCHEMATIC\DARKYDEN\USBC_A.SchDoc with Capacitor_0805 from Capacitor_0805.SchLib
Replace Part C10 Capacitor_0805 in D:\gitdoc\Darkyden_project\SCHEMATIC\DARKYDEN\USBC_A.SchDoc with Capacitor_0805 from Capacitor_0805.SchLib
Replace Part C11 EEE-FPJ101UAR in D:\gitdoc\Darkyden_project\SCHEMATIC\DARKYDEN\USBC_A.SchDoc with EEE-FPJ101UAR from SamacSys.SchLib
Replace Part C?2 C0805C106K9RACTU in D:\gitdoc\Darkyden_project\SCHEMATIC\DARKYDEN\USBC_A.SchDoc with C0805C106K9RACTU from SamacSys.SchLib
Replace Part FB9 BLM18EG221SN1D in D:\gitdoc\Darkyden_project\SCHEMATIC\DARKYDEN\USBC_A.SchDoc with BLM18EG221SN1D from SamacSys.SchLib
Replace Part J2 USBC in D:\gitdoc\Darkyden_project\SCHEMATIC\DARKYDEN\USBC_A.SchDoc with USBC from USBC.SchLib
Replace Part L1 ACM2012-900-2P-T002 in D:\gitdoc\Darkyden_project\SCHEMATIC\DARKYDEN\USBC_A.SchDoc with ACM2012-900-2P-T002 from SamacSys.SchLib
Replace Part R1 ERJ-3GEYJ104V in D:\gitdoc\Darkyden_project\SCHEMATIC\DARKYDEN\USBC_A.SchDoc with ERJ-3GEYJ104V from SamacSys.SchLib
Replace Part R2 ERJ-3GEYJ682V in D:\gitdoc\Darkyden_project\SCHEMATIC\DARKYDEN\USBC_A.SchDoc with ERJ-3GEYJ682V from SamacSys.SchLib
Replace Part R3 ERJ-3GEYJ682V in D:\gitdoc\Darkyden_project\SCHEMATIC\DARKYDEN\USBC_A.SchDoc with ERJ-3GEYJ682V from SamacSys.SchLib
Replace Part R4 ERJ-3GEYJ222V in D:\gitdoc\Darkyden_project\SCHEMATIC\DARKYDEN\USBC_A.SchDoc with ERJ-3GEYJ222V from SamacSys.SchLib
Replace Part R5 ERJ-3GEYJ222V in D:\gitdoc\Darkyden_project\SCHEMATIC\DARKYDEN\USBC_A.SchDoc with ERJ-3GEYJ222V from SamacSys.SchLib
Replace Part U1 TVS2200DRVR in D:\gitdoc\Darkyden_project\SCHEMATIC\DARKYDEN\USBC_A.SchDoc with TVS2200DRVR from TVS2200.SchLib
Replace Part U2 SY6280AAC in D:\gitdoc\Darkyden_project\SCHEMATIC\DARKYDEN\USBC_A.SchDoc with SY6280AAC from SamacSys.SchLib
Replace Part U3 FUSB302BMPX in D:\gitdoc\Darkyden_project\SCHEMATIC\DARKYDEN\USBC_A.SchDoc with FUSB302BMPX from SamacSys.SchLib
Replace Part U4 TPD4E02B04DQAR in D:\gitdoc\Darkyden_project\SCHEMATIC\DARKYDEN\USBC_A.SchDoc with TPD4E02B04DQAR from TPD4E02B04DQAR.SchLib
Replace Part U5 TPD4E02B04DQAR in D:\gitdoc\Darkyden_project\SCHEMATIC\DARKYDEN\USBC_A.SchDoc with TPD4E02B04DQAR from TPD4E02B04DQAR.SchLib
Replace Part U6 TPD4E02B04DQAR in D:\gitdoc\Darkyden_project\SCHEMATIC\DARKYDEN\USBC_A.SchDoc with TPD4E02B04DQAR from TPD4E02B04DQAR.SchLib
