Replace Part C12 C0805C106K9RACTU in D:\gitdoc\Darkyden_project\SCHEMATIC\DARKYDEN\USBC_B.SchDoc with C0805C106K9RACTU from SamacSys.SchLib
Replace Part C13 C0805C106K9RACTU in D:\gitdoc\Darkyden_project\SCHEMATIC\DARKYDEN\USBC_B.SchDoc with C0805C106K9RACTU from SamacSys.SchLib
Replace Part C14 C0805C106K9RACTU in D:\gitdoc\Darkyden_project\SCHEMATIC\DARKYDEN\USBC_B.SchDoc with C0805C106K9RACTU from SamacSys.SchLib
Replace Part C15 C0805C106K9RACTU in D:\gitdoc\Darkyden_project\SCHEMATIC\DARKYDEN\USBC_B.SchDoc with C0805C106K9RACTU from SamacSys.SchLib
Replace Part C16 Capacitor_0805 in D:\gitdoc\Darkyden_project\SCHEMATIC\DARKYDEN\USBC_B.SchDoc with Capacitor_0805 from Capacitor_0805.SchLib
Replace Part C17 Capacitor_0805 in D:\gitdoc\Darkyden_project\SCHEMATIC\DARKYDEN\USBC_B.SchDoc with Capacitor_0805 from Capacitor_0805.SchLib
Replace Part C18 Capacitor_0805 in D:\gitdoc\Darkyden_project\SCHEMATIC\DARKYDEN\USBC_B.SchDoc with Capacitor_0805 from Capacitor_0805.SchLib
Replace Part C19 C0805C221M5RACTU in D:\gitdoc\Darkyden_project\SCHEMATIC\DARKYDEN\USBC_B.SchDoc with C0805C221M5RACTU from C0805C221M5RACTU.SchLib
Replace Part C20 C0805C221M5RACTU in D:\gitdoc\Darkyden_project\SCHEMATIC\DARKYDEN\USBC_B.SchDoc with C0805C221M5RACTU from C0805C221M5RACTU.SchLib
Replace Part C185 C0805C104K9RACTU in D:\gitdoc\Darkyden_project\SCHEMATIC\DARKYDEN\USBC_B.SchDoc with C0805C104K9RACTU from SamacSys.SchLib
Replace Part C186 EEE-FPJ101UAR in D:\gitdoc\Darkyden_project\SCHEMATIC\DARKYDEN\USBC_B.SchDoc with EEE-FPJ101UAR from SamacSys.SchLib
Replace Part FB10 BLM18EG221SN1D in D:\gitdoc\Darkyden_project\SCHEMATIC\DARKYDEN\USBC_B.SchDoc with BLM18EG221SN1D from SamacSys.SchLib
Replace Part J3 USBC in D:\gitdoc\Darkyden_project\SCHEMATIC\DARKYDEN\USBC_B.SchDoc with USBC from USBC.SchLib
Replace Part L2 ACM2012-900-2P-T002 in D:\gitdoc\Darkyden_project\SCHEMATIC\DARKYDEN\USBC_B.SchDoc with ACM2012-900-2P-T002 from SamacSys.SchLib
Replace Part R8 ERJ-3GEYJ682V in D:\gitdoc\Darkyden_project\SCHEMATIC\DARKYDEN\USBC_B.SchDoc with ERJ-3GEYJ682V from SamacSys.SchLib
Replace Part R9 ERJ-3GEYJ682V in D:\gitdoc\Darkyden_project\SCHEMATIC\DARKYDEN\USBC_B.SchDoc with ERJ-3GEYJ682V from SamacSys.SchLib
Replace Part R10 ERJ-3GEYJ104V in D:\gitdoc\Darkyden_project\SCHEMATIC\DARKYDEN\USBC_B.SchDoc with ERJ-3GEYJ104V from SamacSys.SchLib
Replace Part R11 ERJ-3GEYJ222V in D:\gitdoc\Darkyden_project\SCHEMATIC\DARKYDEN\USBC_B.SchDoc with ERJ-3GEYJ222V from SamacSys.SchLib
Replace Part R12 ERJ-3GEYJ222V in D:\gitdoc\Darkyden_project\SCHEMATIC\DARKYDEN\USBC_B.SchDoc with ERJ-3GEYJ222V from SamacSys.SchLib
Replace Part R13 ERJ-3GEYJ103V in D:\gitdoc\Darkyden_project\SCHEMATIC\DARKYDEN\USBC_B.SchDoc with ERJ-3GEYJ103V from SamacSys.SchLib
Replace Part U7 TVS2200DRVR in D:\gitdoc\Darkyden_project\SCHEMATIC\DARKYDEN\USBC_B.SchDoc with TVS2200DRVR from TVS2200.SchLib
Replace Part U8 SY6280AAC in D:\gitdoc\Darkyden_project\SCHEMATIC\DARKYDEN\USBC_B.SchDoc with SY6280AAC from SamacSys.SchLib
Replace Part U9 FUSB302BMPX in D:\gitdoc\Darkyden_project\SCHEMATIC\DARKYDEN\USBC_B.SchDoc with FUSB302BMPX from SamacSys.SchLib
Replace Part U10 TPD4E02B04DQAR in D:\gitdoc\Darkyden_project\SCHEMATIC\DARKYDEN\USBC_B.SchDoc with TPD4E02B04DQAR from TPD4E02B04DQAR.SchLib
Replace Part U11 TPD4E02B04DQAR in D:\gitdoc\Darkyden_project\SCHEMATIC\DARKYDEN\USBC_B.SchDoc with TPD4E02B04DQAR from TPD4E02B04DQAR.SchLib
Replace Part U12 TPD4E02B04DQAR in D:\gitdoc\Darkyden_project\SCHEMATIC\DARKYDEN\USBC_B.SchDoc with TPD4E02B04DQAR from TPD4E02B04DQAR.SchLib
