Replace Part C37 Capacitor_0805 in D:\PROJETFINDEC\Darkyden_project\SCHEMATIC\DARKYDEN\HDMI.SchDoc with Capacitor_0805 from Capacitor_0805.SchLib
Replace Part C38 Capacitor_0805 in D:\PROJETFINDEC\Darkyden_project\SCHEMATIC\DARKYDEN\HDMI.SchDoc with Capacitor_0805 from Capacitor_0805.SchLib
Replace Part C39 Capacitor_0805 in D:\PROJETFINDEC\Darkyden_project\SCHEMATIC\DARKYDEN\HDMI.SchDoc with Capacitor_0805 from Capacitor_0805.SchLib
Replace Part C40 Capacitor_0805 in D:\PROJETFINDEC\Darkyden_project\SCHEMATIC\DARKYDEN\HDMI.SchDoc with Capacitor_0805 from Capacitor_0805.SchLib
Replace Part IC1 TMUX1511PWR in D:\PROJETFINDEC\Darkyden_project\SCHEMATIC\DARKYDEN\HDMI.SchDoc with TMUX1511PWR from SamacSys.SchLib
Replace Part IC2 TMUX1511PWR in D:\PROJETFINDEC\Darkyden_project\SCHEMATIC\DARKYDEN\HDMI.SchDoc with TMUX1511PWR from SamacSys.SchLib
Replace Part IC3 AP2331TDSA-7 in D:\PROJETFINDEC\Darkyden_project\SCHEMATIC\DARKYDEN\HDMI.SchDoc with AP2331TDSA-7 from SamacSys.SchLib
Replace Part J8 HDMI in D:\PROJETFINDEC\Darkyden_project\SCHEMATIC\DARKYDEN\HDMI.SchDoc with HDMI from HDMI.IntLib
Replace Part L7 ACM2012-900-2P-T002 in D:\PROJETFINDEC\Darkyden_project\SCHEMATIC\DARKYDEN\HDMI.SchDoc with ACM2012-900-2P-T002 from ACM2012.SchLib
Replace Part L8 ACM2012-900-2P-T002 in D:\PROJETFINDEC\Darkyden_project\SCHEMATIC\DARKYDEN\HDMI.SchDoc with ACM2012-900-2P-T002 from ACM2012.SchLib
Replace Part L9 ACM2012-900-2P-T002 in D:\PROJETFINDEC\Darkyden_project\SCHEMATIC\DARKYDEN\HDMI.SchDoc with ACM2012-900-2P-T002 from ACM2012.SchLib
Replace Part L10 ACM2012-900-2P-T002 in D:\PROJETFINDEC\Darkyden_project\SCHEMATIC\DARKYDEN\HDMI.SchDoc with ACM2012-900-2P-T002 from ACM2012.SchLib
Replace Part Q1 2SK3018-TP in D:\PROJETFINDEC\Darkyden_project\SCHEMATIC\DARKYDEN\HDMI.SchDoc with 2SK3018-TP from SamacSys.SchLib
Replace Part Q3 2SK3018-TP in D:\PROJETFINDEC\Darkyden_project\SCHEMATIC\DARKYDEN\HDMI.SchDoc with 2SK3018-TP from SamacSys.SchLib
Replace Part Q4 2SK3018-TP in D:\PROJETFINDEC\Darkyden_project\SCHEMATIC\DARKYDEN\HDMI.SchDoc with 2SK3018-TP from SamacSys.SchLib
Replace Part Q5 2SK3018-TP in D:\PROJETFINDEC\Darkyden_project\SCHEMATIC\DARKYDEN\HDMI.SchDoc with 2SK3018-TP from SamacSys.SchLib
Replace Part R51 RG1608P-104-B-T5 in D:\PROJETFINDEC\Darkyden_project\SCHEMATIC\DARKYDEN\HDMI.SchDoc with RG1608P-104-B-T5 from RES_SMD_0603.SchLib
Replace Part R52 RG1608P-104-B-T5 in D:\PROJETFINDEC\Darkyden_project\SCHEMATIC\DARKYDEN\HDMI.SchDoc with RG1608P-104-B-T5 from RES_SMD_0603.SchLib
Replace Part R53 RG1608P-104-B-T5 in D:\PROJETFINDEC\Darkyden_project\SCHEMATIC\DARKYDEN\HDMI.SchDoc with RG1608P-104-B-T5 from RES_SMD_0603.SchLib
Replace Part R54 RG1608P-104-B-T5 in D:\PROJETFINDEC\Darkyden_project\SCHEMATIC\DARKYDEN\HDMI.SchDoc with RG1608P-104-B-T5 from RES_SMD_0603.SchLib
Replace Part R55 RG1608P-104-B-T5 in D:\PROJETFINDEC\Darkyden_project\SCHEMATIC\DARKYDEN\HDMI.SchDoc with RG1608P-104-B-T5 from RES_SMD_0603.SchLib
Replace Part R56 RG1608P-104-B-T5 in D:\PROJETFINDEC\Darkyden_project\SCHEMATIC\DARKYDEN\HDMI.SchDoc with RG1608P-104-B-T5 from RES_SMD_0603.SchLib
Replace Part R57 RG1608P-104-B-T5 in D:\PROJETFINDEC\Darkyden_project\SCHEMATIC\DARKYDEN\HDMI.SchDoc with RG1608P-104-B-T5 from RES_SMD_0603.SchLib
Replace Part R58 RG1608P-104-B-T5 in D:\PROJETFINDEC\Darkyden_project\SCHEMATIC\DARKYDEN\HDMI.SchDoc with RG1608P-104-B-T5 from RES_SMD_0603.SchLib
Replace Part R59 RG1608P-104-B-T5 in D:\PROJETFINDEC\Darkyden_project\SCHEMATIC\DARKYDEN\HDMI.SchDoc with RG1608P-104-B-T5 from RES_SMD_0603.SchLib
Replace Part R60 RG1608P-104-B-T5 in D:\PROJETFINDEC\Darkyden_project\SCHEMATIC\DARKYDEN\HDMI.SchDoc with RG1608P-104-B-T5 from RES_SMD_0603.SchLib
Replace Part R61 RG1608P-104-B-T5 in D:\PROJETFINDEC\Darkyden_project\SCHEMATIC\DARKYDEN\HDMI.SchDoc with RG1608P-104-B-T5 from RES_SMD_0603.SchLib
Replace Part R62 RG1608P-104-B-T5 in D:\PROJETFINDEC\Darkyden_project\SCHEMATIC\DARKYDEN\HDMI.SchDoc with RG1608P-104-B-T5 from RES_SMD_0603.SchLib
Replace Part R63 RG1608P-104-B-T5 in D:\PROJETFINDEC\Darkyden_project\SCHEMATIC\DARKYDEN\HDMI.SchDoc with RG1608P-104-B-T5 from RES_SMD_0603.SchLib
Replace Part R64 RG1608P-104-B-T5 in D:\PROJETFINDEC\Darkyden_project\SCHEMATIC\DARKYDEN\HDMI.SchDoc with RG1608P-104-B-T5 from RES_SMD_0603.SchLib
Replace Part R65 RG1608P-104-B-T5 in D:\PROJETFINDEC\Darkyden_project\SCHEMATIC\DARKYDEN\HDMI.SchDoc with RG1608P-104-B-T5 from RES_SMD_0603.SchLib
Replace Part R66 RG1608P-104-B-T5 in D:\PROJETFINDEC\Darkyden_project\SCHEMATIC\DARKYDEN\HDMI.SchDoc with RG1608P-104-B-T5 from RES_SMD_0603.SchLib
Replace Part R67 RG1608P-104-B-T5 in D:\PROJETFINDEC\Darkyden_project\SCHEMATIC\DARKYDEN\HDMI.SchDoc with RG1608P-104-B-T5 from RES_SMD_0603.SchLib
Replace Part R68 RG1608P-104-B-T5 in D:\PROJETFINDEC\Darkyden_project\SCHEMATIC\DARKYDEN\HDMI.SchDoc with RG1608P-104-B-T5 from RES_SMD_0603.SchLib
Replace Part U20 TPD4E02B04DQAR in D:\PROJETFINDEC\Darkyden_project\SCHEMATIC\DARKYDEN\HDMI.SchDoc with TPD4E02B04DQAR from TPD4E02B04DQAR.SchLib
Replace Part U21 TPD4E02B04DQAR in D:\PROJETFINDEC\Darkyden_project\SCHEMATIC\DARKYDEN\HDMI.SchDoc with TPD4E02B04DQAR from TPD4E02B04DQAR.SchLib
Replace Part U22 TPD4E02B04DQAR in D:\PROJETFINDEC\Darkyden_project\SCHEMATIC\DARKYDEN\HDMI.SchDoc with TPD4E02B04DQAR from TPD4E02B04DQAR.SchLib
