Replace Part C142 C0805C104K3RACTU in D:\PROJETFINDEC\Darkyden_project\SCHEMATIC\DARKYDEN\P3V3_PP5V_GESTION.SchDoc with C0805C104K3RACTU from C0805C104K3RACTU.SchLib
Replace Part C143 CGA4J3X5R1H475K125AB in D:\PROJETFINDEC\Darkyden_project\SCHEMATIC\DARKYDEN\P3V3_PP5V_GESTION.SchDoc with CGA4J3X5R1H475K125AB from CGA4J3X5R1H475K125AB.SchLib
Replace Part C144 CGA4J3X5R1H475K125AB in D:\PROJETFINDEC\Darkyden_project\SCHEMATIC\DARKYDEN\P3V3_PP5V_GESTION.SchDoc with CGA4J3X5R1H475K125AB from CGA4J3X5R1H475K125AB.SchLib
Replace Part C145 C0805C103K5RACTU in D:\PROJETFINDEC\Darkyden_project\SCHEMATIC\DARKYDEN\P3V3_PP5V_GESTION.SchDoc with C0805C103K5RACTU from C0805C103K5RACTU.SchLib
Replace Part C146 T520B107M006ATE015 in D:\PROJETFINDEC\Darkyden_project\SCHEMATIC\DARKYDEN\P3V3_PP5V_GESTION.SchDoc with T520B107M006ATE015 from SamacSys.SchLib
Replace Part C147 GRM32ER61A476KE20L in D:\PROJETFINDEC\Darkyden_project\SCHEMATIC\DARKYDEN\P3V3_PP5V_GESTION.SchDoc with GRM32ER61A476KE20L from SamacSys.SchLib
Replace Part C148 GRM32ER61A476KE20L in D:\PROJETFINDEC\Darkyden_project\SCHEMATIC\DARKYDEN\P3V3_PP5V_GESTION.SchDoc with GRM32ER61A476KE20L from SamacSys.SchLib
Replace Part C149 C0805C103K3RACTU in D:\PROJETFINDEC\Darkyden_project\SCHEMATIC\DARKYDEN\P3V3_PP5V_GESTION.SchDoc with C0805C103K3RACTU from SamacSys.SchLib
Replace Part C150 C0805C222K3GECTU in D:\PROJETFINDEC\Darkyden_project\SCHEMATIC\DARKYDEN\P3V3_PP5V_GESTION.SchDoc with C0805C222K3GECTU from C1812C222F1GACTU.SchLib
Replace Part C151 C0805C220J5RACTU in D:\PROJETFINDEC\Darkyden_project\SCHEMATIC\DARKYDEN\P3V3_PP5V_GESTION.SchDoc with C0805C220J5RACTU from C0805C220J5RACTU.SchLib
Replace Part C152 C0805C106K3PACTU in D:\PROJETFINDEC\Darkyden_project\SCHEMATIC\DARKYDEN\P3V3_PP5V_GESTION.SchDoc with C0805C106K3PACTU from C0805C106K3PACTU.SchLib
Replace Part C153 C0805C106K3PACTU in D:\PROJETFINDEC\Darkyden_project\SCHEMATIC\DARKYDEN\P3V3_PP5V_GESTION.SchDoc with C0805C106K3PACTU from C0805C106K3PACTU.SchLib
Replace Part D7 CDBC540-G in D:\PROJETFINDEC\Darkyden_project\SCHEMATIC\DARKYDEN\P3V3_PP5V_GESTION.SchDoc with CDBC540-G from SamacSys.SchLib
Replace Part IC15 TPS54531DDA in D:\PROJETFINDEC\Darkyden_project\SCHEMATIC\DARKYDEN\P3V3_PP5V_GESTION.SchDoc with TPS54531DDA from SamacSys.SchLib
Replace Part IC16 TLV75533PDBVR in D:\PROJETFINDEC\Darkyden_project\SCHEMATIC\DARKYDEN\P3V3_PP5V_GESTION.SchDoc with TLV75533PDBVR from SamacSys.SchLib
Replace Part L18 74437368047 in D:\PROJETFINDEC\Darkyden_project\SCHEMATIC\DARKYDEN\P3V3_PP5V_GESTION.SchDoc with 74437368047 from SamacSys.SchLib
Replace Part R153 ERJ-3EKF6653V in D:\PROJETFINDEC\Darkyden_project\SCHEMATIC\DARKYDEN\P3V3_PP5V_GESTION.SchDoc with ERJ-3EKF6653V from ERJ-3EKF6653V.SchLib
Replace Part R154 ERJ-3EKF51R1V in D:\PROJETFINDEC\Darkyden_project\SCHEMATIC\DARKYDEN\P3V3_PP5V_GESTION.SchDoc with ERJ-3EKF51R1V from SamacSys.SchLib
Replace Part R155 ERJ-3EKF1303V in D:\PROJETFINDEC\Darkyden_project\SCHEMATIC\DARKYDEN\P3V3_PP5V_GESTION.SchDoc with ERJ-3EKF1303V from ERJ-3EKF1303V.SchLib
Replace Part R156 ERJ-3EKF1022V in D:\PROJETFINDEC\Darkyden_project\SCHEMATIC\DARKYDEN\P3V3_PP5V_GESTION.SchDoc with ERJ-3EKF1022V from SamacSys.SchLib
Replace Part R157 ERJ-3EKF3742V in D:\PROJETFINDEC\Darkyden_project\SCHEMATIC\DARKYDEN\P3V3_PP5V_GESTION.SchDoc with ERJ-3EKF3742V from ERJ-3EKF3742V.SchLib
Replace Part R158 ERJ-3EKF1961V in D:\PROJETFINDEC\Darkyden_project\SCHEMATIC\DARKYDEN\P3V3_PP5V_GESTION.SchDoc with ERJ-3EKF1961V from ERJ-3EKF1961V.SchLib
