Replace Part C26 Capacitor_0805 in D:\PROJETFINDEC\Darkyden_project\SCHEMATIC\DARKYDEN\NVME.SchDoc with Capacitor_0805 from Capacitor_0805.SchLib
Replace Part C27 Capacitor_0805 in D:\PROJETFINDEC\Darkyden_project\SCHEMATIC\DARKYDEN\NVME.SchDoc with Capacitor_0805 from Capacitor_0805.SchLib
Replace Part C28 Capacitor_0805 in D:\PROJETFINDEC\Darkyden_project\SCHEMATIC\DARKYDEN\NVME.SchDoc with Capacitor_0805 from Capacitor_0805.SchLib
Replace Part C? Capacitor_0805 in D:\PROJETFINDEC\Darkyden_project\SCHEMATIC\DARKYDEN\NVME.SchDoc with Capacitor_0805 from Capacitor_0805.SchLib
Replace Part C? Capacitor_0805 in D:\PROJETFINDEC\Darkyden_project\SCHEMATIC\DARKYDEN\NVME.SchDoc with Capacitor_0805 from Capacitor_0805.SchLib
Replace Part C? Capacitor_0805 in D:\PROJETFINDEC\Darkyden_project\SCHEMATIC\DARKYDEN\NVME.SchDoc with Capacitor_0805 from Capacitor_0805.SchLib
Replace Part C? Capacitor_0805 in D:\PROJETFINDEC\Darkyden_project\SCHEMATIC\DARKYDEN\NVME.SchDoc with Capacitor_0805 from Capacitor_0805.SchLib
Replace Part C? Capacitor_0805 in D:\PROJETFINDEC\Darkyden_project\SCHEMATIC\DARKYDEN\NVME.SchDoc with Capacitor_0805 from Capacitor_0805.SchLib
Replace Part C? Capacitor_0805 in D:\PROJETFINDEC\Darkyden_project\SCHEMATIC\DARKYDEN\NVME.SchDoc with Capacitor_0805 from Capacitor_0805.SchLib
Replace Part D1 GREEN in D:\PROJETFINDEC\Darkyden_project\SCHEMATIC\DARKYDEN\NVME.SchDoc with GREEN from 0603_LED.SchLib
Replace Part J4 Bus_M.2_Socket_M in D:\PROJETFINDEC\Darkyden_project\SCHEMATIC\DARKYDEN\NVME.SchDoc with Bus_M.2_Socket_M from Bus_M.2_Socket_M.SchLib
Replace Part R18 RG1608P-104-B-T5 in D:\PROJETFINDEC\Darkyden_project\SCHEMATIC\DARKYDEN\NVME.SchDoc with RG1608P-104-B-T5 from RES_SMD_0603.SchLib
Replace Part R19 RG1608P-104-B-T5 in D:\PROJETFINDEC\Darkyden_project\SCHEMATIC\DARKYDEN\NVME.SchDoc with RG1608P-104-B-T5 from RES_SMD_0603.SchLib
Replace Part R20 RG1608P-104-B-T5 in D:\PROJETFINDEC\Darkyden_project\SCHEMATIC\DARKYDEN\NVME.SchDoc with RG1608P-104-B-T5 from RES_SMD_0603.SchLib
Replace Part R21 RG1608P-104-B-T5 in D:\PROJETFINDEC\Darkyden_project\SCHEMATIC\DARKYDEN\NVME.SchDoc with RG1608P-104-B-T5 from RES_SMD_0603.SchLib
Replace Part R22 RG1608P-104-B-T5 in D:\PROJETFINDEC\Darkyden_project\SCHEMATIC\DARKYDEN\NVME.SchDoc with RG1608P-104-B-T5 from RES_SMD_0603.SchLib
Replace Part R23 RG1608P-104-B-T5 in D:\PROJETFINDEC\Darkyden_project\SCHEMATIC\DARKYDEN\NVME.SchDoc with RG1608P-104-B-T5 from RES_SMD_0603.SchLib
Replace Part TP1 5006 in D:\PROJETFINDEC\Darkyden_project\SCHEMATIC\DARKYDEN\NVME.SchDoc with 5006 from test_point.SchLib
Replace Part U16 RT9193-33GB in D:\PROJETFINDEC\Darkyden_project\SCHEMATIC\DARKYDEN\NVME.SchDoc with RT9193-33GB from RT9193-33GB.SchLib
Replace Part U? PI6C557-05BLE in D:\PROJETFINDEC\Darkyden_project\SCHEMATIC\DARKYDEN\NVME.SchDoc with PI6C557-05BLE from PI6C557-05BLE.SchLib
