Replace Part C26 Capacitor_0805 in D:\PROJETFINDEC\Darkyden_project\SCHEMATIC\DARKYDEN\NVME.SchDoc with Capacitor_0805 from Capacitor_0805.SchLib
Replace Part C27 Capacitor_0805 in D:\PROJETFINDEC\Darkyden_project\SCHEMATIC\DARKYDEN\NVME.SchDoc with Capacitor_0805 from Capacitor_0805.SchLib
Replace Part C28 Capacitor_0805 in D:\PROJETFINDEC\Darkyden_project\SCHEMATIC\DARKYDEN\NVME.SchDoc with Capacitor_0805 from Capacitor_0805.SchLib
Replace Part C29 Capacitor_0805 in D:\PROJETFINDEC\Darkyden_project\SCHEMATIC\DARKYDEN\NVME.SchDoc with Capacitor_0805 from Capacitor_0805.SchLib
Replace Part C30 Capacitor_0805 in D:\PROJETFINDEC\Darkyden_project\SCHEMATIC\DARKYDEN\NVME.SchDoc with Capacitor_0805 from Capacitor_0805.SchLib
Replace Part C31 Capacitor_0805 in D:\PROJETFINDEC\Darkyden_project\SCHEMATIC\DARKYDEN\NVME.SchDoc with Capacitor_0805 from Capacitor_0805.SchLib
Replace Part C32 Capacitor_0805 in D:\PROJETFINDEC\Darkyden_project\SCHEMATIC\DARKYDEN\NVME.SchDoc with Capacitor_0805 from Capacitor_0805.SchLib
Replace Part C33 Capacitor_0805 in D:\PROJETFINDEC\Darkyden_project\SCHEMATIC\DARKYDEN\NVME.SchDoc with Capacitor_0805 from Capacitor_0805.SchLib
Replace Part C34 Capacitor_0805 in D:\PROJETFINDEC\Darkyden_project\SCHEMATIC\DARKYDEN\NVME.SchDoc with Capacitor_0805 from Capacitor_0805.SchLib
Replace Part J4 Bus_M.2_Socket_M in D:\PROJETFINDEC\Darkyden_project\SCHEMATIC\DARKYDEN\NVME.SchDoc with Bus_M.2_Socket_M from Bus_M.2_Socket_M.SchLib
Replace Part LED1 GREEN in D:\PROJETFINDEC\Darkyden_project\SCHEMATIC\DARKYDEN\NVME.SchDoc with GREEN from 0603_LED.SchLib
Replace Part R18 RG1608P-104-B-T5 in D:\PROJETFINDEC\Darkyden_project\SCHEMATIC\DARKYDEN\NVME.SchDoc with RG1608P-104-B-T5 from RES_SMD_0603.SchLib
Replace Part R19 RG1608P-104-B-T5 in D:\PROJETFINDEC\Darkyden_project\SCHEMATIC\DARKYDEN\NVME.SchDoc with RG1608P-104-B-T5 from RES_SMD_0603.SchLib
Replace Part R20 RG1608P-104-B-T5 in D:\PROJETFINDEC\Darkyden_project\SCHEMATIC\DARKYDEN\NVME.SchDoc with RG1608P-104-B-T5 from RES_SMD_0603.SchLib
Replace Part R21 RG1608P-104-B-T5 in D:\PROJETFINDEC\Darkyden_project\SCHEMATIC\DARKYDEN\NVME.SchDoc with RG1608P-104-B-T5 from RES_SMD_0603.SchLib
Replace Part R22 RG1608P-104-B-T5 in D:\PROJETFINDEC\Darkyden_project\SCHEMATIC\DARKYDEN\NVME.SchDoc with RG1608P-104-B-T5 from RES_SMD_0603.SchLib
Replace Part R23 RG1608P-104-B-T5 in D:\PROJETFINDEC\Darkyden_project\SCHEMATIC\DARKYDEN\NVME.SchDoc with RG1608P-104-B-T5 from RES_SMD_0603.SchLib
Replace Part R24 RG1608P-104-B-T5 in D:\PROJETFINDEC\Darkyden_project\SCHEMATIC\DARKYDEN\NVME.SchDoc with RG1608P-104-B-T5 from RES_SMD_0603.SchLib
Replace Part R25 RG1608P-104-B-T5 in D:\PROJETFINDEC\Darkyden_project\SCHEMATIC\DARKYDEN\NVME.SchDoc with RG1608P-104-B-T5 from RES_SMD_0603.SchLib
Replace Part R26 RG1608P-104-B-T5 in D:\PROJETFINDEC\Darkyden_project\SCHEMATIC\DARKYDEN\NVME.SchDoc with RG1608P-104-B-T5 from RES_SMD_0603.SchLib
Replace Part R27 RG1608P-104-B-T5 in D:\PROJETFINDEC\Darkyden_project\SCHEMATIC\DARKYDEN\NVME.SchDoc with RG1608P-104-B-T5 from RES_SMD_0603.SchLib
Replace Part R28 RG1608P-104-B-T5 in D:\PROJETFINDEC\Darkyden_project\SCHEMATIC\DARKYDEN\NVME.SchDoc with RG1608P-104-B-T5 from RES_SMD_0603.SchLib
Replace Part R29 RG1608P-104-B-T5 in D:\PROJETFINDEC\Darkyden_project\SCHEMATIC\DARKYDEN\NVME.SchDoc with RG1608P-104-B-T5 from RES_SMD_0603.SchLib
Replace Part R30 RG1608P-104-B-T5 in D:\PROJETFINDEC\Darkyden_project\SCHEMATIC\DARKYDEN\NVME.SchDoc with RG1608P-104-B-T5 from RES_SMD_0603.SchLib
Replace Part R31 RG1608P-104-B-T5 in D:\PROJETFINDEC\Darkyden_project\SCHEMATIC\DARKYDEN\NVME.SchDoc with RG1608P-104-B-T5 from RES_SMD_0603.SchLib
Replace Part R32 RG1608P-104-B-T5 in D:\PROJETFINDEC\Darkyden_project\SCHEMATIC\DARKYDEN\NVME.SchDoc with RG1608P-104-B-T5 from RES_SMD_0603.SchLib
Replace Part R33 RG1608P-104-B-T5 in D:\PROJETFINDEC\Darkyden_project\SCHEMATIC\DARKYDEN\NVME.SchDoc with RG1608P-104-B-T5 from RES_SMD_0603.SchLib
Replace Part R34 RG1608P-104-B-T5 in D:\PROJETFINDEC\Darkyden_project\SCHEMATIC\DARKYDEN\NVME.SchDoc with RG1608P-104-B-T5 from RES_SMD_0603.SchLib
Replace Part R35 RG1608P-104-B-T5 in D:\PROJETFINDEC\Darkyden_project\SCHEMATIC\DARKYDEN\NVME.SchDoc with RG1608P-104-B-T5 from RES_SMD_0603.SchLib
Replace Part R36 RG1608P-104-B-T5 in D:\PROJETFINDEC\Darkyden_project\SCHEMATIC\DARKYDEN\NVME.SchDoc with RG1608P-104-B-T5 from RES_SMD_0603.SchLib
Replace Part R37 RG1608P-104-B-T5 in D:\PROJETFINDEC\Darkyden_project\SCHEMATIC\DARKYDEN\NVME.SchDoc with RG1608P-104-B-T5 from RES_SMD_0603.SchLib
Replace Part R38 RG1608P-104-B-T5 in D:\PROJETFINDEC\Darkyden_project\SCHEMATIC\DARKYDEN\NVME.SchDoc with RG1608P-104-B-T5 from RES_SMD_0603.SchLib
Replace Part R39 RG1608P-104-B-T5 in D:\PROJETFINDEC\Darkyden_project\SCHEMATIC\DARKYDEN\NVME.SchDoc with RG1608P-104-B-T5 from RES_SMD_0603.SchLib
Replace Part R40 RG1608P-104-B-T5 in D:\PROJETFINDEC\Darkyden_project\SCHEMATIC\DARKYDEN\NVME.SchDoc with RG1608P-104-B-T5 from RES_SMD_0603.SchLib
Replace Part R? RG1608P-104-B-T5 in D:\PROJETFINDEC\Darkyden_project\SCHEMATIC\DARKYDEN\NVME.SchDoc with RG1608P-104-B-T5 from RES_SMD_0603.SchLib
Replace Part TP1 5006 in D:\PROJETFINDEC\Darkyden_project\SCHEMATIC\DARKYDEN\NVME.SchDoc with 5006 from test_point.SchLib
Replace Part U16 RT9193-33GB in D:\PROJETFINDEC\Darkyden_project\SCHEMATIC\DARKYDEN\NVME.SchDoc with RT9193-33GB from RT9193-33GB.SchLib
Replace Part U17 PI6C557-05BLE in D:\PROJETFINDEC\Darkyden_project\SCHEMATIC\DARKYDEN\NVME.SchDoc with PI6C557-05BLE from PI6C557-05BLE.SchLib
Replace Part Y1 ECS-250-8-37B2-RWY-TR in D:\PROJETFINDEC\Darkyden_project\SCHEMATIC\DARKYDEN\NVME.SchDoc with ECS-250-8-37B2-RWY-TR from ECS-250-8-37B2-RWY-TR.SchLib
