Replace Part C26 C0805C105K8RACTU in D:\gitdoc\Darkyden_project\SCHEMATIC\DARKYDEN\NVME.SchDoc with C0805C105K8RACTU from C0805C105K8RACTU.SchLib
Replace Part C27 C0805C220J5RACTU in D:\gitdoc\Darkyden_project\SCHEMATIC\DARKYDEN\NVME.SchDoc with C0805C220J5RACTU from C0805C220J5RACTU.SchLib
Replace Part C28 C0805C105K8RACTU in D:\gitdoc\Darkyden_project\SCHEMATIC\DARKYDEN\NVME.SchDoc with C0805C105K8RACTU from C0805C105K8RACTU.SchLib
Replace Part C29 C0805C104K4RACAUTO in D:\gitdoc\Darkyden_project\SCHEMATIC\DARKYDEN\NVME.SchDoc with C0805C104K4RACAUTO from C0805C104K4RACAUTO.SchLib
Replace Part C30 C0805C105K8RACTU in D:\gitdoc\Darkyden_project\SCHEMATIC\DARKYDEN\NVME.SchDoc with C0805C105K8RACTU from C0805C105K8RACTU.SchLib
Replace Part C31 C0805C104K4RACAUTO in D:\gitdoc\Darkyden_project\SCHEMATIC\DARKYDEN\NVME.SchDoc with C0805C104K4RACAUTO from C0805C104K4RACAUTO.SchLib
Replace Part C32 C0805C105K8RACTU in D:\gitdoc\Darkyden_project\SCHEMATIC\DARKYDEN\NVME.SchDoc with C0805C105K8RACTU from C0805C105K8RACTU.SchLib
Replace Part C33 C0805C150K5RACAUTO in D:\gitdoc\Darkyden_project\SCHEMATIC\DARKYDEN\NVME.SchDoc with C0805C150K5RACAUTO from C0805C150K5RACAUTO.SchLib
Replace Part C34 C0805C150K5RACAUTO in D:\gitdoc\Darkyden_project\SCHEMATIC\DARKYDEN\NVME.SchDoc with C0805C150K5RACAUTO from C0805C150K5RACAUTO.SchLib
Replace Part J4 Bus_M.2_Socket_M in D:\gitdoc\Darkyden_project\SCHEMATIC\DARKYDEN\NVME.SchDoc with Bus_M.2_Socket_M from Bus_M.2_Socket_M.SchLib
Replace Part LED1 GREEN in D:\gitdoc\Darkyden_project\SCHEMATIC\DARKYDEN\NVME.SchDoc with GREEN from 0603_LED.SchLib
Replace Part R18 ERJ-3GEYJ473V in D:\gitdoc\Darkyden_project\SCHEMATIC\DARKYDEN\NVME.SchDoc with ERJ-3GEYJ473V from ERJ-3GEYJ473V.SchLib
Replace Part R19 ERJ-3GEY0R00V in D:\gitdoc\Darkyden_project\SCHEMATIC\DARKYDEN\NVME.SchDoc with ERJ-3GEY0R00V from SamacSys.SchLib
Replace Part R20 ERJ-3GEY0R00V in D:\gitdoc\Darkyden_project\SCHEMATIC\DARKYDEN\NVME.SchDoc with ERJ-3GEY0R00V from SamacSys.SchLib
Replace Part R21 ERJ-3GEY0R00V in D:\gitdoc\Darkyden_project\SCHEMATIC\DARKYDEN\NVME.SchDoc with ERJ-3GEY0R00V from SamacSys.SchLib
Replace Part R22 ERJ-3GEYJ103V in D:\gitdoc\Darkyden_project\SCHEMATIC\DARKYDEN\NVME.SchDoc with ERJ-3GEYJ103V from SamacSys.SchLib
Replace Part R23 ERJ-3GEYJ104V in D:\gitdoc\Darkyden_project\SCHEMATIC\DARKYDEN\NVME.SchDoc with ERJ-3GEYJ104V from SamacSys.SchLib
Replace Part R24 ERA-3AEB472V in D:\gitdoc\Darkyden_project\SCHEMATIC\DARKYDEN\NVME.SchDoc with ERA-3AEB472V from ERA-3AEB472V.SchLib
Replace Part R25 RG1608P-104-B-T5 in D:\gitdoc\Darkyden_project\SCHEMATIC\DARKYDEN\NVME.SchDoc with RG1608P-104-B-T5 from RES_SMD_0603.SchLib
Replace Part R26 ERJ-3GEYJ103V in D:\gitdoc\Darkyden_project\SCHEMATIC\DARKYDEN\NVME.SchDoc with ERJ-3GEYJ103V from SamacSys.SchLib
Replace Part R27 ERJ-3GEYJ103V in D:\gitdoc\Darkyden_project\SCHEMATIC\DARKYDEN\NVME.SchDoc with ERJ-3GEYJ103V from SamacSys.SchLib
Replace Part R28 ERJ-3EKF33R0V in D:\gitdoc\Darkyden_project\SCHEMATIC\DARKYDEN\NVME.SchDoc with ERJ-3EKF33R0V from ERJ-3EKF33R0V.SchLib
Replace Part R29 ERJ-3EKF33R0V in D:\gitdoc\Darkyden_project\SCHEMATIC\DARKYDEN\NVME.SchDoc with ERJ-3EKF33R0V from ERJ-3EKF33R0V.SchLib
Replace Part R30 ERJ-3EKF49R9V in D:\gitdoc\Darkyden_project\SCHEMATIC\DARKYDEN\NVME.SchDoc with ERJ-3EKF49R9V from ERJ-3EKF49R9V.SchLib
Replace Part R31 ERJ-3EKF49R9V in D:\gitdoc\Darkyden_project\SCHEMATIC\DARKYDEN\NVME.SchDoc with ERJ-3EKF49R9V from ERJ-3EKF49R9V.SchLib
Replace Part R32 ERJ-3EKF33R0V in D:\gitdoc\Darkyden_project\SCHEMATIC\DARKYDEN\NVME.SchDoc with ERJ-3EKF33R0V from ERJ-3EKF33R0V.SchLib
Replace Part R33 ERJ-3EKF33R0V in D:\gitdoc\Darkyden_project\SCHEMATIC\DARKYDEN\NVME.SchDoc with ERJ-3EKF33R0V from ERJ-3EKF33R0V.SchLib
Replace Part R34 ERJ-3EKF33R0V in D:\gitdoc\Darkyden_project\SCHEMATIC\DARKYDEN\NVME.SchDoc with ERJ-3EKF33R0V from ERJ-3EKF33R0V.SchLib
Replace Part R35 ERJ-3EKF33R0V in D:\gitdoc\Darkyden_project\SCHEMATIC\DARKYDEN\NVME.SchDoc with ERJ-3EKF33R0V from ERJ-3EKF33R0V.SchLib
Replace Part R36 ERJ-3GEYJ471V in D:\gitdoc\Darkyden_project\SCHEMATIC\DARKYDEN\NVME.SchDoc with ERJ-3GEYJ471V from ERJ-3GEYJ471V.SchLib
Replace Part R37 ERJ-3EKF49R9V in D:\gitdoc\Darkyden_project\SCHEMATIC\DARKYDEN\NVME.SchDoc with ERJ-3EKF49R9V from ERJ-3EKF49R9V.SchLib
Replace Part R38 ERJ-3EKF49R9V in D:\gitdoc\Darkyden_project\SCHEMATIC\DARKYDEN\NVME.SchDoc with ERJ-3EKF49R9V from ERJ-3EKF49R9V.SchLib
Replace Part R39 ERJ-3EKF49R9V in D:\gitdoc\Darkyden_project\SCHEMATIC\DARKYDEN\NVME.SchDoc with ERJ-3EKF49R9V from ERJ-3EKF49R9V.SchLib
Replace Part R40 ERJ-3EKF49R9V in D:\gitdoc\Darkyden_project\SCHEMATIC\DARKYDEN\NVME.SchDoc with ERJ-3EKF49R9V from ERJ-3EKF49R9V.SchLib
Replace Part R103 RG1608P-104-B-T5 in D:\gitdoc\Darkyden_project\SCHEMATIC\DARKYDEN\NVME.SchDoc with RG1608P-104-B-T5 from RES_SMD_0603.SchLib
Replace Part TP1 5006 in D:\gitdoc\Darkyden_project\SCHEMATIC\DARKYDEN\NVME.SchDoc with 5006 from test_point.SchLib
Replace Part U16 RT9193-33GB in D:\gitdoc\Darkyden_project\SCHEMATIC\DARKYDEN\NVME.SchDoc with RT9193-33GB from RT9193-33GB.SchLib
Replace Part U17 PI6C557-05BLE in D:\gitdoc\Darkyden_project\SCHEMATIC\DARKYDEN\NVME.SchDoc with PI6C557-05BLE from PI6C557-05BLE.SchLib
Replace Part Y1 ECS-250-8-37B2-RWY-TR in D:\gitdoc\Darkyden_project\SCHEMATIC\DARKYDEN\NVME.SchDoc with ECS-250-8-37B2-RWY-TR from ECS-250-8-37B2-RWY-TR.SchLib
