Replace Part C142 Capacitor_0805 in D:\gitdoc\Darkyden_project\SCHEMATIC\DARKYDEN\P3V3_PP5V_GESTION.SchDoc with Capacitor_0805 from Capacitor_0805.SchLib
Replace Part C143 Capacitor_0805 in D:\gitdoc\Darkyden_project\SCHEMATIC\DARKYDEN\P3V3_PP5V_GESTION.SchDoc with Capacitor_0805 from Capacitor_0805.SchLib
Replace Part C144 Capacitor_0805 in D:\gitdoc\Darkyden_project\SCHEMATIC\DARKYDEN\P3V3_PP5V_GESTION.SchDoc with Capacitor_0805 from Capacitor_0805.SchLib
Replace Part C145 Capacitor_0805 in D:\gitdoc\Darkyden_project\SCHEMATIC\DARKYDEN\P3V3_PP5V_GESTION.SchDoc with Capacitor_0805 from Capacitor_0805.SchLib
Replace Part C146 T520B107M006ATE015 in D:\gitdoc\Darkyden_project\SCHEMATIC\DARKYDEN\P3V3_PP5V_GESTION.SchDoc with T520B107M006ATE015 from SamacSys.SchLib
Replace Part C147 GRM32ER61A476KE20L in D:\gitdoc\Darkyden_project\SCHEMATIC\DARKYDEN\P3V3_PP5V_GESTION.SchDoc with GRM32ER61A476KE20L from SamacSys.SchLib
Replace Part C148 GRM32ER61A476KE20L in D:\gitdoc\Darkyden_project\SCHEMATIC\DARKYDEN\P3V3_PP5V_GESTION.SchDoc with GRM32ER61A476KE20L from SamacSys.SchLib
Replace Part C149 Capacitor_0805 in D:\gitdoc\Darkyden_project\SCHEMATIC\DARKYDEN\P3V3_PP5V_GESTION.SchDoc with Capacitor_0805 from Capacitor_0805.SchLib
Replace Part C150 Capacitor_0805 in D:\gitdoc\Darkyden_project\SCHEMATIC\DARKYDEN\P3V3_PP5V_GESTION.SchDoc with Capacitor_0805 from Capacitor_0805.SchLib
Replace Part C151 Capacitor_0805 in D:\gitdoc\Darkyden_project\SCHEMATIC\DARKYDEN\P3V3_PP5V_GESTION.SchDoc with Capacitor_0805 from Capacitor_0805.SchLib
Replace Part C152 Capacitor_0805 in D:\gitdoc\Darkyden_project\SCHEMATIC\DARKYDEN\P3V3_PP5V_GESTION.SchDoc with Capacitor_0805 from Capacitor_0805.SchLib
Replace Part C153 Capacitor_0805 in D:\gitdoc\Darkyden_project\SCHEMATIC\DARKYDEN\P3V3_PP5V_GESTION.SchDoc with Capacitor_0805 from Capacitor_0805.SchLib
Replace Part D7 CDBC540-G in D:\gitdoc\Darkyden_project\SCHEMATIC\DARKYDEN\P3V3_PP5V_GESTION.SchDoc with CDBC540-G from SamacSys.SchLib
Replace Part IC15 TPS54531DDA in D:\gitdoc\Darkyden_project\SCHEMATIC\DARKYDEN\P3V3_PP5V_GESTION.SchDoc with TPS54531DDA from SamacSys.SchLib
Replace Part IC16 TLV75533PDBVR in D:\gitdoc\Darkyden_project\SCHEMATIC\DARKYDEN\P3V3_PP5V_GESTION.SchDoc with TLV75533PDBVR from SamacSys.SchLib
Replace Part L18 74437368047 in D:\gitdoc\Darkyden_project\SCHEMATIC\DARKYDEN\P3V3_PP5V_GESTION.SchDoc with 74437368047 from SamacSys.SchLib
Replace Part R153 RG1608P-104-B-T5 in D:\gitdoc\Darkyden_project\SCHEMATIC\DARKYDEN\P3V3_PP5V_GESTION.SchDoc with RG1608P-104-B-T5 from RES_SMD_0603.SchLib
Replace Part R154 RG1608P-104-B-T5 in D:\gitdoc\Darkyden_project\SCHEMATIC\DARKYDEN\P3V3_PP5V_GESTION.SchDoc with RG1608P-104-B-T5 from RES_SMD_0603.SchLib
Replace Part R155 RG1608P-104-B-T5 in D:\gitdoc\Darkyden_project\SCHEMATIC\DARKYDEN\P3V3_PP5V_GESTION.SchDoc with RG1608P-104-B-T5 from RES_SMD_0603.SchLib
Replace Part R156 RG1608P-104-B-T5 in D:\gitdoc\Darkyden_project\SCHEMATIC\DARKYDEN\P3V3_PP5V_GESTION.SchDoc with RG1608P-104-B-T5 from RES_SMD_0603.SchLib
Replace Part R157 RG1608P-104-B-T5 in D:\gitdoc\Darkyden_project\SCHEMATIC\DARKYDEN\P3V3_PP5V_GESTION.SchDoc with RG1608P-104-B-T5 from RES_SMD_0603.SchLib
Replace Part R158 RG1608P-104-B-T5 in D:\gitdoc\Darkyden_project\SCHEMATIC\DARKYDEN\P3V3_PP5V_GESTION.SchDoc with RG1608P-104-B-T5 from RES_SMD_0603.SchLib
