Change Component Description : Designator=R145 Old Description=1 Ohm 5% 1/10W  Res Thick Film 0603 -100ppm/Å? to New Description=1 Ohm 5% 1/10W  Res Thick Film 0603 -100ppm/Å? to|
Change Component Description : Designator=R146 Old Description=1 Ohm 5% 1/10W  Res Thick Film 0603 -100ppm/Å? to New Description=1 Ohm 5% 1/10W  Res Thick Film 0603 -100ppm/Å? to|
Change Component Description : Designator=R141 Old Description=3M Ohm 5% 1/10W Res Thick Film 0603 -400ppm/Å? to New Description=3M Ohm 5% 1/10W Res Thick Film 0603 -400ppm/Å? to|
Change Component Description : Designator=C25 Old Description=10uF / 25 VDC, +85degC, X5R Dielec, +/-10% New Description=10uF / 25 VDC, +85degC, X5R Dielec, +/-10% | KEMET C0805C106K3PACTU 0805
Change Component Description : Designator=C47 Old Description=10uF / 25 VDC, +85degC, X5R Dielec, +/-10% New Description=10uF / 25 VDC, +85degC, X5R Dielec, +/-10% | KEMET C0805C106K3PACTU 0805
Change Component Description : Designator=C48 Old Description=10uF / 25 VDC, +85degC, X5R Dielec, +/-10% New Description=10uF / 25 VDC, +85degC, X5R Dielec, +/-10% | KEMET C0805C106K3PACTU 0805
Change Component Description : Designator=C52 Old Description=10uF / 25 VDC, +85degC, X5R Dielec, +/-10% New Description=10uF / 25 VDC, +85degC, X5R Dielec, +/-10% | KEMET C0805C106K3PACTU 0805
Change Component Description : Designator=C53 Old Description=10uF / 25 VDC, +85degC, X5R Dielec, +/-10% New Description=10uF / 25 VDC, +85degC, X5R Dielec, +/-10% | KEMET C0805C106K3PACTU 0805
Change Component Description : Designator=C54 Old Description=10uF / 25 VDC, +85degC, X5R Dielec, +/-10% New Description=10uF / 25 VDC, +85degC, X5R Dielec, +/-10% | KEMET C0805C106K3PACTU 0805
Change Component Description : Designator=C55 Old Description=10uF / 25 VDC, +85degC, X5R Dielec, +/-10% New Description=10uF / 25 VDC, +85degC, X5R Dielec, +/-10% | KEMET C0805C106K3PACTU 0805
Change Component Description : Designator=C56 Old Description=10uF / 25 VDC, +85degC, X5R Dielec, +/-10% New Description=10uF / 25 VDC, +85degC, X5R Dielec, +/-10% | KEMET C0805C106K3PACTU 0805
Change Component Description : Designator=C57 Old Description=10uF / 25 VDC, +85degC, X5R Dielec, +/-10% New Description=10uF / 25 VDC, +85degC, X5R Dielec, +/-10% | KEMET C0805C106K3PACTU 0805
Change Component Description : Designator=C61 Old Description=10uF / 25 VDC, +85degC, X5R Dielec, +/-10% New Description=10uF / 25 VDC, +85degC, X5R Dielec, +/-10% | KEMET C0805C106K3PACTU 0805
Change Component Description : Designator=C62 Old Description=10uF / 25 VDC, +85degC, X5R Dielec, +/-10% New Description=10uF / 25 VDC, +85degC, X5R Dielec, +/-10% | KEMET C0805C106K3PACTU 0805
Change Component Description : Designator=C63 Old Description=10uF / 25 VDC, +85degC, X5R Dielec, +/-10% New Description=10uF / 25 VDC, +85degC, X5R Dielec, +/-10% | KEMET C0805C106K3PACTU 0805
Change Component Description : Designator=C64 Old Description=10uF / 25 VDC, +85degC, X5R Dielec, +/-10% New Description=10uF / 25 VDC, +85degC, X5R Dielec, +/-10% | KEMET C0805C106K3PACTU 0805
Change Component Description : Designator=C65 Old Description=10uF / 25 VDC, +85degC, X5R Dielec, +/-10% New Description=10uF / 25 VDC, +85degC, X5R Dielec, +/-10% | KEMET C0805C106K3PACTU 0805
Change Component Description : Designator=C68 Old Description=10uF / 25 VDC, +85degC, X5R Dielec, +/-10% New Description=10uF / 25 VDC, +85degC, X5R Dielec, +/-10% | KEMET C0805C106K3PACTU 0805
Change Component Description : Designator=C69 Old Description=10uF / 25 VDC, +85degC, X5R Dielec, +/-10% New Description=10uF / 25 VDC, +85degC, X5R Dielec, +/-10% | KEMET C0805C106K3PACTU 0805
Change Component Description : Designator=C73 Old Description=10uF / 25 VDC, +85degC, X5R Dielec, +/-10% New Description=10uF / 25 VDC, +85degC, X5R Dielec, +/-10% | KEMET C0805C106K3PACTU 0805
Change Component Description : Designator=C74 Old Description=10uF / 25 VDC, +85degC, X5R Dielec, +/-10% New Description=10uF / 25 VDC, +85degC, X5R Dielec, +/-10% | KEMET C0805C106K3PACTU 0805
Change Component Description : Designator=C75 Old Description=10uF / 25 VDC, +85degC, X5R Dielec, +/-10% New Description=10uF / 25 VDC, +85degC, X5R Dielec, +/-10% | KEMET C0805C106K3PACTU 0805
Change Component Description : Designator=C76 Old Description=10uF / 25 VDC, +85degC, X5R Dielec, +/-10% New Description=10uF / 25 VDC, +85degC, X5R Dielec, +/-10% | KEMET C0805C106K3PACTU 0805
Change Component Description : Designator=C77 Old Description=10uF / 25 VDC, +85degC, X5R Dielec, +/-10% New Description=10uF / 25 VDC, +85degC, X5R Dielec, +/-10% | KEMET C0805C106K3PACTU 0805
Change Component Description : Designator=C78 Old Description=10uF / 25 VDC, +85degC, X5R Dielec, +/-10% New Description=10uF / 25 VDC, +85degC, X5R Dielec, +/-10% | KEMET C0805C106K3PACTU 0805
Change Component Description : Designator=C82 Old Description=10uF / 25 VDC, +85degC, X5R Dielec, +/-10% New Description=10uF / 25 VDC, +85degC, X5R Dielec, +/-10% | KEMET C0805C106K3PACTU 0805
Change Component Description : Designator=C83 Old Description=10uF / 25 VDC, +85degC, X5R Dielec, +/-10% New Description=10uF / 25 VDC, +85degC, X5R Dielec, +/-10% | KEMET C0805C106K3PACTU 0805
Change Component Description : Designator=C84 Old Description=10uF / 25 VDC, +85degC, X5R Dielec, +/-10% New Description=10uF / 25 VDC, +85degC, X5R Dielec, +/-10% | KEMET C0805C106K3PACTU 0805
Change Component Description : Designator=C85 Old Description=10uF / 25 VDC, +85degC, X5R Dielec, +/-10% New Description=10uF / 25 VDC, +85degC, X5R Dielec, +/-10% | KEMET C0805C106K3PACTU 0805
Change Component Description : Designator=C87 Old Description=10uF / 25 VDC, +85degC, X5R Dielec, +/-10% New Description=10uF / 25 VDC, +85degC, X5R Dielec, +/-10% | KEMET C0805C106K3PACTU 0805
Change Component Description : Designator=C88 Old Description=10uF / 25 VDC, +85degC, X5R Dielec, +/-10% New Description=10uF / 25 VDC, +85degC, X5R Dielec, +/-10% | KEMET C0805C106K3PACTU 0805
Change Component Description : Designator=C89 Old Description=10uF / 25 VDC, +85degC, X5R Dielec, +/-10% New Description=10uF / 25 VDC, +85degC, X5R Dielec, +/-10% | KEMET C0805C106K3PACTU 0805
Change Component Description : Designator=C95 Old Description=10uF / 25 VDC, +85degC, X5R Dielec, +/-10% New Description=10uF / 25 VDC, +85degC, X5R Dielec, +/-10% | KEMET C0805C106K3PACTU 0805
Change Component Description : Designator=C96 Old Description=10uF / 25 VDC, +85degC, X5R Dielec, +/-10% New Description=10uF / 25 VDC, +85degC, X5R Dielec, +/-10% | KEMET C0805C106K3PACTU 0805
Change Component Description : Designator=C98 Old Description=10uF / 25 VDC, +85degC, X5R Dielec, +/-10% New Description=10uF / 25 VDC, +85degC, X5R Dielec, +/-10% | KEMET C0805C106K3PACTU 0805
Change Component Description : Designator=C99 Old Description=10uF / 25 VDC, +85degC, X5R Dielec, +/-10% New Description=10uF / 25 VDC, +85degC, X5R Dielec, +/-10% | KEMET C0805C106K3PACTU 0805
Change Component Description : Designator=C100 Old Description=10uF / 25 VDC, +85degC, X5R Dielec, +/-10% New Description=10uF / 25 VDC, +85degC, X5R Dielec, +/-10% | KEMET C0805C106K3PACTU 0805
Change Component Description : Designator=C101 Old Description=10uF / 25 VDC, +85degC, X5R Dielec, +/-10% New Description=10uF / 25 VDC, +85degC, X5R Dielec, +/-10% | KEMET C0805C106K3PACTU 0805
Change Component Description : Designator=C107 Old Description=10uF / 25 VDC, +85degC, X5R Dielec, +/-10% New Description=10uF / 25 VDC, +85degC, X5R Dielec, +/-10% | KEMET C0805C106K3PACTU 0805
Change Component Description : Designator=C108 Old Description=10uF / 25 VDC, +85degC, X5R Dielec, +/-10% New Description=10uF / 25 VDC, +85degC, X5R Dielec, +/-10% | KEMET C0805C106K3PACTU 0805
Change Component Description : Designator=C109 Old Description=10uF / 25 VDC, +85degC, X5R Dielec, +/-10% New Description=10uF / 25 VDC, +85degC, X5R Dielec, +/-10% | KEMET C0805C106K3PACTU 0805
Change Component Description : Designator=C110 Old Description=10uF / 25 VDC, +85degC, X5R Dielec, +/-10% New Description=10uF / 25 VDC, +85degC, X5R Dielec, +/-10% | KEMET C0805C106K3PACTU 0805
Change Component Description : Designator=C111 Old Description=10uF / 25 VDC, +85degC, X5R Dielec, +/-10% New Description=10uF / 25 VDC, +85degC, X5R Dielec, +/-10% | KEMET C0805C106K3PACTU 0805
Change Component Description : Designator=C113 Old Description=10uF / 25 VDC, +85degC, X5R Dielec, +/-10% New Description=10uF / 25 VDC, +85degC, X5R Dielec, +/-10% | KEMET C0805C106K3PACTU 0805
Change Component Description : Designator=C114 Old Description=10uF / 25 VDC, +85degC, X5R Dielec, +/-10% New Description=10uF / 25 VDC, +85degC, X5R Dielec, +/-10% | KEMET C0805C106K3PACTU 0805
Change Component Description : Designator=C118 Old Description=10uF / 25 VDC, +85degC, X5R Dielec, +/-10% New Description=10uF / 25 VDC, +85degC, X5R Dielec, +/-10% | KEMET C0805C106K3PACTU 0805
Change Component Description : Designator=C152 Old Description=10uF / 25 VDC, +85degC, X5R Dielec, +/-10% New Description=10uF / 25 VDC, +85degC, X5R Dielec, +/-10% | KEMET C0805C106K3PACTU 0805
Change Component Description : Designator=C153 Old Description=10uF / 25 VDC, +85degC, X5R Dielec, +/-10% New Description=10uF / 25 VDC, +85degC, X5R Dielec, +/-10% | KEMET C0805C106K3PACTU 0805
Change Component Description : Designator=J13 Old Description=FPC Connector; 0.5mm pitch dual contact back flip FPC, 6pos New Description=FPC Connector; 0.5mm pitch dual contact back flip FPC, 6pos | TE Connectivity 2328702-6
Change Component Description : Designator=J14 Old Description=FPC Connector; 0.5mm pitch dual contact back flip FPC, 6pos New Description=FPC Connector; 0.5mm pitch dual contact back flip FPC, 6pos | TE Connectivity 2328702-6
Change Component Description : Designator=TP1 Old Description=Test Point Compact THM PC .350 L .125 OD Heat Resistant Nylon 46 Black New Description=Test Point Compact THM PC .350 L .125 OD Heat Resistant Nylon 46 Black | Keystone Electronics 5006
Change Component Description : Designator=TP2 Old Description=Test Point Compact THM PC .350 L .125 OD Heat Resistant Nylon 46 Black New Description=Test Point Compact THM PC .350 L .125 OD Heat Resistant Nylon 46 Black | Keystone Electronics 5006
Change Component Description : Designator=TP3 Old Description=Test Point Compact THM PC .350 L .125 OD Heat Resistant Nylon 46 Black New Description=Test Point Compact THM PC .350 L .125 OD Heat Resistant Nylon 46 Black | Keystone Electronics 5006
Change Component Description : Designator=TP4 Old Description=Test Point Compact THM PC .350 L .125 OD Heat Resistant Nylon 46 Black New Description=Test Point Compact THM PC .350 L .125 OD Heat Resistant Nylon 46 Black | Keystone Electronics 5006
Added Component: Designator=J6(HDMI_MINI)
Add component (AddParameter): Name = "Body Material"; Value = "Brass"; VariantName = "[No Variations]"
Add component (AddParameter): Name = "Category"; Value = "Audio / Video Connectors"; VariantName = "[No Variations]"
Add component (AddParameter): Name = "ComponentLink1Description"; Value = "https://datasheet.ciiva.com/851/685119136923-851484.pdf?src-supplier=Digikey"; VariantName = "[No Variations]"
Add component (AddParameter): Name = "ComponentLink1URL"; Value = "https://datasheet.ciiva.com/851/685119136923-851484.pdf?src-supplier=Digikey"; VariantName = "[No Variations]"
Add component (AddParameter): Name = "ComponentLink2Description"; Value = "https://datasheet.ciiva.com/5053/685119136923-63845-5053221.pdf?src-supplier=Mouser"; VariantName = "[No Variations]"
Add component (AddParameter): Name = "ComponentLink2URL"; Value = "https://datasheet.ciiva.com/5053/685119136923-63845-5053221.pdf?src-supplier=Mouser"; VariantName = "[No Variations]"
Add component (AddParameter): Name = "ComponentLink3Description"; Value = "https://datasheet.ciiva.com/851/685119136923-851485.pdf?src-supplier=Digikey"; VariantName = "[No Variations]"
Add component (AddParameter): Name = "ComponentLink3URL"; Value = "https://datasheet.ciiva.com/851/685119136923-851485.pdf?src-supplier=Digikey"; VariantName = "[No Variations]"
Add component (AddParameter): Name = "ComponentLink4Description"; Value = "https://datasheet.ciiva.com/851/685119136923-851486.pdf?src-supplier=Digikey"; VariantName = "[No Variations]"
Add component (AddParameter): Name = "ComponentLink4URL"; Value = "https://datasheet.ciiva.com/851/685119136923-851486.pdf?src-supplier=Digikey"; VariantName = "[No Variations]"
Add component (AddParameter): Name = "Connector Type"; Value = "HDMI"; VariantName = "[No Variations]"
Add component (AddParameter): Name = "Contact Plating"; Value = "Gold"; VariantName = "[No Variations]"
Add component (AddParameter): Name = "Features"; Value = "Shielded"; VariantName = "[No Variations]"
Add component (AddParameter): Name = "Flammability Rating"; Value = "UL94 V-0"; VariantName = "[No Variations]"
Add component (AddParameter): Name = "Gender"; Value = "Receptacle"; VariantName = "[No Variations]"
Add component (AddParameter): Name = "Insulation Color"; Value = "Black"; VariantName = "[No Variations]"
Add component (AddParameter): Name = "Lead Free"; Value = "Lead Free"; VariantName = "[No Variations]"
Add component (AddParameter): Name = "Manufacturer"; Value = "Wurth Electronics"; VariantName = "[No Variations]"
Add component (AddParameter): Name = "Manufacturer Part Number"; Value = "685119136923"; VariantName = "[No Variations]"
Add component (AddParameter): Name = "Mating Cycles"; Value = "1500"; VariantName = "[No Variations]"
Add component (AddParameter): Name = "Max Operating Temperature"; Value = "85∞C"; VariantName = "[No Variations]"
Add component (AddParameter): Name = "Mfr_Name"; Value = "CNC Tech"; VariantName = "[No Variations]"
Add component (AddParameter): Name = "Min Operating Temperature"; Value = "-25∞C"; VariantName = "[No Variations]"
Add component (AddParameter): Name = "Mounting Technology"; Value = "Surface Mount,Horizontal,Through Hole"; VariantName = "[No Variations]"
Add component (AddParameter): Name = "Number of Contacts"; Value = "19"; VariantName = "[No Variations]"
Add component (AddParameter): Name = "Number of Ports"; Value = "1"; VariantName = "[No Variations]"
Add component (AddParameter): Name = "Number of Positions"; Value = "19"; VariantName = "[No Variations]"
Add component (AddParameter): Name = "Orientation"; Value = "Right Angle"; VariantName = "[No Variations]"
Add component (AddParameter): Name = "Package Quantity"; Value = "1"; VariantName = "[No Variations]"
Add component (AddParameter): Name = "Packaging"; Value = "Tape and Reel"; VariantName = "[No Variations]"
Add component (AddParameter): Name = "Pricing"; Value = "1=3.06, 10=3.009, 50=2.794, 100=2.579 (USD)"; VariantName = "[No Variations]"
Add component (AddParameter): Name = "Reach SVHC Compliant"; Value = "Unknown"; VariantName = "[No Variations]"
Add component (AddParameter): Name = "RefDes"; Value = "RefDes"; VariantName = "[No Variations]"
Add component (AddParameter): Name = "RoHS"; Value = "Yes"; VariantName = "[No Variations]"
Add component (AddParameter): Name = "RoHS Compliant"; Value = "Yes"; VariantName = "[No Variations]"
Add component (AddParameter): Name = "Series"; Value = "WR-COM"; VariantName = "[No Variations]"
Add component (AddParameter): Name = "Shielding"; Value = "Shielded"; VariantName = "[No Variations]"
Add component (AddParameter): Name = "Stock"; Value = "2568"; VariantName = "[No Variations]"
Add component (AddParameter): Name = "Supplier"; Value = "Digikey"; VariantName = "[No Variations]"
Add component (AddParameter): Name = "Supplier Part Number"; Value = "732-2739-1-ND"; VariantName = "[No Variations]"
Add component (AddParameter): Name = "Termination"; Value = "SMD/SMT"; VariantName = "[No Variations]"
Add component (AddParameter): Name = "Type"; Value = "Type"; VariantName = "[No Variations]"
Add component (AddParameter): Name = "Voltage Rating"; Value = "40V"; VariantName = "[No Variations]"
Added Pin To Net: NetName=PACK- Pin=J6-1
Added Pin To Net: NetName=TX2P_P Pin=J6-2
Added Pin To Net: NetName=TX2P_N Pin=J6-3
Added Pin To Net: NetName=PACK- Pin=J6-4
Added Pin To Net: NetName=TX1P_P Pin=J6-5
Added Pin To Net: NetName=TX1P_N Pin=J6-6
Added Pin To Net: NetName=PACK- Pin=J6-7
Added Pin To Net: NetName=TX0P_P Pin=J6-8
Added Pin To Net: NetName=TX0P_N Pin=J6-9
Added Pin To Net: NetName=PACK- Pin=J6-10
Added Pin To Net: NetName=TX3P_P Pin=J6-11
Added Pin To Net: NetName=TX3P_N Pin=J6-12
Added Pin To Net: NetName=PACK- Pin=J6-13
Added Pin To Net: NetName=CEC Pin=J6-14
Added Pin To Net: NetName=SCL Pin=J6-15
Added Pin To Net: NetName=SDA Pin=J6-16
Added Pin To Net: NetName=HDMI0_TX_SBD_P Pin=J6-17
Added Pin To Net: NetName=5V_HDMI_TX0 Pin=J6-18
Added Pin To Net: NetName=HDMI0_TX_SBD_N Pin=J6-19
Added Pin To Net: NetName=PACK- Pin=J6-20
Added Pin To Net: NetName=PACK- Pin=J6-20
Added Pin To Net: NetName=PACK- Pin=J6-20
Added Pin To Net: NetName=PACK- Pin=J6-20
Added Member To Class: ClassName=HDMI Member=Component J6 HDMI
