Change Component Footprint: Designator=C41 Old Footprint=CAPC2012X88N New Footprint=C0805
Change Component Footprint: Designator=C42 Old Footprint=CAPC2012X88N New Footprint=C0805
Change Component Footprint: Designator=C43 Old Footprint=CAPC2012X88N New Footprint=C0805
Change Component Footprint: Designator=C44 Old Footprint=CAPC2012X88N New Footprint=C0805
Change Component Footprint: Designator=C155 Old Footprint=CAPC2012X88N New Footprint=C0805
Change Component Footprint: Designator=C170 Old Footprint=CAPC2012X88N New Footprint=C0805
Change Component Footprint: Designator=C174 Old Footprint=CAPC2012X88N New Footprint=C0805
Change Component Footprint: Designator=C178 Old Footprint=CAPC2012X88N New Footprint=C0805
Change Component Footprint: Designator=C182 Old Footprint=CAPC2012X88N New Footprint=C0805
Change Component Footprint: Designator=C4 Old Footprint=CAPC220145_88N_KEM New Footprint=C0805
Change Component Footprint: Designator=C5 Old Footprint=CAPC220145_88N_KEM New Footprint=C0805
Change Component Footprint: Designator=C19 Old Footprint=CAPC220145_88N_KEM New Footprint=C0805
Change Component Footprint: Designator=C20 Old Footprint=CAPC220145_88N_KEM New Footprint=C0805
Change Component Footprint: Designator=C23 Old Footprint=CAPC220145_88N_KEM New Footprint=C0805
Change Component Footprint: Designator=C24 Old Footprint=CAPC220145_88N_KEM New Footprint=C0805
Change Component Footprint: Designator=C25 Old Footprint=CAPC220145_88N_KEM New Footprint=C0805
Change Component Footprint: Designator=C26 Old Footprint=CAPC220145_88N_KEM New Footprint=C0805
Change Component Footprint: Designator=C27 Old Footprint=CAPC220145_88N_KEM New Footprint=C0805
Change Component Footprint: Designator=C28 Old Footprint=CAPC220145_88N_KEM New Footprint=C0805
Change Component Footprint: Designator=C29 Old Footprint=CAPC220145_88N_KEM New Footprint=C0805
Change Component Footprint: Designator=C30 Old Footprint=CAPC220145_88N_KEM New Footprint=C0805
Change Component Footprint: Designator=C31 Old Footprint=CAPC220145_88N_KEM New Footprint=C0805
Change Component Footprint: Designator=C32 Old Footprint=CAPC220145_88N_KEM New Footprint=C0805
Change Component Footprint: Designator=C33 Old Footprint=CAPC220145_88N_KEM New Footprint=C0805
Change Component Footprint: Designator=C34 Old Footprint=CAPC220145_88N_KEM New Footprint=C0805
Change Component Footprint: Designator=C36 Old Footprint=CAPC220145_88N_KEM New Footprint=C0805
Change Component Footprint: Designator=C37 Old Footprint=CAPC220145_88N_KEM New Footprint=C0805
Change Component Footprint: Designator=C38 Old Footprint=CAPC220145_88N_KEM New Footprint=c0805
Change Component Footprint: Designator=C39 Old Footprint=CAPC220145_88N_KEM New Footprint=c0805
Change Component Footprint: Designator=C40 Old Footprint=CAPC220145_88N_KEM New Footprint=c0805
Change Component Footprint: Designator=C45 Old Footprint=CAPC220145_88N_KEM New Footprint=C0805
Change Component Footprint: Designator=C47 Old Footprint=CAPC220145_88N_KEM New Footprint=C0805
Change Component Footprint: Designator=C48 Old Footprint=CAPC220145_88N_KEM New Footprint=C0805
Change Component Footprint: Designator=C49 Old Footprint=CAPC220145_88N_KEM New Footprint=C0805
Change Component Footprint: Designator=C50 Old Footprint=CAPC220145_88N_KEM New Footprint=c0805
Change Component Footprint: Designator=C51 Old Footprint=CAPC220145_88N_KEM New Footprint=C0805
Change Component Footprint: Designator=C52 Old Footprint=CAPC220145_88N_KEM New Footprint=C0805
Change Component Footprint: Designator=C53 Old Footprint=CAPC220145_88N_KEM New Footprint=C0805
Change Component Footprint: Designator=C54 Old Footprint=CAPC220145_88N_KEM New Footprint=C0805
Change Component Footprint: Designator=C55 Old Footprint=CAPC220145_88N_KEM New Footprint=C0805
Change Component Footprint: Designator=C56 Old Footprint=CAPC220145_88N_KEM New Footprint=C0805
Change Component Footprint: Designator=C57 Old Footprint=CAPC220145_88N_KEM New Footprint=C0805
Change Component Footprint: Designator=C58 Old Footprint=CAPC220145_88N_KEM New Footprint=C0805
Change Component Footprint: Designator=C59 Old Footprint=CAPC220145_88N_KEM New Footprint=c0805
Change Component Footprint: Designator=C60 Old Footprint=CAPC220145_88N_KEM New Footprint=C0805
Change Component Footprint: Designator=C61 Old Footprint=CAPC220145_88N_KEM New Footprint=C0805
Change Component Footprint: Designator=C62 Old Footprint=CAPC220145_88N_KEM New Footprint=C0805
Change Component Footprint: Designator=C63 Old Footprint=CAPC220145_88N_KEM New Footprint=C0805
Change Component Footprint: Designator=C64 Old Footprint=CAPC220145_88N_KEM New Footprint=C0805
Change Component Footprint: Designator=C65 Old Footprint=CAPC220145_88N_KEM New Footprint=C0805
Change Component Footprint: Designator=C68 Old Footprint=CAPC220145_88N_KEM New Footprint=C0805
Change Component Footprint: Designator=C69 Old Footprint=CAPC220145_88N_KEM New Footprint=C0805
Change Component Footprint: Designator=C70 Old Footprint=CAPC220145_88N_KEM New Footprint=C0805
Change Component Footprint: Designator=C71 Old Footprint=CAPC220145_88N_KEM New Footprint=c0805
Change Component Footprint: Designator=C72 Old Footprint=CAPC220145_88N_KEM New Footprint=C0805
Change Component Footprint: Designator=C73 Old Footprint=CAPC220145_88N_KEM New Footprint=C0805
Change Component Footprint: Designator=C74 Old Footprint=CAPC220145_88N_KEM New Footprint=C0805
Change Component Footprint: Designator=C75 Old Footprint=CAPC220145_88N_KEM New Footprint=C0805
Change Component Footprint: Designator=C76 Old Footprint=CAPC220145_88N_KEM New Footprint=C0805
Change Component Footprint: Designator=C77 Old Footprint=CAPC220145_88N_KEM New Footprint=C0805
Change Component Footprint: Designator=C78 Old Footprint=CAPC220145_88N_KEM New Footprint=C0805
Change Component Footprint: Designator=C79 Old Footprint=CAPC220145_88N_KEM New Footprint=C0805
Change Component Footprint: Designator=C80 Old Footprint=CAPC220145_88N_KEM New Footprint=c0805
Change Component Footprint: Designator=C81 Old Footprint=CAPC220145_88N_KEM New Footprint=C0805
Change Component Footprint: Designator=C82 Old Footprint=CAPC220145_88N_KEM New Footprint=C0805
Change Component Footprint: Designator=C83 Old Footprint=CAPC220145_88N_KEM New Footprint=C0805
Change Component Footprint: Designator=C84 Old Footprint=CAPC220145_88N_KEM New Footprint=C0805
Change Component Footprint: Designator=C85 Old Footprint=CAPC220145_88N_KEM New Footprint=C0805
Change Component Footprint: Designator=C118 Old Footprint=CAPC220145_88N_KEM New Footprint=C0805
Change Component Footprint: Designator=C122 Old Footprint=CAPC220145_88N_KEM New Footprint=c0805
Change Component Footprint: Designator=C123 Old Footprint=CAPC220145_88N_KEM New Footprint=c0805
Change Component Footprint: Designator=C124 Old Footprint=CAPC220145_88N_KEM New Footprint=c0805
Change Component Footprint: Designator=C126 Old Footprint=CAPC220145_88N_KEM New Footprint=c0805
Change Component Footprint: Designator=C127 Old Footprint=CAPC220145_88N_KEM New Footprint=c0805
Change Component Footprint: Designator=C137 Old Footprint=CAPC220145_88N_KEM New Footprint=C0805
Change Component Footprint: Designator=C138 Old Footprint=CAPC220145_88N_KEM New Footprint=C0805
Change Component Footprint: Designator=C139 Old Footprint=CAPC220145_88N_KEM New Footprint=c0805
Change Component Footprint: Designator=C140 Old Footprint=CAPC220145_88N_KEM New Footprint=C0805
Change Component Footprint: Designator=C142 Old Footprint=CAPC220145_88N_KEM New Footprint=c0805
Change Component Footprint: Designator=C145 Old Footprint=CAPC220145_88N_KEM New Footprint=c0805
Change Component Footprint: Designator=C150 Old Footprint=CAPC220145_88N_KEM New Footprint=C0805
Change Component Footprint: Designator=C151 Old Footprint=CAPC220145_88N_KEM New Footprint=C0805
Change Component Footprint: Designator=C152 Old Footprint=CAPC220145_88N_KEM New Footprint=C0805
Change Component Footprint: Designator=C153 Old Footprint=CAPC220145_88N_KEM New Footprint=C0805
Change Component Library : Designator=C145 Old Library=C0805C103K5RACTU.SchLib New Library=DARKYDEN.SCHLIB
Change Component Library : Designator=C38 Old Library=C0805C104J8RACTU.SchLib New Library=DARKYDEN.SCHLIB
Change Component Library : Designator=C39 Old Library=C0805C104J8RACTU.SchLib New Library=DARKYDEN.SCHLIB
Change Component Library : Designator=C40 Old Library=C0805C104J8RACTU.SchLib New Library=DARKYDEN.SCHLIB
Change Component Library : Designator=C50 Old Library=C0805C104K3RACTU.SchLib New Library=DARKYDEN.SCHLIB
Change Component Library : Designator=C59 Old Library=C0805C104K3RACTU.SchLib New Library=DARKYDEN.SCHLIB
Change Component Library : Designator=C71 Old Library=C0805C104K3RACTU.SchLib New Library=DARKYDEN.SCHLIB
Change Component Library : Designator=C80 Old Library=C0805C104K3RACTU.SchLib New Library=DARKYDEN.SCHLIB
Change Component Library : Designator=C122 Old Library=C0805C104K3RACTU.SchLib New Library=DARKYDEN.SCHLIB
Change Component Library : Designator=C123 Old Library=C0805C104K3RACTU.SchLib New Library=DARKYDEN.SCHLIB
Change Component Library : Designator=C124 Old Library=C0805C104K3RACTU.SchLib New Library=DARKYDEN.SCHLIB
Change Component Library : Designator=C126 Old Library=C0805C104K3RACTU.SchLib New Library=DARKYDEN.SCHLIB
Change Component Library : Designator=C127 Old Library=C0805C104K3RACTU.SchLib New Library=DARKYDEN.SCHLIB
Change Component Library : Designator=C142 Old Library=C0805C104K3RACTU.SchLib New Library=DARKYDEN.SCHLIB
Change Component Library : Designator=C23 Old Library=C0805C104K4RACAUTO.SchLib New Library=DARKYDEN.SCHLIB
Change Component Library : Designator=C24 Old Library=C0805C104K4RACAUTO.SchLib New Library=DARKYDEN.SCHLIB
Change Component Library : Designator=C29 Old Library=C0805C104K4RACAUTO.SchLib New Library=DARKYDEN.SCHLIB
Change Component Library : Designator=C31 Old Library=C0805C104K4RACAUTO.SchLib New Library=DARKYDEN.SCHLIB
Change Component Library : Designator=C36 Old Library=C0805C104K4RACAUTO.SchLib New Library=DARKYDEN.SCHLIB
Change Component Library : Designator=C45 Old Library=C0805C104K4RACAUTO.SchLib New Library=DARKYDEN.SCHLIB
Change Component Library : Designator=C137 Old Library=C0805C104K4RACAUTO.SchLib New Library=DARKYDEN.SCHLIB
Change Component Library : Designator=C138 Old Library=C0805C104K4RACAUTO.SchLib New Library=DARKYDEN.SCHLIB
Change Component Library : Designator=C26 Old Library=C0805C105K8RACTU.SchLib New Library=DARKYDEN.SCHLIB
Change Component Library : Designator=C28 Old Library=C0805C105K8RACTU.SchLib New Library=DARKYDEN.SCHLIB
Change Component Library : Designator=C30 Old Library=C0805C105K8RACTU.SchLib New Library=DARKYDEN.SCHLIB
Change Component Library : Designator=C32 Old Library=C0805C105K8RACTU.SchLib New Library=DARKYDEN.SCHLIB
Change Component Library : Designator=C37 Old Library=C0805C105K8RACTU.SchLib New Library=DARKYDEN.SCHLIB
Change Component Library : Designator=C49 Old Library=C0805C105K8RACTU.SchLib New Library=DARKYDEN.SCHLIB
Change Component Library : Designator=C58 Old Library=C0805C105K8RACTU.SchLib New Library=DARKYDEN.SCHLIB
Change Component Library : Designator=C70 Old Library=C0805C105K8RACTU.SchLib New Library=DARKYDEN.SCHLIB
Change Component Library : Designator=C79 Old Library=C0805C105K8RACTU.SchLib New Library=DARKYDEN.SCHLIB
Change Component Library : Designator=C25 Old Library=C0805C106K3PACTU.SchLib New Library=DARKYDEN.SCHLIB
Change Component Library : Designator=C47 Old Library=C0805C106K3PACTU.SchLib New Library=DARKYDEN.SCHLIB
Change Component Library : Designator=C48 Old Library=C0805C106K3PACTU.SchLib New Library=DARKYDEN.SCHLIB
Change Component Library : Designator=C52 Old Library=C0805C106K3PACTU.SchLib New Library=DARKYDEN.SCHLIB
Change Component Library : Designator=C53 Old Library=C0805C106K3PACTU.SchLib New Library=DARKYDEN.SCHLIB
Change Component Library : Designator=C54 Old Library=C0805C106K3PACTU.SchLib New Library=DARKYDEN.SCHLIB
Change Component Library : Designator=C55 Old Library=C0805C106K3PACTU.SchLib New Library=DARKYDEN.SCHLIB
Change Component Library : Designator=C56 Old Library=C0805C106K3PACTU.SchLib New Library=DARKYDEN.SCHLIB
Change Component Library : Designator=C57 Old Library=C0805C106K3PACTU.SchLib New Library=DARKYDEN.SCHLIB
Change Component Library : Designator=C61 Old Library=C0805C106K3PACTU.SchLib New Library=DARKYDEN.SCHLIB
Change Component Library : Designator=C62 Old Library=C0805C106K3PACTU.SchLib New Library=DARKYDEN.SCHLIB
Change Component Library : Designator=C63 Old Library=C0805C106K3PACTU.SchLib New Library=DARKYDEN.SCHLIB
Change Component Library : Designator=C64 Old Library=C0805C106K3PACTU.SchLib New Library=DARKYDEN.SCHLIB
Change Component Library : Designator=C65 Old Library=C0805C106K3PACTU.SchLib New Library=DARKYDEN.SCHLIB
Change Component Library : Designator=C68 Old Library=C0805C106K3PACTU.SchLib New Library=DARKYDEN.SCHLIB
Change Component Library : Designator=C69 Old Library=C0805C106K3PACTU.SchLib New Library=DARKYDEN.SCHLIB
Change Component Library : Designator=C73 Old Library=C0805C106K3PACTU.SchLib New Library=DARKYDEN.SCHLIB
Change Component Library : Designator=C74 Old Library=C0805C106K3PACTU.SchLib New Library=DARKYDEN.SCHLIB
Change Component Library : Designator=C75 Old Library=C0805C106K3PACTU.SchLib New Library=DARKYDEN.SCHLIB
Change Component Library : Designator=C76 Old Library=C0805C106K3PACTU.SchLib New Library=DARKYDEN.SCHLIB
Change Component Library : Designator=C77 Old Library=C0805C106K3PACTU.SchLib New Library=DARKYDEN.SCHLIB
Change Component Library : Designator=C78 Old Library=C0805C106K3PACTU.SchLib New Library=DARKYDEN.SCHLIB
Change Component Library : Designator=C82 Old Library=C0805C106K3PACTU.SchLib New Library=DARKYDEN.SCHLIB
Change Component Library : Designator=C83 Old Library=C0805C106K3PACTU.SchLib New Library=DARKYDEN.SCHLIB
Change Component Library : Designator=C84 Old Library=C0805C106K3PACTU.SchLib New Library=DARKYDEN.SCHLIB
Change Component Library : Designator=C85 Old Library=C0805C106K3PACTU.SchLib New Library=DARKYDEN.SCHLIB
Change Component Library : Designator=C118 Old Library=C0805C106K3PACTU.SchLib New Library=DARKYDEN.SCHLIB
Change Component Library : Designator=C152 Old Library=C0805C106K3PACTU.SchLib New Library=DARKYDEN.SCHLIB
Change Component Library : Designator=C153 Old Library=C0805C106K3PACTU.SchLib New Library=DARKYDEN.SCHLIB
Change Component Library : Designator=C140 Old Library=C0805C150K4GACTU.SchLib New Library=DARKYDEN.SCHLIB
Change Component Library : Designator=C33 Old Library=C0805C150K5RACAUTO.SchLib New Library=DARKYDEN.SCHLIB
Change Component Library : Designator=C34 Old Library=C0805C150K5RACAUTO.SchLib New Library=DARKYDEN.SCHLIB
Change Component Library : Designator=C27 Old Library=C0805C220J5RACTU.SchLib New Library=DARKYDEN.SCHLIB
Change Component Library : Designator=C51 Old Library=C0805C220J5RACTU.SchLib New Library=DARKYDEN.SCHLIB
Change Component Library : Designator=C60 Old Library=C0805C220J5RACTU.SchLib New Library=DARKYDEN.SCHLIB
Change Component Library : Designator=C72 Old Library=C0805C220J5RACTU.SchLib New Library=DARKYDEN.SCHLIB
Change Component Library : Designator=C81 Old Library=C0805C220J5RACTU.SchLib New Library=DARKYDEN.SCHLIB
Change Component Library : Designator=C151 Old Library=C0805C220J5RACTU.SchLib New Library=DARKYDEN.SCHLIB
Change Component Library : Designator=C4 Old Library=C0805C221M5RACTU.SchLib New Library=DARKYDEN.SCHLIB
Change Component Library : Designator=C5 Old Library=C0805C221M5RACTU.SchLib New Library=DARKYDEN.SCHLIB
Change Component Library : Designator=C19 Old Library=C0805C221M5RACTU.SchLib New Library=DARKYDEN.SCHLIB
Change Component Library : Designator=C20 Old Library=C0805C221M5RACTU.SchLib New Library=DARKYDEN.SCHLIB
Change Component Library : Designator=C139 Old Library=C0805C472K4RACTU.SchLib New Library=DARKYDEN.SCHLIB
Change Component Library : Designator=C150 Old Library=C1812C222F1GACTU.SchLib New Library=DARKYDEN.SCHLIB
Change Component Library : Designator=66 Old Library=SamacSys.SchLib New Library=DARKYDEN.SCHLIB
Change Component Library : Designator=C1 Old Library=SamacSys.SchLib New Library=DARKYDEN.SCHLIB
Change Component Library : Designator=C2 Old Library=SamacSys.SchLib New Library=DARKYDEN.SCHLIB
Change Component Library : Designator=C3 Old Library=SamacSys.SchLib New Library=DARKYDEN.SCHLIB
Change Component Library : Designator=C6 Old Library=SamacSys.SchLib New Library=DARKYDEN.SCHLIB
Change Component Library : Designator=C7 Old Library=SamacSys.SchLib New Library=DARKYDEN.SCHLIB
Change Component Library : Designator=C8 Old Library=SamacSys.SchLib New Library=DARKYDEN.SCHLIB
Change Component Library : Designator=C9 Old Library=SamacSys.SchLib New Library=DARKYDEN.SCHLIB
Change Component Library : Designator=C10 Old Library=SamacSys.SchLib New Library=DARKYDEN.SCHLIB
Change Component Library : Designator=C12 Old Library=SamacSys.SchLib New Library=DARKYDEN.SCHLIB
Change Component Library : Designator=C13 Old Library=SamacSys.SchLib New Library=DARKYDEN.SCHLIB
Change Component Library : Designator=C14 Old Library=SamacSys.SchLib New Library=DARKYDEN.SCHLIB
Change Component Library : Designator=C15 Old Library=SamacSys.SchLib New Library=DARKYDEN.SCHLIB
Change Component Library : Designator=C16 Old Library=SamacSys.SchLib New Library=DARKYDEN.SCHLIB
Change Component Library : Designator=C17 Old Library=SamacSys.SchLib New Library=DARKYDEN.SCHLIB
Change Component Library : Designator=C18 Old Library=SamacSys.SchLib New Library=DARKYDEN.SCHLIB
Change Component Library : Designator=C21 Old Library=SamacSys.SchLib New Library=DARKYDEN.SCHLIB
Change Component Library : Designator=C22 Old Library=SamacSys.SchLib New Library=DARKYDEN.SCHLIB
Change Component Library : Designator=C35 Old Library=SamacSys.SchLib New Library=DARKYDEN.SCHLIB
Change Component Library : Designator=C41 Old Library=SamacSys.SchLib New Library=DARKYDEN.SCHLIB
Change Component Library : Designator=C42 Old Library=SamacSys.SchLib New Library=DARKYDEN.SCHLIB
Change Component Library : Designator=C43 Old Library=SamacSys.SchLib New Library=DARKYDEN.SCHLIB
Change Component Library : Designator=C44 Old Library=SamacSys.SchLib New Library=DARKYDEN.SCHLIB
Change Component Library : Designator=C46 Old Library=SamacSys.SchLib New Library=DARKYDEN.SCHLIB
Change Component Library : Designator=C67 Old Library=SamacSys.SchLib New Library=DARKYDEN.SCHLIB
Change Component Library : Designator=C116 Old Library=SamacSys.SchLib New Library=DARKYDEN.SCHLIB
Change Component Library : Designator=C117 Old Library=SamacSys.SchLib New Library=DARKYDEN.SCHLIB
Change Component Library : Designator=C119 Old Library=SamacSys.SchLib New Library=DARKYDEN.SCHLIB
Change Component Library : Designator=C120 Old Library=SamacSys.SchLib New Library=DARKYDEN.SCHLIB
Change Component Library : Designator=C121 Old Library=SamacSys.SchLib New Library=DARKYDEN.SCHLIB
Change Component Library : Designator=C125 Old Library=SamacSys.SchLib New Library=DARKYDEN.SCHLIB
Change Component Library : Designator=C128 Old Library=SamacSys.SchLib New Library=DARKYDEN.SCHLIB
Change Component Library : Designator=C129 Old Library=SamacSys.SchLib New Library=DARKYDEN.SCHLIB
Change Component Library : Designator=C130 Old Library=SamacSys.SchLib New Library=DARKYDEN.SCHLIB
Change Component Library : Designator=C132 Old Library=SamacSys.SchLib New Library=DARKYDEN.SCHLIB
Change Component Library : Designator=C141 Old Library=SamacSys.SchLib New Library=DARKYDEN.SCHLIB
Change Component Library : Designator=C149 Old Library=SamacSys.SchLib New Library=DARKYDEN.SCHLIB
Change Component Library : Designator=C154 Old Library=SamacSys.SchLib New Library=DARKYDEN.SCHLIB
Change Component Library : Designator=C155 Old Library=SamacSys.SchLib New Library=DARKYDEN.SCHLIB
Change Component Library : Designator=C156 Old Library=SamacSys.SchLib New Library=DARKYDEN.SCHLIB
Change Component Library : Designator=C157 Old Library=SamacSys.SchLib New Library=DARKYDEN.SCHLIB
Change Component Library : Designator=C158 Old Library=SamacSys.SchLib New Library=DARKYDEN.SCHLIB
Change Component Library : Designator=C159 Old Library=SamacSys.SchLib New Library=DARKYDEN.SCHLIB
Change Component Library : Designator=C160 Old Library=SamacSys.SchLib New Library=DARKYDEN.SCHLIB
Change Component Library : Designator=C161 Old Library=SamacSys.SchLib New Library=DARKYDEN.SCHLIB
Change Component Library : Designator=C162 Old Library=SamacSys.SchLib New Library=DARKYDEN.SCHLIB
Change Component Library : Designator=C163 Old Library=SamacSys.SchLib New Library=DARKYDEN.SCHLIB
Change Component Library : Designator=C164 Old Library=SamacSys.SchLib New Library=DARKYDEN.SCHLIB
Change Component Library : Designator=C165 Old Library=SamacSys.SchLib New Library=DARKYDEN.SCHLIB
Change Component Library : Designator=C166 Old Library=SamacSys.SchLib New Library=DARKYDEN.SCHLIB
Change Component Library : Designator=C167 Old Library=SamacSys.SchLib New Library=DARKYDEN.SCHLIB
Change Component Library : Designator=C168 Old Library=SamacSys.SchLib New Library=DARKYDEN.SCHLIB
Change Component Library : Designator=C170 Old Library=SamacSys.SchLib New Library=DARKYDEN.SCHLIB
Change Component Library : Designator=C171 Old Library=SamacSys.SchLib New Library=DARKYDEN.SCHLIB
Change Component Library : Designator=C172 Old Library=SamacSys.SchLib New Library=DARKYDEN.SCHLIB
Change Component Library : Designator=C174 Old Library=SamacSys.SchLib New Library=DARKYDEN.SCHLIB
Change Component Library : Designator=C175 Old Library=SamacSys.SchLib New Library=DARKYDEN.SCHLIB
Change Component Library : Designator=C176 Old Library=SamacSys.SchLib New Library=DARKYDEN.SCHLIB
Change Component Library : Designator=C178 Old Library=SamacSys.SchLib New Library=DARKYDEN.SCHLIB
Change Component Library : Designator=C179 Old Library=SamacSys.SchLib New Library=DARKYDEN.SCHLIB
Change Component Library : Designator=C180 Old Library=SamacSys.SchLib New Library=DARKYDEN.SCHLIB
Change Component Library : Designator=C182 Old Library=SamacSys.SchLib New Library=DARKYDEN.SCHLIB
Change Component Library : Designator=C183 Old Library=SamacSys.SchLib New Library=DARKYDEN.SCHLIB
Change Component Library : Designator=C185 Old Library=SamacSys.SchLib New Library=DARKYDEN.SCHLIB
