Replace Part C86 Capacitor_0805 in D:\gitdoc\Darkyden_project\SCHEMATIC\DARKYDEN\POWERSYSTEM.SchDoc with Capacitor_0805 from Capacitor_0805.SchLib
Replace Part C87 Capacitor_0805 in D:\gitdoc\Darkyden_project\SCHEMATIC\DARKYDEN\POWERSYSTEM.SchDoc with Capacitor_0805 from Capacitor_0805.SchLib
Replace Part C88 Capacitor_0805 in D:\gitdoc\Darkyden_project\SCHEMATIC\DARKYDEN\POWERSYSTEM.SchDoc with Capacitor_0805 from Capacitor_0805.SchLib
Replace Part C89 Capacitor_0805 in D:\gitdoc\Darkyden_project\SCHEMATIC\DARKYDEN\POWERSYSTEM.SchDoc with Capacitor_0805 from Capacitor_0805.SchLib
Replace Part C90 Capacitor_0805 in D:\gitdoc\Darkyden_project\SCHEMATIC\DARKYDEN\POWERSYSTEM.SchDoc with Capacitor_0805 from Capacitor_0805.SchLib
Replace Part C91 Capacitor_0805 in D:\gitdoc\Darkyden_project\SCHEMATIC\DARKYDEN\POWERSYSTEM.SchDoc with Capacitor_0805 from Capacitor_0805.SchLib
Replace Part C92 Capacitor_0805 in D:\gitdoc\Darkyden_project\SCHEMATIC\DARKYDEN\POWERSYSTEM.SchDoc with Capacitor_0805 from Capacitor_0805.SchLib
Replace Part C93 Capacitor_0805 in D:\gitdoc\Darkyden_project\SCHEMATIC\DARKYDEN\POWERSYSTEM.SchDoc with Capacitor_0805 from Capacitor_0805.SchLib
Replace Part C94 Capacitor_0805 in D:\gitdoc\Darkyden_project\SCHEMATIC\DARKYDEN\POWERSYSTEM.SchDoc with Capacitor_0805 from Capacitor_0805.SchLib
Replace Part C95 Capacitor_0805 in D:\gitdoc\Darkyden_project\SCHEMATIC\DARKYDEN\POWERSYSTEM.SchDoc with Capacitor_0805 from Capacitor_0805.SchLib
Replace Part C96 Capacitor_0805 in D:\gitdoc\Darkyden_project\SCHEMATIC\DARKYDEN\POWERSYSTEM.SchDoc with Capacitor_0805 from Capacitor_0805.SchLib
Replace Part C97 Capacitor_0805 in D:\gitdoc\Darkyden_project\SCHEMATIC\DARKYDEN\POWERSYSTEM.SchDoc with Capacitor_0805 from Capacitor_0805.SchLib
Replace Part C98 Capacitor_0805 in D:\gitdoc\Darkyden_project\SCHEMATIC\DARKYDEN\POWERSYSTEM.SchDoc with Capacitor_0805 from Capacitor_0805.SchLib
Replace Part C99 Capacitor_0805 in D:\gitdoc\Darkyden_project\SCHEMATIC\DARKYDEN\POWERSYSTEM.SchDoc with Capacitor_0805 from Capacitor_0805.SchLib
Replace Part C100 Capacitor_0805 in D:\gitdoc\Darkyden_project\SCHEMATIC\DARKYDEN\POWERSYSTEM.SchDoc with Capacitor_0805 from Capacitor_0805.SchLib
Replace Part C101 Capacitor_0805 in D:\gitdoc\Darkyden_project\SCHEMATIC\DARKYDEN\POWERSYSTEM.SchDoc with Capacitor_0805 from Capacitor_0805.SchLib
Replace Part C102 Capacitor_0805 in D:\gitdoc\Darkyden_project\SCHEMATIC\DARKYDEN\POWERSYSTEM.SchDoc with Capacitor_0805 from Capacitor_0805.SchLib
Replace Part C103 Capacitor_0805 in D:\gitdoc\Darkyden_project\SCHEMATIC\DARKYDEN\POWERSYSTEM.SchDoc with Capacitor_0805 from Capacitor_0805.SchLib
Replace Part C104 Capacitor_0805 in D:\gitdoc\Darkyden_project\SCHEMATIC\DARKYDEN\POWERSYSTEM.SchDoc with Capacitor_0805 from Capacitor_0805.SchLib
Replace Part C105 Capacitor_0805 in D:\gitdoc\Darkyden_project\SCHEMATIC\DARKYDEN\POWERSYSTEM.SchDoc with Capacitor_0805 from Capacitor_0805.SchLib
Replace Part C106 Capacitor_0805 in D:\gitdoc\Darkyden_project\SCHEMATIC\DARKYDEN\POWERSYSTEM.SchDoc with Capacitor_0805 from Capacitor_0805.SchLib
Replace Part C107 Capacitor_0805 in D:\gitdoc\Darkyden_project\SCHEMATIC\DARKYDEN\POWERSYSTEM.SchDoc with Capacitor_0805 from Capacitor_0805.SchLib
Replace Part C108 Capacitor_0805 in D:\gitdoc\Darkyden_project\SCHEMATIC\DARKYDEN\POWERSYSTEM.SchDoc with Capacitor_0805 from Capacitor_0805.SchLib
Replace Part C109 Capacitor_0805 in D:\gitdoc\Darkyden_project\SCHEMATIC\DARKYDEN\POWERSYSTEM.SchDoc with Capacitor_0805 from Capacitor_0805.SchLib
Replace Part C110 Capacitor_0805 in D:\gitdoc\Darkyden_project\SCHEMATIC\DARKYDEN\POWERSYSTEM.SchDoc with Capacitor_0805 from Capacitor_0805.SchLib
Replace Part C111 Capacitor_0805 in D:\gitdoc\Darkyden_project\SCHEMATIC\DARKYDEN\POWERSYSTEM.SchDoc with Capacitor_0805 from Capacitor_0805.SchLib
Replace Part C112 Capacitor_0805 in D:\gitdoc\Darkyden_project\SCHEMATIC\DARKYDEN\POWERSYSTEM.SchDoc with Capacitor_0805 from Capacitor_0805.SchLib
Replace Part C113 Capacitor_0805 in D:\gitdoc\Darkyden_project\SCHEMATIC\DARKYDEN\POWERSYSTEM.SchDoc with Capacitor_0805 from Capacitor_0805.SchLib
Replace Part C114 Capacitor_0805 in D:\gitdoc\Darkyden_project\SCHEMATIC\DARKYDEN\POWERSYSTEM.SchDoc with Capacitor_0805 from Capacitor_0805.SchLib
Replace Part C115 Capacitor_0805 in D:\gitdoc\Darkyden_project\SCHEMATIC\DARKYDEN\POWERSYSTEM.SchDoc with Capacitor_0805 from Capacitor_0805.SchLib
Replace Part J10 USBC in D:\gitdoc\Darkyden_project\SCHEMATIC\DARKYDEN\POWERSYSTEM.SchDoc with USBC from USBC.SchLib
Replace Part J12 61300311121 in D:\gitdoc\Darkyden_project\SCHEMATIC\DARKYDEN\POWERSYSTEM.SchDoc with 61300311121 from Header.IntLib
Replace Part JP1 Header_2x1 in D:\gitdoc\Darkyden_project\SCHEMATIC\DARKYDEN\POWERSYSTEM.SchDoc with Header_2x1 from texas_instrument_power.IntLib
Replace Part JP2 Header_2x1 in D:\gitdoc\Darkyden_project\SCHEMATIC\DARKYDEN\POWERSYSTEM.SchDoc with Header_2x1 from texas_instrument_power.IntLib
Replace Part JP3 Header_2x1 in D:\gitdoc\Darkyden_project\SCHEMATIC\DARKYDEN\POWERSYSTEM.SchDoc with Header_2x1 from texas_instrument_power.IntLib
Replace Part L16 IHLP2020BZER1R0M11 in D:\gitdoc\Darkyden_project\SCHEMATIC\DARKYDEN\POWERSYSTEM.SchDoc with IHLP2020BZER1R0M11 from texas_instrument_power.IntLib
Replace Part LED3 LED_Gr_SMD in D:\gitdoc\Darkyden_project\SCHEMATIC\DARKYDEN\POWERSYSTEM.SchDoc with LED_Gr_SMD from texas_instrument_power.IntLib
Replace Part R104 RG1608P-104-B-T5 in D:\gitdoc\Darkyden_project\SCHEMATIC\DARKYDEN\POWERSYSTEM.SchDoc with RG1608P-104-B-T5 from RES_SMD_0603.SchLib
Replace Part R105 RG1608P-104-B-T5 in D:\gitdoc\Darkyden_project\SCHEMATIC\DARKYDEN\POWERSYSTEM.SchDoc with RG1608P-104-B-T5 from RES_SMD_0603.SchLib
Replace Part R106 RG1608P-104-B-T5 in D:\gitdoc\Darkyden_project\SCHEMATIC\DARKYDEN\POWERSYSTEM.SchDoc with RG1608P-104-B-T5 from RES_SMD_0603.SchLib
Replace Part R108 RG1608P-104-B-T5 in D:\gitdoc\Darkyden_project\SCHEMATIC\DARKYDEN\POWERSYSTEM.SchDoc with RG1608P-104-B-T5 from RES_SMD_0603.SchLib
Replace Part R109 RG1608P-104-B-T5 in D:\gitdoc\Darkyden_project\SCHEMATIC\DARKYDEN\POWERSYSTEM.SchDoc with RG1608P-104-B-T5 from RES_SMD_0603.SchLib
Replace Part R110 RG1608P-104-B-T5 in D:\gitdoc\Darkyden_project\SCHEMATIC\DARKYDEN\POWERSYSTEM.SchDoc with RG1608P-104-B-T5 from RES_SMD_0603.SchLib
Replace Part R111 RG1608P-104-B-T5 in D:\gitdoc\Darkyden_project\SCHEMATIC\DARKYDEN\POWERSYSTEM.SchDoc with RG1608P-104-B-T5 from RES_SMD_0603.SchLib
Replace Part R112 RG1608P-104-B-T5 in D:\gitdoc\Darkyden_project\SCHEMATIC\DARKYDEN\POWERSYSTEM.SchDoc with RG1608P-104-B-T5 from RES_SMD_0603.SchLib
Replace Part R113 RG1608P-104-B-T5 in D:\gitdoc\Darkyden_project\SCHEMATIC\DARKYDEN\POWERSYSTEM.SchDoc with RG1608P-104-B-T5 from RES_SMD_0603.SchLib
Replace Part R114 RG1608P-104-B-T5 in D:\gitdoc\Darkyden_project\SCHEMATIC\DARKYDEN\POWERSYSTEM.SchDoc with RG1608P-104-B-T5 from RES_SMD_0603.SchLib
Replace Part R115 RG1608P-104-B-T5 in D:\gitdoc\Darkyden_project\SCHEMATIC\DARKYDEN\POWERSYSTEM.SchDoc with RG1608P-104-B-T5 from RES_SMD_0603.SchLib
Replace Part R116 RG1608P-104-B-T5 in D:\gitdoc\Darkyden_project\SCHEMATIC\DARKYDEN\POWERSYSTEM.SchDoc with RG1608P-104-B-T5 from RES_SMD_0603.SchLib
Replace Part R117 RG1608P-104-B-T5 in D:\gitdoc\Darkyden_project\SCHEMATIC\DARKYDEN\POWERSYSTEM.SchDoc with RG1608P-104-B-T5 from RES_SMD_0603.SchLib
Replace Part U24 TVS2200DRVR in D:\gitdoc\Darkyden_project\SCHEMATIC\DARKYDEN\POWERSYSTEM.SchDoc with TVS2200DRVR from TVS2200.SchLib
