Replace Part 66 C0805C223J3GACTU in D:\PROJETFINDEC\Darkyden_project\SCHEMATIC\DARKYDEN\Power.SchDoc with C0805C223J3GACTU from SamacSys.SchLib
Replace Part C47 C0805C106K3PACTU in D:\PROJETFINDEC\Darkyden_project\SCHEMATIC\DARKYDEN\Power.SchDoc with C0805C106K3PACTU from C0805C106K3PACTU.SchLib
Replace Part C48 C0805C106K3PACTU in D:\PROJETFINDEC\Darkyden_project\SCHEMATIC\DARKYDEN\Power.SchDoc with C0805C106K3PACTU from C0805C106K3PACTU.SchLib
Replace Part C49 C0805C105K8RACTU in D:\PROJETFINDEC\Darkyden_project\SCHEMATIC\DARKYDEN\Power.SchDoc with C0805C105K8RACTU from C0805C105K8RACTU.SchLib
Replace Part C50 C0805C104K3RACTU in D:\PROJETFINDEC\Darkyden_project\SCHEMATIC\DARKYDEN\Power.SchDoc with C0805C104K3RACTU from C0805C104K3RACTU.SchLib
Replace Part C51 C0805C220J5RACTU in D:\PROJETFINDEC\Darkyden_project\SCHEMATIC\DARKYDEN\Power.SchDoc with C0805C220J5RACTU from C0805C220J5RACTU.SchLib
Replace Part C52 C0805C106K3PACTU in D:\PROJETFINDEC\Darkyden_project\SCHEMATIC\DARKYDEN\Power.SchDoc with C0805C106K3PACTU from C0805C106K3PACTU.SchLib
Replace Part C53 C0805C106K3PACTU in D:\PROJETFINDEC\Darkyden_project\SCHEMATIC\DARKYDEN\Power.SchDoc with C0805C106K3PACTU from C0805C106K3PACTU.SchLib
Replace Part C54 C0805C106K3PACTU in D:\PROJETFINDEC\Darkyden_project\SCHEMATIC\DARKYDEN\Power.SchDoc with C0805C106K3PACTU from C0805C106K3PACTU.SchLib
Replace Part C55 C0805C106K3PACTU in D:\PROJETFINDEC\Darkyden_project\SCHEMATIC\DARKYDEN\Power.SchDoc with C0805C106K3PACTU from C0805C106K3PACTU.SchLib
Replace Part C56 C0805C106K3PACTU in D:\PROJETFINDEC\Darkyden_project\SCHEMATIC\DARKYDEN\Power.SchDoc with C0805C106K3PACTU from C0805C106K3PACTU.SchLib
Replace Part C57 C0805C106K3PACTU in D:\PROJETFINDEC\Darkyden_project\SCHEMATIC\DARKYDEN\Power.SchDoc with C0805C106K3PACTU from C0805C106K3PACTU.SchLib
Replace Part C58 C0805C105K8RACTU in D:\PROJETFINDEC\Darkyden_project\SCHEMATIC\DARKYDEN\Power.SchDoc with C0805C105K8RACTU from C0805C105K8RACTU.SchLib
Replace Part C59 C0805C104K3RACTU in D:\PROJETFINDEC\Darkyden_project\SCHEMATIC\DARKYDEN\Power.SchDoc with C0805C104K3RACTU from C0805C104K3RACTU.SchLib
Replace Part C60 C0805C220J5RACTU in D:\PROJETFINDEC\Darkyden_project\SCHEMATIC\DARKYDEN\Power.SchDoc with C0805C220J5RACTU from C0805C220J5RACTU.SchLib
Replace Part C61 C0805C106K3PACTU in D:\PROJETFINDEC\Darkyden_project\SCHEMATIC\DARKYDEN\Power.SchDoc with C0805C106K3PACTU from C0805C106K3PACTU.SchLib
Replace Part C62 C0805C106K3PACTU in D:\PROJETFINDEC\Darkyden_project\SCHEMATIC\DARKYDEN\Power.SchDoc with C0805C106K3PACTU from C0805C106K3PACTU.SchLib
Replace Part C63 C0805C106K3PACTU in D:\PROJETFINDEC\Darkyden_project\SCHEMATIC\DARKYDEN\Power.SchDoc with C0805C106K3PACTU from C0805C106K3PACTU.SchLib
Replace Part C64 C0805C106K3PACTU in D:\PROJETFINDEC\Darkyden_project\SCHEMATIC\DARKYDEN\Power.SchDoc with C0805C106K3PACTU from C0805C106K3PACTU.SchLib
Replace Part C65 C0805C106K3PACTU in D:\PROJETFINDEC\Darkyden_project\SCHEMATIC\DARKYDEN\Power.SchDoc with C0805C106K3PACTU from C0805C106K3PACTU.SchLib
Replace Part C67 C0805C105K3RACTU in D:\PROJETFINDEC\Darkyden_project\SCHEMATIC\DARKYDEN\Power.SchDoc with C0805C105K3RACTU from SamacSys.SchLib
Replace Part IC5 TPS564201DDCR in D:\PROJETFINDEC\Darkyden_project\SCHEMATIC\DARKYDEN\Power.SchDoc with TPS564201DDCR from SamacSys.SchLib
Replace Part IC6 TPS564201DDCR in D:\PROJETFINDEC\Darkyden_project\SCHEMATIC\DARKYDEN\Power.SchDoc with TPS564201DDCR from SamacSys.SchLib
Replace Part IC7 RT9193-18GB in D:\PROJETFINDEC\Darkyden_project\SCHEMATIC\DARKYDEN\Power.SchDoc with RT9193-18GB from SamacSys.SchLib
Replace Part L11 MWSA0605S-3R3MT in D:\PROJETFINDEC\Darkyden_project\SCHEMATIC\DARKYDEN\Power.SchDoc with MWSA0605S-3R3MT from MWSA0603S-XRXMT.SchLib
Replace Part L12 WPN4020H2R2MT in D:\PROJETFINDEC\Darkyden_project\SCHEMATIC\DARKYDEN\Power.SchDoc with WPN4020H2R2MT from WPN4020H2R2MT.SchLib
Replace Part LED2 BLUE in D:\PROJETFINDEC\Darkyden_project\SCHEMATIC\DARKYDEN\Power.SchDoc with BLUE from 0603_LED.SchLib
Replace Part R79 ERJ-3GEY0R00V in D:\PROJETFINDEC\Darkyden_project\SCHEMATIC\DARKYDEN\Power.SchDoc with ERJ-3GEY0R00V from SamacSys.SchLib
Replace Part R80 ERJ-3GEY0R00V in D:\PROJETFINDEC\Darkyden_project\SCHEMATIC\DARKYDEN\Power.SchDoc with ERJ-3GEY0R00V from SamacSys.SchLib
Replace Part R81 ERJ-3GEYJ103V in D:\PROJETFINDEC\Darkyden_project\SCHEMATIC\DARKYDEN\Power.SchDoc with ERJ-3GEYJ103V from SamacSys.SchLib
Replace Part R82 ERJ-3EKF5602V in D:\PROJETFINDEC\Darkyden_project\SCHEMATIC\DARKYDEN\Power.SchDoc with ERJ-3EKF5602V from SamacSys.SchLib
Replace Part R83 ERJ-3GEYJ103V in D:\PROJETFINDEC\Darkyden_project\SCHEMATIC\DARKYDEN\Power.SchDoc with ERJ-3GEYJ103V from SamacSys.SchLib
Replace Part R84 ERJ-3GEY0R00V in D:\PROJETFINDEC\Darkyden_project\SCHEMATIC\DARKYDEN\Power.SchDoc with ERJ-3GEY0R00V from SamacSys.SchLib
Replace Part R85 ERJ-3GEY0R00V in D:\PROJETFINDEC\Darkyden_project\SCHEMATIC\DARKYDEN\Power.SchDoc with ERJ-3GEY0R00V from SamacSys.SchLib
Replace Part R86 ERJ-3GEYJ103V in D:\PROJETFINDEC\Darkyden_project\SCHEMATIC\DARKYDEN\Power.SchDoc with ERJ-3GEYJ103V from SamacSys.SchLib
Replace Part R87 ERJ-3GEYJ333V in D:\PROJETFINDEC\Darkyden_project\SCHEMATIC\DARKYDEN\Power.SchDoc with ERJ-3GEYJ333V from SamacSys.SchLib
Replace Part R88 ERJ-3GEYJ103V in D:\PROJETFINDEC\Darkyden_project\SCHEMATIC\DARKYDEN\Power.SchDoc with ERJ-3GEYJ103V from SamacSys.SchLib
Replace Part R89 ERJ-3GEY0R00V in D:\PROJETFINDEC\Darkyden_project\SCHEMATIC\DARKYDEN\Power.SchDoc with ERJ-3GEY0R00V from SamacSys.SchLib
Replace Part R90 ERJ-3GEYJ104V in D:\PROJETFINDEC\Darkyden_project\SCHEMATIC\DARKYDEN\Power.SchDoc with ERJ-3GEYJ104V from SamacSys.SchLib
Replace Part R91 ERJ-3GEYJ154V in D:\PROJETFINDEC\Darkyden_project\SCHEMATIC\DARKYDEN\Power.SchDoc with ERJ-3GEYJ154V from SamacSys.SchLib
Replace Part R92 ERJ-3EKF2702V in D:\PROJETFINDEC\Darkyden_project\SCHEMATIC\DARKYDEN\Power.SchDoc with ERJ-3EKF2702V from ERJ-3EKF2702V.SchLib
