Replace Part C11 Capacitor_0805 in D:\PROJETFINDEC\Darkyden_project\SCHEMATIC\DARKYDEN\USBC_B.SchDoc with Capacitor_0805 from Capacitor_0805.SchLib
Replace Part C12 Capacitor_0805 in D:\PROJETFINDEC\Darkyden_project\SCHEMATIC\DARKYDEN\USBC_B.SchDoc with Capacitor_0805 from Capacitor_0805.SchLib
Replace Part C13 Capacitor_0805 in D:\PROJETFINDEC\Darkyden_project\SCHEMATIC\DARKYDEN\USBC_B.SchDoc with Capacitor_0805 from Capacitor_0805.SchLib
Replace Part C14 Capacitor_0805 in D:\PROJETFINDEC\Darkyden_project\SCHEMATIC\DARKYDEN\USBC_B.SchDoc with Capacitor_0805 from Capacitor_0805.SchLib
Replace Part C15 Capacitor_0805 in D:\PROJETFINDEC\Darkyden_project\SCHEMATIC\DARKYDEN\USBC_B.SchDoc with Capacitor_0805 from Capacitor_0805.SchLib
Replace Part C16 Capacitor_0805 in D:\PROJETFINDEC\Darkyden_project\SCHEMATIC\DARKYDEN\USBC_B.SchDoc with Capacitor_0805 from Capacitor_0805.SchLib
Replace Part C17 Capacitor_0805 in D:\PROJETFINDEC\Darkyden_project\SCHEMATIC\DARKYDEN\USBC_B.SchDoc with Capacitor_0805 from Capacitor_0805.SchLib
Replace Part C18 Capacitor_0805 in D:\PROJETFINDEC\Darkyden_project\SCHEMATIC\DARKYDEN\USBC_B.SchDoc with Capacitor_0805 from Capacitor_0805.SchLib
Replace Part C19 Capacitor_0805 in D:\PROJETFINDEC\Darkyden_project\SCHEMATIC\DARKYDEN\USBC_B.SchDoc with Capacitor_0805 from Capacitor_0805.SchLib
Replace Part C20 Capacitor_0805 in D:\PROJETFINDEC\Darkyden_project\SCHEMATIC\DARKYDEN\USBC_B.SchDoc with Capacitor_0805 from Capacitor_0805.SchLib
Replace Part J3 USBC in D:\PROJETFINDEC\Darkyden_project\SCHEMATIC\DARKYDEN\USBC_B.SchDoc with USBC from USBC.SchLib
Replace Part L2 ACM2012-900-2P-T002 in D:\PROJETFINDEC\Darkyden_project\SCHEMATIC\DARKYDEN\USBC_B.SchDoc with ACM2012-900-2P-T002 from ACM2012.SchLib
Replace Part R8 RG1608P-104-B-T5 in D:\PROJETFINDEC\Darkyden_project\SCHEMATIC\DARKYDEN\USBC_B.SchDoc with RG1608P-104-B-T5 from RES_SMD_0603.SchLib
Replace Part R9 RG1608P-104-B-T5 in D:\PROJETFINDEC\Darkyden_project\SCHEMATIC\DARKYDEN\USBC_B.SchDoc with RG1608P-104-B-T5 from RES_SMD_0603.SchLib
Replace Part R10 RG1608P-104-B-T5 in D:\PROJETFINDEC\Darkyden_project\SCHEMATIC\DARKYDEN\USBC_B.SchDoc with RG1608P-104-B-T5 from RES_SMD_0603.SchLib
Replace Part R11 RG1608P-104-B-T5 in D:\PROJETFINDEC\Darkyden_project\SCHEMATIC\DARKYDEN\USBC_B.SchDoc with RG1608P-104-B-T5 from RES_SMD_0603.SchLib
Replace Part R12 RG1608P-104-B-T5 in D:\PROJETFINDEC\Darkyden_project\SCHEMATIC\DARKYDEN\USBC_B.SchDoc with RG1608P-104-B-T5 from RES_SMD_0603.SchLib
Replace Part R13 RG1608P-104-B-T5 in D:\PROJETFINDEC\Darkyden_project\SCHEMATIC\DARKYDEN\USBC_B.SchDoc with RG1608P-104-B-T5 from RES_SMD_0603.SchLib
Replace Part U7 TVS2200DRVR in D:\PROJETFINDEC\Darkyden_project\SCHEMATIC\DARKYDEN\USBC_B.SchDoc with TVS2200DRVR from TVS2200.SchLib
Replace Part U8 SY6280AAC in D:\PROJETFINDEC\Darkyden_project\SCHEMATIC\DARKYDEN\USBC_B.SchDoc with SY6280AAC from SY6280AAC.SchLib
Replace Part U9 FUSB302BMPX in D:\PROJETFINDEC\Darkyden_project\SCHEMATIC\DARKYDEN\USBC_B.SchDoc with FUSB302BMPX from FUSB302BMPX.SchLib
Replace Part U10 TPD4E02B04DQAR in D:\PROJETFINDEC\Darkyden_project\SCHEMATIC\DARKYDEN\USBC_B.SchDoc with TPD4E02B04DQAR from TPD4E02B04DQAR.SchLib
Replace Part U11 TPD4E02B04DQAR in D:\PROJETFINDEC\Darkyden_project\SCHEMATIC\DARKYDEN\USBC_B.SchDoc with TPD4E02B04DQAR from TPD4E02B04DQAR.SchLib
Replace Part U12 TPD4E02B04DQAR in D:\PROJETFINDEC\Darkyden_project\SCHEMATIC\DARKYDEN\USBC_B.SchDoc with TPD4E02B04DQAR from TPD4E02B04DQAR.SchLib
