Replace Part C1 Capacitor_0805 in D:\PROJETFINDEC\Darkyden_project\SCHEMATIC\DARKYDEN\USBC.SchDoc with Capacitor_0805 from Capacitor_0805.SchLib
Replace Part C2 Capacitor_0805 in D:\PROJETFINDEC\Darkyden_project\SCHEMATIC\DARKYDEN\USBC.SchDoc with Capacitor_0805 from Capacitor_0805.SchLib
Replace Part C3 Capacitor_0805 in D:\PROJETFINDEC\Darkyden_project\SCHEMATIC\DARKYDEN\USBC.SchDoc with Capacitor_0805 from Capacitor_0805.SchLib
Replace Part C4 Capacitor_0805 in D:\PROJETFINDEC\Darkyden_project\SCHEMATIC\DARKYDEN\USBC.SchDoc with Capacitor_0805 from Capacitor_0805.SchLib
Replace Part C5 Capacitor_0805 in D:\PROJETFINDEC\Darkyden_project\SCHEMATIC\DARKYDEN\USBC.SchDoc with Capacitor_0805 from Capacitor_0805.SchLib
Replace Part C6 Capacitor_0805 in D:\PROJETFINDEC\Darkyden_project\SCHEMATIC\DARKYDEN\USBC.SchDoc with Capacitor_0805 from Capacitor_0805.SchLib
Replace Part C7 Capacitor_0805 in D:\PROJETFINDEC\Darkyden_project\SCHEMATIC\DARKYDEN\USBC.SchDoc with Capacitor_0805 from Capacitor_0805.SchLib
Replace Part C8 Capacitor_0805 in D:\PROJETFINDEC\Darkyden_project\SCHEMATIC\DARKYDEN\USBC.SchDoc with Capacitor_0805 from Capacitor_0805.SchLib
Replace Part C9 Capacitor_0805 in D:\PROJETFINDEC\Darkyden_project\SCHEMATIC\DARKYDEN\USBC.SchDoc with Capacitor_0805 from Capacitor_0805.SchLib
Replace Part C10 Capacitor_0805 in D:\PROJETFINDEC\Darkyden_project\SCHEMATIC\DARKYDEN\USBC.SchDoc with Capacitor_0805 from Capacitor_0805.SchLib
Replace Part J2 USBC in D:\PROJETFINDEC\Darkyden_project\SCHEMATIC\DARKYDEN\USBC.SchDoc with USBC from USBC.SchLib
Replace Part L1 ACM2012-900-2P-T002 in D:\PROJETFINDEC\Darkyden_project\SCHEMATIC\DARKYDEN\USBC.SchDoc with ACM2012-900-2P-T002 from ACM2012.SchLib
Replace Part R1 RG1608P-104-B-T5 in D:\PROJETFINDEC\Darkyden_project\SCHEMATIC\DARKYDEN\USBC.SchDoc with RG1608P-104-B-T5 from RES_SMD_0603.SchLib
Replace Part R2 RG1608P-104-B-T5 in D:\PROJETFINDEC\Darkyden_project\SCHEMATIC\DARKYDEN\USBC.SchDoc with RG1608P-104-B-T5 from RES_SMD_0603.SchLib
Replace Part R3 RG1608P-104-B-T5 in D:\PROJETFINDEC\Darkyden_project\SCHEMATIC\DARKYDEN\USBC.SchDoc with RG1608P-104-B-T5 from RES_SMD_0603.SchLib
Replace Part R4 RG1608P-104-B-T5 in D:\PROJETFINDEC\Darkyden_project\SCHEMATIC\DARKYDEN\USBC.SchDoc with RG1608P-104-B-T5 from RES_SMD_0603.SchLib
Replace Part R5 RG1608P-104-B-T5 in D:\PROJETFINDEC\Darkyden_project\SCHEMATIC\DARKYDEN\USBC.SchDoc with RG1608P-104-B-T5 from RES_SMD_0603.SchLib
Replace Part U1 TVS2200DRVR in D:\PROJETFINDEC\Darkyden_project\SCHEMATIC\DARKYDEN\USBC.SchDoc with TVS2200DRVR from TVS2200.SchLib
Replace Part U2 SY6280AAC in D:\PROJETFINDEC\Darkyden_project\SCHEMATIC\DARKYDEN\USBC.SchDoc with SY6280AAC from SY6280AAC.SchLib
Replace Part U3 FUSB302BMPX in D:\PROJETFINDEC\Darkyden_project\SCHEMATIC\DARKYDEN\USBC.SchDoc with FUSB302BMPX from FUSB302BMPX.SchLib
Replace Part U4 TPD4E02B04DQAR in D:\PROJETFINDEC\Darkyden_project\SCHEMATIC\DARKYDEN\USBC.SchDoc with TPD4E02B04DQAR from TPD4E02B04DQAR.SchLib
Replace Part U5 TPD4E02B04DQAR in D:\PROJETFINDEC\Darkyden_project\SCHEMATIC\DARKYDEN\USBC.SchDoc with TPD4E02B04DQAR from TPD4E02B04DQAR.SchLib
Replace Part U6 TPD4E02B04DQAR in D:\PROJETFINDEC\Darkyden_project\SCHEMATIC\DARKYDEN\USBC.SchDoc with TPD4E02B04DQAR from TPD4E02B04DQAR.SchLib
