Replace Part BT1 Header 1.25MM in D:\gitdoc\Darkyden_project\SCHEMATIC\DARKYDEN\BATTERY_GESTION.SchDoc with Header 1.25MM from SamacSys.SchLib
Replace Part BT2 Header 1.25MM in D:\gitdoc\Darkyden_project\SCHEMATIC\DARKYDEN\BATTERY_GESTION.SchDoc with Header 1.25MM from SamacSys.SchLib
Replace Part BT3 Header 1.25MM in D:\gitdoc\Darkyden_project\SCHEMATIC\DARKYDEN\BATTERY_GESTION.SchDoc with Header 1.25MM from SamacSys.SchLib
Replace Part BT4 Header 1.25MM in D:\gitdoc\Darkyden_project\SCHEMATIC\DARKYDEN\BATTERY_GESTION.SchDoc with Header 1.25MM from SamacSys.SchLib
Replace Part C25 Capacitor_0805 in D:\gitdoc\Darkyden_project\SCHEMATIC\DARKYDEN\BATTERY_GESTION.SchDoc with Capacitor_0805 from Capacitor_0805.SchLib
Replace Part C116 Capacitor_0805 in D:\gitdoc\Darkyden_project\SCHEMATIC\DARKYDEN\BATTERY_GESTION.SchDoc with Capacitor_0805 from Capacitor_0805.SchLib
Replace Part C117 Capacitor_0805 in D:\gitdoc\Darkyden_project\SCHEMATIC\DARKYDEN\BATTERY_GESTION.SchDoc with Capacitor_0805 from Capacitor_0805.SchLib
Replace Part C118 Capacitor_0805 in D:\gitdoc\Darkyden_project\SCHEMATIC\DARKYDEN\BATTERY_GESTION.SchDoc with Capacitor_0805 from Capacitor_0805.SchLib
Replace Part C119 Capacitor_0805 in D:\gitdoc\Darkyden_project\SCHEMATIC\DARKYDEN\BATTERY_GESTION.SchDoc with Capacitor_0805 from Capacitor_0805.SchLib
Replace Part C120 Capacitor_0805 in D:\gitdoc\Darkyden_project\SCHEMATIC\DARKYDEN\BATTERY_GESTION.SchDoc with Capacitor_0805 from Capacitor_0805.SchLib
Replace Part C121 Capacitor_0805 in D:\gitdoc\Darkyden_project\SCHEMATIC\DARKYDEN\BATTERY_GESTION.SchDoc with Capacitor_0805 from Capacitor_0805.SchLib
Replace Part C122 Capacitor_0805 in D:\gitdoc\Darkyden_project\SCHEMATIC\DARKYDEN\BATTERY_GESTION.SchDoc with Capacitor_0805 from Capacitor_0805.SchLib
Replace Part C123 Capacitor_0805 in D:\gitdoc\Darkyden_project\SCHEMATIC\DARKYDEN\BATTERY_GESTION.SchDoc with Capacitor_0805 from Capacitor_0805.SchLib
Replace Part C124 Capacitor_0805 in D:\gitdoc\Darkyden_project\SCHEMATIC\DARKYDEN\BATTERY_GESTION.SchDoc with Capacitor_0805 from Capacitor_0805.SchLib
Replace Part C125 Capacitor_0805 in D:\gitdoc\Darkyden_project\SCHEMATIC\DARKYDEN\BATTERY_GESTION.SchDoc with Capacitor_0805 from Capacitor_0805.SchLib
Replace Part C126 Capacitor_0805 in D:\gitdoc\Darkyden_project\SCHEMATIC\DARKYDEN\BATTERY_GESTION.SchDoc with Capacitor_0805 from Capacitor_0805.SchLib
Replace Part C127 Capacitor_0805 in D:\gitdoc\Darkyden_project\SCHEMATIC\DARKYDEN\BATTERY_GESTION.SchDoc with Capacitor_0805 from Capacitor_0805.SchLib
Replace Part C128 Capacitor_0805 in D:\gitdoc\Darkyden_project\SCHEMATIC\DARKYDEN\BATTERY_GESTION.SchDoc with Capacitor_0805 from Capacitor_0805.SchLib
Replace Part C129 Capacitor_0805 in D:\gitdoc\Darkyden_project\SCHEMATIC\DARKYDEN\BATTERY_GESTION.SchDoc with Capacitor_0805 from Capacitor_0805.SchLib
Replace Part C130 Capacitor_0805 in D:\gitdoc\Darkyden_project\SCHEMATIC\DARKYDEN\BATTERY_GESTION.SchDoc with Capacitor_0805 from Capacitor_0805.SchLib
Replace Part D4 BAS316_RRG in D:\gitdoc\Darkyden_project\SCHEMATIC\DARKYDEN\BATTERY_GESTION.SchDoc with BAS316_RRG from SamacSys.SchLib
Replace Part D5 SMBJ26A-13-F in D:\gitdoc\Darkyden_project\SCHEMATIC\DARKYDEN\BATTERY_GESTION.SchDoc with SMBJ26A-13-F from SamacSys.SchLib
Replace Part D6 MMSZ5248B-7-F in D:\gitdoc\Darkyden_project\SCHEMATIC\DARKYDEN\BATTERY_GESTION.SchDoc with MMSZ5248B-7-F from SamacSys.SchLib
Replace Part IC12 BQ7791501PWR in D:\gitdoc\Darkyden_project\SCHEMATIC\DARKYDEN\BATTERY_GESTION.SchDoc with BQ7791501PWR from SamacSys.SchLib
Replace Part IC13 LTC2943CDD#PBF in D:\gitdoc\Darkyden_project\SCHEMATIC\DARKYDEN\BATTERY_GESTION.SchDoc with LTC2943CDD#PBF from SamacSys.SchLib
Replace Part LED4 LED_Gr_SMD in D:\gitdoc\Darkyden_project\SCHEMATIC\DARKYDEN\BATTERY_GESTION.SchDoc with LED_Gr_SMD from texas_instrument_power.IntLib
Replace Part LED5 LED_Gr_SMD in D:\gitdoc\Darkyden_project\SCHEMATIC\DARKYDEN\BATTERY_GESTION.SchDoc with LED_Gr_SMD from texas_instrument_power.IntLib
Replace Part LED6 LED_Gr_SMD in D:\gitdoc\Darkyden_project\SCHEMATIC\DARKYDEN\BATTERY_GESTION.SchDoc with LED_Gr_SMD from texas_instrument_power.IntLib
Replace Part LED7 LED_Gr_SMD in D:\gitdoc\Darkyden_project\SCHEMATIC\DARKYDEN\BATTERY_GESTION.SchDoc with LED_Gr_SMD from texas_instrument_power.IntLib
Replace Part Q6 CSD18534Q5A in D:\gitdoc\Darkyden_project\SCHEMATIC\DARKYDEN\BATTERY_GESTION.SchDoc with CSD18534Q5A from SamacSys.SchLib
Replace Part Q7 CSD18534Q5A in D:\gitdoc\Darkyden_project\SCHEMATIC\DARKYDEN\BATTERY_GESTION.SchDoc with CSD18534Q5A from SamacSys.SchLib
Replace Part R107 RG1608P-104-B-T5 in D:\gitdoc\Darkyden_project\SCHEMATIC\DARKYDEN\BATTERY_GESTION.SchDoc with RG1608P-104-B-T5 from RES_SMD_0603.SchLib
Replace Part R118 RG1608P-104-B-T5 in D:\gitdoc\Darkyden_project\SCHEMATIC\DARKYDEN\BATTERY_GESTION.SchDoc with RG1608P-104-B-T5 from RES_SMD_0603.SchLib
Replace Part R119 RG1608P-104-B-T5 in D:\gitdoc\Darkyden_project\SCHEMATIC\DARKYDEN\BATTERY_GESTION.SchDoc with RG1608P-104-B-T5 from RES_SMD_0603.SchLib
Replace Part R120 RG1608P-104-B-T5 in D:\gitdoc\Darkyden_project\SCHEMATIC\DARKYDEN\BATTERY_GESTION.SchDoc with RG1608P-104-B-T5 from RES_SMD_0603.SchLib
Replace Part R121 MCS3264R010FER in D:\gitdoc\Darkyden_project\SCHEMATIC\DARKYDEN\BATTERY_GESTION.SchDoc with MCS3264R010FER from SamacSys.SchLib
Replace Part R122 RG1608P-104-B-T5 in D:\gitdoc\Darkyden_project\SCHEMATIC\DARKYDEN\BATTERY_GESTION.SchDoc with RG1608P-104-B-T5 from RES_SMD_0603.SchLib
Replace Part R123 RG1608P-104-B-T5 in D:\gitdoc\Darkyden_project\SCHEMATIC\DARKYDEN\BATTERY_GESTION.SchDoc with RG1608P-104-B-T5 from RES_SMD_0603.SchLib
Replace Part R124 RG1608P-104-B-T5 in D:\gitdoc\Darkyden_project\SCHEMATIC\DARKYDEN\BATTERY_GESTION.SchDoc with RG1608P-104-B-T5 from RES_SMD_0603.SchLib
Replace Part R125 RG1608P-104-B-T5 in D:\gitdoc\Darkyden_project\SCHEMATIC\DARKYDEN\BATTERY_GESTION.SchDoc with RG1608P-104-B-T5 from RES_SMD_0603.SchLib
Replace Part R126 RG1608P-104-B-T5 in D:\gitdoc\Darkyden_project\SCHEMATIC\DARKYDEN\BATTERY_GESTION.SchDoc with RG1608P-104-B-T5 from RES_SMD_0603.SchLib
Replace Part R127 RG1608P-104-B-T5 in D:\gitdoc\Darkyden_project\SCHEMATIC\DARKYDEN\BATTERY_GESTION.SchDoc with RG1608P-104-B-T5 from RES_SMD_0603.SchLib
Replace Part R128 RG1608P-104-B-T5 in D:\gitdoc\Darkyden_project\SCHEMATIC\DARKYDEN\BATTERY_GESTION.SchDoc with RG1608P-104-B-T5 from RES_SMD_0603.SchLib
Replace Part R129 RG1608P-104-B-T5 in D:\gitdoc\Darkyden_project\SCHEMATIC\DARKYDEN\BATTERY_GESTION.SchDoc with RG1608P-104-B-T5 from RES_SMD_0603.SchLib
Replace Part R130 RG1608P-104-B-T5 in D:\gitdoc\Darkyden_project\SCHEMATIC\DARKYDEN\BATTERY_GESTION.SchDoc with RG1608P-104-B-T5 from RES_SMD_0603.SchLib
Replace Part R131 RG1608P-104-B-T5 in D:\gitdoc\Darkyden_project\SCHEMATIC\DARKYDEN\BATTERY_GESTION.SchDoc with RG1608P-104-B-T5 from RES_SMD_0603.SchLib
Replace Part R132 RG1608P-104-B-T5 in D:\gitdoc\Darkyden_project\SCHEMATIC\DARKYDEN\BATTERY_GESTION.SchDoc with RG1608P-104-B-T5 from RES_SMD_0603.SchLib
Replace Part R133 RG1608P-104-B-T5 in D:\gitdoc\Darkyden_project\SCHEMATIC\DARKYDEN\BATTERY_GESTION.SchDoc with RG1608P-104-B-T5 from RES_SMD_0603.SchLib
Replace Part R134 RG1608P-104-B-T5 in D:\gitdoc\Darkyden_project\SCHEMATIC\DARKYDEN\BATTERY_GESTION.SchDoc with RG1608P-104-B-T5 from RES_SMD_0603.SchLib
Replace Part R135 RG1608P-104-B-T5 in D:\gitdoc\Darkyden_project\SCHEMATIC\DARKYDEN\BATTERY_GESTION.SchDoc with RG1608P-104-B-T5 from RES_SMD_0603.SchLib
Replace Part R136 RG1608P-104-B-T5 in D:\gitdoc\Darkyden_project\SCHEMATIC\DARKYDEN\BATTERY_GESTION.SchDoc with RG1608P-104-B-T5 from RES_SMD_0603.SchLib
Replace Part R137 RG1608P-104-B-T5 in D:\gitdoc\Darkyden_project\SCHEMATIC\DARKYDEN\BATTERY_GESTION.SchDoc with RG1608P-104-B-T5 from RES_SMD_0603.SchLib
Replace Part R138 Resistor 2010 in D:\gitdoc\Darkyden_project\SCHEMATIC\DARKYDEN\BATTERY_GESTION.SchDoc with Resistor 2010 from SamacSys.SchLib
Replace Part R139 RG1608P-104-B-T5 in D:\gitdoc\Darkyden_project\SCHEMATIC\DARKYDEN\BATTERY_GESTION.SchDoc with RG1608P-104-B-T5 from RES_SMD_0603.SchLib
Replace Part R140 RG1608P-104-B-T5 in D:\gitdoc\Darkyden_project\SCHEMATIC\DARKYDEN\BATTERY_GESTION.SchDoc with RG1608P-104-B-T5 from RES_SMD_0603.SchLib
Replace Part R141 RG1608P-104-B-T5 in D:\gitdoc\Darkyden_project\SCHEMATIC\DARKYDEN\BATTERY_GESTION.SchDoc with RG1608P-104-B-T5 from RES_SMD_0603.SchLib
Replace Part R142 RG1608P-104-B-T5 in D:\gitdoc\Darkyden_project\SCHEMATIC\DARKYDEN\BATTERY_GESTION.SchDoc with RG1608P-104-B-T5 from RES_SMD_0603.SchLib
Replace Part R143 RG1608P-104-B-T5 in D:\gitdoc\Darkyden_project\SCHEMATIC\DARKYDEN\BATTERY_GESTION.SchDoc with RG1608P-104-B-T5 from RES_SMD_0603.SchLib
Replace Part RT1 103AT-2 in D:\gitdoc\Darkyden_project\SCHEMATIC\DARKYDEN\BATTERY_GESTION.SchDoc with 103AT-2 from SamacSys.SchLib
Replace Part TP3 TEST_POINT1 in D:\gitdoc\Darkyden_project\SCHEMATIC\DARKYDEN\BATTERY_GESTION.SchDoc with TEST_POINT1 from texas_instrument_power.IntLib
