Replace Part C68 C0805C106K3PACTU in D:\PROJETFINDEC\Darkyden_project\SCHEMATIC\DARKYDEN\POWER_PCie.SchDoc with C0805C106K3PACTU from C0805C106K3PACTU.SchLib
Replace Part C69 C0805C106K3PACTU in D:\PROJETFINDEC\Darkyden_project\SCHEMATIC\DARKYDEN\POWER_PCie.SchDoc with C0805C106K3PACTU from C0805C106K3PACTU.SchLib
Replace Part C70 C0805C105K8RACTU in D:\PROJETFINDEC\Darkyden_project\SCHEMATIC\DARKYDEN\POWER_PCie.SchDoc with C0805C105K8RACTU from C0805C105K8RACTU.SchLib
Replace Part C71 C0805C104K3RACTU in D:\PROJETFINDEC\Darkyden_project\SCHEMATIC\DARKYDEN\POWER_PCie.SchDoc with C0805C104K3RACTU from C0805C104K3RACTU.SchLib
Replace Part C72 C0805C220J5RACTU in D:\PROJETFINDEC\Darkyden_project\SCHEMATIC\DARKYDEN\POWER_PCie.SchDoc with C0805C220J5RACTU from C0805C220J5RACTU.SchLib
Replace Part C73 C0805C106K3PACTU in D:\PROJETFINDEC\Darkyden_project\SCHEMATIC\DARKYDEN\POWER_PCie.SchDoc with C0805C106K3PACTU from C0805C106K3PACTU.SchLib
Replace Part C74 C0805C106K3PACTU in D:\PROJETFINDEC\Darkyden_project\SCHEMATIC\DARKYDEN\POWER_PCie.SchDoc with C0805C106K3PACTU from C0805C106K3PACTU.SchLib
Replace Part C75 C0805C106K3PACTU in D:\PROJETFINDEC\Darkyden_project\SCHEMATIC\DARKYDEN\POWER_PCie.SchDoc with C0805C106K3PACTU from C0805C106K3PACTU.SchLib
Replace Part C76 C0805C106K3PACTU in D:\PROJETFINDEC\Darkyden_project\SCHEMATIC\DARKYDEN\POWER_PCie.SchDoc with C0805C106K3PACTU from C0805C106K3PACTU.SchLib
Replace Part C77 C0805C106K3PACTU in D:\PROJETFINDEC\Darkyden_project\SCHEMATIC\DARKYDEN\POWER_PCie.SchDoc with C0805C106K3PACTU from C0805C106K3PACTU.SchLib
Replace Part C78 C0805C106K3PACTU in D:\PROJETFINDEC\Darkyden_project\SCHEMATIC\DARKYDEN\POWER_PCie.SchDoc with C0805C106K3PACTU from C0805C106K3PACTU.SchLib
Replace Part C79 C0805C105K8RACTU in D:\PROJETFINDEC\Darkyden_project\SCHEMATIC\DARKYDEN\POWER_PCie.SchDoc with C0805C105K8RACTU from C0805C105K8RACTU.SchLib
Replace Part C80 C0805C104K3RACTU in D:\PROJETFINDEC\Darkyden_project\SCHEMATIC\DARKYDEN\POWER_PCie.SchDoc with C0805C104K3RACTU from C0805C104K3RACTU.SchLib
Replace Part C81 C0805C220J5RACTU in D:\PROJETFINDEC\Darkyden_project\SCHEMATIC\DARKYDEN\POWER_PCie.SchDoc with C0805C220J5RACTU from C0805C220J5RACTU.SchLib
Replace Part C82 C0805C106K3PACTU in D:\PROJETFINDEC\Darkyden_project\SCHEMATIC\DARKYDEN\POWER_PCie.SchDoc with C0805C106K3PACTU from C0805C106K3PACTU.SchLib
Replace Part C83 C0805C106K3PACTU in D:\PROJETFINDEC\Darkyden_project\SCHEMATIC\DARKYDEN\POWER_PCie.SchDoc with C0805C106K3PACTU from C0805C106K3PACTU.SchLib
Replace Part C84 C0805C106K3PACTU in D:\PROJETFINDEC\Darkyden_project\SCHEMATIC\DARKYDEN\POWER_PCie.SchDoc with C0805C106K3PACTU from C0805C106K3PACTU.SchLib
Replace Part C85 C0805C106K3PACTU in D:\PROJETFINDEC\Darkyden_project\SCHEMATIC\DARKYDEN\POWER_PCie.SchDoc with C0805C106K3PACTU from C0805C106K3PACTU.SchLib
Replace Part IC8 TPS564201DDCR in D:\PROJETFINDEC\Darkyden_project\SCHEMATIC\DARKYDEN\POWER_PCie.SchDoc with TPS564201DDCR from SamacSys.SchLib
Replace Part IC9 TPS564201DDCR in D:\PROJETFINDEC\Darkyden_project\SCHEMATIC\DARKYDEN\POWER_PCie.SchDoc with TPS564201DDCR from SamacSys.SchLib
Replace Part L13 WPN4020H2R2MT in D:\PROJETFINDEC\Darkyden_project\SCHEMATIC\DARKYDEN\POWER_PCie.SchDoc with WPN4020H2R2MT from WPN4020H2R2MT.SchLib
Replace Part L14 WPN4020H2R2MT in D:\PROJETFINDEC\Darkyden_project\SCHEMATIC\DARKYDEN\POWER_PCie.SchDoc with WPN4020H2R2MT from WPN4020H2R2MT.SchLib
Replace Part R93 ERJ-3GEY0R00V in D:\PROJETFINDEC\Darkyden_project\SCHEMATIC\DARKYDEN\POWER_PCie.SchDoc with ERJ-3GEY0R00V from SamacSys.SchLib
Replace Part R94 ERJ-3GEY0R00V in D:\PROJETFINDEC\Darkyden_project\SCHEMATIC\DARKYDEN\POWER_PCie.SchDoc with ERJ-3GEY0R00V from SamacSys.SchLib
Replace Part R95 ERJ-3GEYJ103V in D:\PROJETFINDEC\Darkyden_project\SCHEMATIC\DARKYDEN\POWER_PCie.SchDoc with ERJ-3GEYJ103V from SamacSys.SchLib
Replace Part R96 ERJ-3GEYJ333V in D:\PROJETFINDEC\Darkyden_project\SCHEMATIC\DARKYDEN\POWER_PCie.SchDoc with ERJ-3GEYJ333V from SamacSys.SchLib
Replace Part R97 ERJ-3GEYJ103V in D:\PROJETFINDEC\Darkyden_project\SCHEMATIC\DARKYDEN\POWER_PCie.SchDoc with ERJ-3GEYJ103V from SamacSys.SchLib
Replace Part R98 ERJ-3GEY0R00V in D:\PROJETFINDEC\Darkyden_project\SCHEMATIC\DARKYDEN\POWER_PCie.SchDoc with ERJ-3GEY0R00V from SamacSys.SchLib
Replace Part R99 ERJ-3GEY0R00V in D:\PROJETFINDEC\Darkyden_project\SCHEMATIC\DARKYDEN\POWER_PCie.SchDoc with ERJ-3GEY0R00V from SamacSys.SchLib
Replace Part R100 ERJ-3GEYJ103V in D:\PROJETFINDEC\Darkyden_project\SCHEMATIC\DARKYDEN\POWER_PCie.SchDoc with ERJ-3GEYJ103V from SamacSys.SchLib
Replace Part R101 ERJ-3GEYJ333V in D:\PROJETFINDEC\Darkyden_project\SCHEMATIC\DARKYDEN\POWER_PCie.SchDoc with ERJ-3GEYJ333V from SamacSys.SchLib
Replace Part R102 ERJ-3GEYJ103V in D:\PROJETFINDEC\Darkyden_project\SCHEMATIC\DARKYDEN\POWER_PCie.SchDoc with ERJ-3GEYJ103V from SamacSys.SchLib
