Replace Part C47 Capacitor_0805 in D:\gitdoc\Darkyden_project\SCHEMATIC\DARKYDEN\Power.SchDoc with Capacitor_0805 from Capacitor_0805.SchLib
Replace Part C48 Capacitor_0805 in D:\gitdoc\Darkyden_project\SCHEMATIC\DARKYDEN\Power.SchDoc with Capacitor_0805 from Capacitor_0805.SchLib
Replace Part C49 Capacitor_0805 in D:\gitdoc\Darkyden_project\SCHEMATIC\DARKYDEN\Power.SchDoc with Capacitor_0805 from Capacitor_0805.SchLib
Replace Part C50 Capacitor_0805 in D:\gitdoc\Darkyden_project\SCHEMATIC\DARKYDEN\Power.SchDoc with Capacitor_0805 from Capacitor_0805.SchLib
Replace Part C51 Capacitor_0805 in D:\gitdoc\Darkyden_project\SCHEMATIC\DARKYDEN\Power.SchDoc with Capacitor_0805 from Capacitor_0805.SchLib
Replace Part C52 Capacitor_0805 in D:\gitdoc\Darkyden_project\SCHEMATIC\DARKYDEN\Power.SchDoc with Capacitor_0805 from Capacitor_0805.SchLib
Replace Part C53 Capacitor_0805 in D:\gitdoc\Darkyden_project\SCHEMATIC\DARKYDEN\Power.SchDoc with Capacitor_0805 from Capacitor_0805.SchLib
Replace Part C54 Capacitor_0805 in D:\gitdoc\Darkyden_project\SCHEMATIC\DARKYDEN\Power.SchDoc with Capacitor_0805 from Capacitor_0805.SchLib
Replace Part C55 Capacitor_0805 in D:\gitdoc\Darkyden_project\SCHEMATIC\DARKYDEN\Power.SchDoc with Capacitor_0805 from Capacitor_0805.SchLib
Replace Part C56 Capacitor_0805 in D:\gitdoc\Darkyden_project\SCHEMATIC\DARKYDEN\Power.SchDoc with Capacitor_0805 from Capacitor_0805.SchLib
Replace Part C57 Capacitor_0805 in D:\gitdoc\Darkyden_project\SCHEMATIC\DARKYDEN\Power.SchDoc with Capacitor_0805 from Capacitor_0805.SchLib
Replace Part C58 Capacitor_0805 in D:\gitdoc\Darkyden_project\SCHEMATIC\DARKYDEN\Power.SchDoc with Capacitor_0805 from Capacitor_0805.SchLib
Replace Part C59 Capacitor_0805 in D:\gitdoc\Darkyden_project\SCHEMATIC\DARKYDEN\Power.SchDoc with Capacitor_0805 from Capacitor_0805.SchLib
Replace Part C60 Capacitor_0805 in D:\gitdoc\Darkyden_project\SCHEMATIC\DARKYDEN\Power.SchDoc with Capacitor_0805 from Capacitor_0805.SchLib
Replace Part C61 Capacitor_0805 in D:\gitdoc\Darkyden_project\SCHEMATIC\DARKYDEN\Power.SchDoc with Capacitor_0805 from Capacitor_0805.SchLib
Replace Part C62 Capacitor_0805 in D:\gitdoc\Darkyden_project\SCHEMATIC\DARKYDEN\Power.SchDoc with Capacitor_0805 from Capacitor_0805.SchLib
Replace Part C63 Capacitor_0805 in D:\gitdoc\Darkyden_project\SCHEMATIC\DARKYDEN\Power.SchDoc with Capacitor_0805 from Capacitor_0805.SchLib
Replace Part C64 Capacitor_0805 in D:\gitdoc\Darkyden_project\SCHEMATIC\DARKYDEN\Power.SchDoc with Capacitor_0805 from Capacitor_0805.SchLib
Replace Part C65 Capacitor_0805 in D:\gitdoc\Darkyden_project\SCHEMATIC\DARKYDEN\Power.SchDoc with Capacitor_0805 from Capacitor_0805.SchLib
Replace Part C66 Capacitor_0805 in D:\gitdoc\Darkyden_project\SCHEMATIC\DARKYDEN\Power.SchDoc with Capacitor_0805 from Capacitor_0805.SchLib
Replace Part C67 Capacitor_0805 in D:\gitdoc\Darkyden_project\SCHEMATIC\DARKYDEN\Power.SchDoc with Capacitor_0805 from Capacitor_0805.SchLib
Replace Part IC5 TPS564201DDCR in D:\gitdoc\Darkyden_project\SCHEMATIC\DARKYDEN\Power.SchDoc with TPS564201DDCR from SamacSys.SchLib
Replace Part IC6 TPS564201DDCR in D:\gitdoc\Darkyden_project\SCHEMATIC\DARKYDEN\Power.SchDoc with TPS564201DDCR from SamacSys.SchLib
Replace Part IC7 RT9193-18GB in D:\gitdoc\Darkyden_project\SCHEMATIC\DARKYDEN\Power.SchDoc with RT9193-18GB from SamacSys.SchLib
Replace Part IC10 TPS564201DDCR in D:\gitdoc\Darkyden_project\SCHEMATIC\DARKYDEN\Power.SchDoc with TPS564201DDCR from SamacSys.SchLib
Replace Part IC11 RT9193-18GB in D:\gitdoc\Darkyden_project\SCHEMATIC\DARKYDEN\Power.SchDoc with RT9193-18GB from SamacSys.SchLib
Replace Part L12 WPN4020H2R2MT in D:\gitdoc\Darkyden_project\SCHEMATIC\DARKYDEN\Power.SchDoc with WPN4020H2R2MT from WPN4020H2R2MT.SchLib
Replace Part LED2 BLUE in D:\gitdoc\Darkyden_project\SCHEMATIC\DARKYDEN\Power.SchDoc with BLUE from 0603_LED.SchLib
Replace Part R79 RG1608P-104-B-T5 in D:\gitdoc\Darkyden_project\SCHEMATIC\DARKYDEN\Power.SchDoc with RG1608P-104-B-T5 from RES_SMD_0603.SchLib
Replace Part R80 RG1608P-104-B-T5 in D:\gitdoc\Darkyden_project\SCHEMATIC\DARKYDEN\Power.SchDoc with RG1608P-104-B-T5 from RES_SMD_0603.SchLib
Replace Part R81 RG1608P-104-B-T5 in D:\gitdoc\Darkyden_project\SCHEMATIC\DARKYDEN\Power.SchDoc with RG1608P-104-B-T5 from RES_SMD_0603.SchLib
Replace Part R82 RG1608P-104-B-T5 in D:\gitdoc\Darkyden_project\SCHEMATIC\DARKYDEN\Power.SchDoc with RG1608P-104-B-T5 from RES_SMD_0603.SchLib
Replace Part R83 RG1608P-104-B-T5 in D:\gitdoc\Darkyden_project\SCHEMATIC\DARKYDEN\Power.SchDoc with RG1608P-104-B-T5 from RES_SMD_0603.SchLib
Replace Part R84 RG1608P-104-B-T5 in D:\gitdoc\Darkyden_project\SCHEMATIC\DARKYDEN\Power.SchDoc with RG1608P-104-B-T5 from RES_SMD_0603.SchLib
Replace Part R85 RG1608P-104-B-T5 in D:\gitdoc\Darkyden_project\SCHEMATIC\DARKYDEN\Power.SchDoc with RG1608P-104-B-T5 from RES_SMD_0603.SchLib
Replace Part R86 RG1608P-104-B-T5 in D:\gitdoc\Darkyden_project\SCHEMATIC\DARKYDEN\Power.SchDoc with RG1608P-104-B-T5 from RES_SMD_0603.SchLib
Replace Part R87 RG1608P-104-B-T5 in D:\gitdoc\Darkyden_project\SCHEMATIC\DARKYDEN\Power.SchDoc with RG1608P-104-B-T5 from RES_SMD_0603.SchLib
Replace Part R88 RG1608P-104-B-T5 in D:\gitdoc\Darkyden_project\SCHEMATIC\DARKYDEN\Power.SchDoc with RG1608P-104-B-T5 from RES_SMD_0603.SchLib
Replace Part R89 RG1608P-104-B-T5 in D:\gitdoc\Darkyden_project\SCHEMATIC\DARKYDEN\Power.SchDoc with RG1608P-104-B-T5 from RES_SMD_0603.SchLib
Replace Part R90 RG1608P-104-B-T5 in D:\gitdoc\Darkyden_project\SCHEMATIC\DARKYDEN\Power.SchDoc with RG1608P-104-B-T5 from RES_SMD_0603.SchLib
Replace Part R91 RG1608P-104-B-T5 in D:\gitdoc\Darkyden_project\SCHEMATIC\DARKYDEN\Power.SchDoc with RG1608P-104-B-T5 from RES_SMD_0603.SchLib
Replace Part R92 RG1608P-104-B-T5 in D:\gitdoc\Darkyden_project\SCHEMATIC\DARKYDEN\Power.SchDoc with RG1608P-104-B-T5 from RES_SMD_0603.SchLib
