Replace Part BR1 BGX50AE6327HTSA1 in D:\PROJETFINDEC\Darkyden_project\SCHEMATIC\DARKYDEN\USB2_0.SchDoc with BGX50AE6327HTSA1 from SamacSys.SchLib
Replace Part BR2 BGX50AE6327HTSA1 in D:\PROJETFINDEC\Darkyden_project\SCHEMATIC\DARKYDEN\USB2_0.SchDoc with BGX50AE6327HTSA1 from SamacSys.SchLib
Replace Part BR3 BGX50AE6327HTSA1 in D:\PROJETFINDEC\Darkyden_project\SCHEMATIC\DARKYDEN\USB2_0.SchDoc with BGX50AE6327HTSA1 from SamacSys.SchLib
Replace Part BR4 BGX50AE6327HTSA1 in D:\PROJETFINDEC\Darkyden_project\SCHEMATIC\DARKYDEN\USB2_0.SchDoc with BGX50AE6327HTSA1 from SamacSys.SchLib
Replace Part BR5 BGX50AE6327HTSA1 in D:\PROJETFINDEC\Darkyden_project\SCHEMATIC\DARKYDEN\USB2_0.SchDoc with BGX50AE6327HTSA1 from SamacSys.SchLib
Replace Part C154 C0805C105K4RACTU in D:\PROJETFINDEC\Darkyden_project\SCHEMATIC\DARKYDEN\USB2_0.SchDoc with C0805C105K4RACTU from SamacSys.SchLib
Replace Part C155 C0805C102K5RACTU in D:\PROJETFINDEC\Darkyden_project\SCHEMATIC\DARKYDEN\USB2_0.SchDoc with C0805C102K5RACTU from SamacSys.SchLib
Replace Part C156 C0805C104K9RACTU in D:\PROJETFINDEC\Darkyden_project\SCHEMATIC\DARKYDEN\USB2_0.SchDoc with C0805C104K9RACTU from SamacSys.SchLib
Replace Part C157 C0805C475K9RACTU in D:\PROJETFINDEC\Darkyden_project\SCHEMATIC\DARKYDEN\USB2_0.SchDoc with C0805C475K9RACTU from SamacSys.SchLib
Replace Part C158 C0805C104K9RACTU in D:\PROJETFINDEC\Darkyden_project\SCHEMATIC\DARKYDEN\USB2_0.SchDoc with C0805C104K9RACTU from SamacSys.SchLib
Replace Part C159 C0805C104K9RACTU in D:\PROJETFINDEC\Darkyden_project\SCHEMATIC\DARKYDEN\USB2_0.SchDoc with C0805C104K9RACTU from SamacSys.SchLib
Replace Part C160 C0805C104K9RACTU in D:\PROJETFINDEC\Darkyden_project\SCHEMATIC\DARKYDEN\USB2_0.SchDoc with C0805C104K9RACTU from SamacSys.SchLib
Replace Part C161 C0805C180K5RACTU in D:\PROJETFINDEC\Darkyden_project\SCHEMATIC\DARKYDEN\USB2_0.SchDoc with C0805C180K5RACTU from SamacSys.SchLib
Replace Part C162 C0805C104K9RACTU in D:\PROJETFINDEC\Darkyden_project\SCHEMATIC\DARKYDEN\USB2_0.SchDoc with C0805C104K9RACTU from SamacSys.SchLib
Replace Part C163 C0805C104K9RACTU in D:\PROJETFINDEC\Darkyden_project\SCHEMATIC\DARKYDEN\USB2_0.SchDoc with C0805C104K9RACTU from SamacSys.SchLib
Replace Part C164 C0805C104K9RACTU in D:\PROJETFINDEC\Darkyden_project\SCHEMATIC\DARKYDEN\USB2_0.SchDoc with C0805C104K9RACTU from SamacSys.SchLib
Replace Part C165 C0805C104K9RACTU in D:\PROJETFINDEC\Darkyden_project\SCHEMATIC\DARKYDEN\USB2_0.SchDoc with C0805C104K9RACTU from SamacSys.SchLib
Replace Part C166 C0805C104K9RACTU in D:\PROJETFINDEC\Darkyden_project\SCHEMATIC\DARKYDEN\USB2_0.SchDoc with C0805C104K9RACTU from SamacSys.SchLib
Replace Part C167 C0805C180K5RACTU in D:\PROJETFINDEC\Darkyden_project\SCHEMATIC\DARKYDEN\USB2_0.SchDoc with C0805C180K5RACTU from SamacSys.SchLib
Replace Part IC17 USB2514B-AEZG in D:\PROJETFINDEC\Darkyden_project\SCHEMATIC\DARKYDEN\USB2_0.SchDoc with USB2514B-AEZG from SamacSys.SchLib
Replace Part IC18 MIC2505-1YM in D:\PROJETFINDEC\Darkyden_project\SCHEMATIC\DARKYDEN\USB2_0.SchDoc with MIC2505-1YM from SamacSys.SchLib
Replace Part IC19 MIC2026-1YM in D:\PROJETFINDEC\Darkyden_project\SCHEMATIC\DARKYDEN\USB2_0.SchDoc with MIC2026-1YM from SamacSys.SchLib
Replace Part IC20 MIC2026-1YM in D:\PROJETFINDEC\Darkyden_project\SCHEMATIC\DARKYDEN\USB2_0.SchDoc with MIC2026-1YM from SamacSys.SchLib
Replace Part L19 ACM2012-900-2P-T002 in D:\PROJETFINDEC\Darkyden_project\SCHEMATIC\DARKYDEN\USB2_0.SchDoc with ACM2012-900-2P-T002 from SamacSys.SchLib
Replace Part L20 ACM2012-900-2P-T002 in D:\PROJETFINDEC\Darkyden_project\SCHEMATIC\DARKYDEN\USB2_0.SchDoc with ACM2012-900-2P-T002 from SamacSys.SchLib
Replace Part L21 ACM2012-900-2P-T002 in D:\PROJETFINDEC\Darkyden_project\SCHEMATIC\DARKYDEN\USB2_0.SchDoc with ACM2012-900-2P-T002 from SamacSys.SchLib
Replace Part L22 ACM2012-900-2P-T002 in D:\PROJETFINDEC\Darkyden_project\SCHEMATIC\DARKYDEN\USB2_0.SchDoc with ACM2012-900-2P-T002 from SamacSys.SchLib
Replace Part L23 ACM2012-900-2P-T002 in D:\PROJETFINDEC\Darkyden_project\SCHEMATIC\DARKYDEN\USB2_0.SchDoc with ACM2012-900-2P-T002 from SamacSys.SchLib
Replace Part LED8 GREEN in D:\PROJETFINDEC\Darkyden_project\SCHEMATIC\DARKYDEN\USB2_0.SchDoc with GREEN from 0603_LED.SchLib
Replace Part R159 ERJ-3GEY0R00V in D:\PROJETFINDEC\Darkyden_project\SCHEMATIC\DARKYDEN\USB2_0.SchDoc with ERJ-3GEY0R00V from SamacSys.SchLib
Replace Part R160 ERJ-3GEYJ104V in D:\PROJETFINDEC\Darkyden_project\SCHEMATIC\DARKYDEN\USB2_0.SchDoc with ERJ-3GEYJ104V from SamacSys.SchLib
Replace Part R161 ERJ-3EKF1001V in D:\PROJETFINDEC\Darkyden_project\SCHEMATIC\DARKYDEN\USB2_0.SchDoc with ERJ-3EKF1001V from SamacSys.SchLib
Replace Part R162 ERJ-3GEY0R00V in D:\PROJETFINDEC\Darkyden_project\SCHEMATIC\DARKYDEN\USB2_0.SchDoc with ERJ-3GEY0R00V from SamacSys.SchLib
Replace Part R163 ERJ-3GEYJ104V in D:\PROJETFINDEC\Darkyden_project\SCHEMATIC\DARKYDEN\USB2_0.SchDoc with ERJ-3GEYJ104V from SamacSys.SchLib
Replace Part R164 ERJ-3GEYJ103V in D:\PROJETFINDEC\Darkyden_project\SCHEMATIC\DARKYDEN\USB2_0.SchDoc with ERJ-3GEYJ103V from SamacSys.SchLib
Replace Part R165 ERJ-3EKF1001V in D:\PROJETFINDEC\Darkyden_project\SCHEMATIC\DARKYDEN\USB2_0.SchDoc with ERJ-3EKF1001V from SamacSys.SchLib
Replace Part R166 ERJ-3GEYJ104V in D:\PROJETFINDEC\Darkyden_project\SCHEMATIC\DARKYDEN\USB2_0.SchDoc with ERJ-3GEYJ104V from SamacSys.SchLib
Replace Part R167 ERJ-3GEYJ104V in D:\PROJETFINDEC\Darkyden_project\SCHEMATIC\DARKYDEN\USB2_0.SchDoc with ERJ-3GEYJ104V from SamacSys.SchLib
Replace Part R168 ERJ-3EKF1202V in D:\PROJETFINDEC\Darkyden_project\SCHEMATIC\DARKYDEN\USB2_0.SchDoc with ERJ-3EKF1202V from SamacSys.SchLib
Replace Part R169 ERJ-3GEYJ104V in D:\PROJETFINDEC\Darkyden_project\SCHEMATIC\DARKYDEN\USB2_0.SchDoc with ERJ-3GEYJ104V from SamacSys.SchLib
Replace Part R170 ERJ-3GEYJ104V in D:\PROJETFINDEC\Darkyden_project\SCHEMATIC\DARKYDEN\USB2_0.SchDoc with ERJ-3GEYJ104V from SamacSys.SchLib
Replace Part R171 ERJ-3GEYJ104V in D:\PROJETFINDEC\Darkyden_project\SCHEMATIC\DARKYDEN\USB2_0.SchDoc with ERJ-3GEYJ104V from SamacSys.SchLib
Replace Part R172 ERJ-3GEYJ105V in D:\PROJETFINDEC\Darkyden_project\SCHEMATIC\DARKYDEN\USB2_0.SchDoc with ERJ-3GEYJ105V from SamacSys.SchLib
Replace Part Y2 HCM4924000000ABJT in D:\PROJETFINDEC\Darkyden_project\SCHEMATIC\DARKYDEN\USB2_0.SchDoc with HCM4924000000ABJT from SamacSys.SchLib
